PRT1
75
178
4 0 2 (1664 1024 960 ) (1024 1024 960 ) (1024 1024 -256 ) (1664 1024 -256 ) 
4 0 1 (1024 1024 -256 ) (1024 1024 960 ) (1024 1664 960 ) (1024 1664 -256 ) 
4 1 16 (0 1024 -256 ) (0 1024 960 ) (0 1664 960 ) (0 1664 -256 ) 
4 1 8 (180 1024 -64 ) (0 1024 -64 ) (0 1024 -256 ) (180 1024 -256 ) 
4 1 7 (880.357056 1024 -64 ) (180 1024 -64 ) (180 1024 -256 ) (880.357056 1024 -256 ) 
4 1 6 (1024 1024 -256 ) (1024 1024 -64 ) (880.357056 1024 -64 ) (880.357056 1024 -256 ) 
4 1 5 (881 1024 0 ) (0 1024 0 ) (0 1024 -64 ) (881 1024 -64 ) 
4 1 4 (1024 1024 -64 ) (1024 1024 0 ) (881 1024 0 ) (881 1024 -64 ) 
4 1 3 (1024 1024 0 ) (1024 1024 960 ) (0 1024 960 ) (0 1024 0 ) 
4 2 37 (1664 0 -256 ) (1664 0 960 ) (1024 0 960 ) (1024 0 -256 ) 
4 2 10 (1024 538.864014 -256 ) (1024 0 -256 ) (1024 0 -64 ) (1024 538.864014 -64 ) 
4 2 6 (1024 1024 -64 ) (1024 1024 -256 ) (1024 538.864014 -256 ) (1024 538.864014 -64 ) 
4 2 4 (1024 1024 0 ) (1024 1024 -64 ) (1024 0 -64 ) (1024 0 0 ) 
4 2 3 (1024 1024 960 ) (1024 1024 0 ) (1024 0 0 ) (1024 0 960 ) 
4 3 38 (1024 0 0 ) (1024 0 960 ) (0 0 960 ) (0 0 0 ) 
4 3 17 (0 0 0 ) (0 0 960 ) (0 1024 960 ) (0 1024 0 ) 
4 3 5 (0 795 0 ) (0 1024 0 ) (881 1024 0 ) (881 795 0 ) 
4 3 4 (1024 0 0 ) (881 0 0 ) (881 1024 0 ) (1024 1024 0 ) 
4 4 39 (1024 0 -64 ) (1024 0 0 ) (881 0 0 ) (881 0 -64 ) 
4 4 10 (1024 538.864014 -64 ) (1024 0 -64 ) (881 0 -64 ) (881 538.864014 -64 ) 
4 4 6 (1024 1024 -64 ) (1024 538.864014 -64 ) (881 538.864014 -64 ) (881 1024 -64 ) 
4 4 5 (881 1024 -64 ) (881 795 -64 ) (881 795 0 ) (881 1024 0 ) 
4 5 18 (0 795 0 ) (0 1024 0 ) (0 1024 -64 ) (0 795 -64 ) 
4 5 8 (0 795 -64 ) (0 1024 -64 ) (180 1024 -64 ) (180 795 -64 ) 
4 5 7 (180 1024 -64 ) (880.357056 1024 -64 ) (880.357056 795 -64 ) (180 795 -64 ) 
4 5 6 (880.357056 1024 -64 ) (881 1024 -64 ) (881 795 -64 ) (880.357056 795 -64 ) 
4 6 10 (880.357056 538.864014 -256 ) (1024 538.864014 -256 ) (1024 538.864014 -64 ) (880.357056 538.864014 -64 ) 
4 6 7 (880.357056 1024 -256 ) (880.357056 794.864014 -256 ) (880.357056 794.864014 -64 ) (880.357056 1024 -64 ) 
4 7 8 (180 1024 -256 ) (180 794.864014 -256 ) (180 794.864014 -64 ) (180 1024 -64 ) 
4 8 20 (0 794.864014 -64 ) (0 1024 -64 ) (0 1024 -256 ) (0 794.864014 -256 ) 
4 9 24 (0 538.864014 -64 ) (0 570.864014 -64 ) (0 570.864014 -256 ) (0 538.864014 -256 ) 
4 9 22 (0 570.864014 -64 ) (0 762.864014 -64 ) (0 762.864014 -256 ) (0 570.864014 -256 ) 
4 9 13 (0 538.864014 -256 ) (180 538.864014 -256 ) (180 538.864014 -64 ) (0 538.864014 -64 ) 
4 10 40 (1024 0 -256 ) (1024 0 -64 ) (880.357056 0 -64 ) (880.357056 0 -256 ) 
4 11 41 (816.357056 0 -64 ) (305 0 -64 ) (305 0 -256 ) (816.357056 0 -256 ) 
4 11 14 (305 338 -256 ) (305 183 -256 ) (305 183 -64 ) (305 338 -64 ) 
4 11 12 (305 538.864014 -64 ) (305 538.864014 -256 ) (305 338 -256 ) (305 338 -64 ) 
4 12 14 (304.356995 338 -256 ) (305 338 -256 ) (305 338 -64 ) (304.356995 338 -64 ) 
4 13 27 (0 338 -64 ) (0 538.864014 -64 ) (0 538.864014 -256 ) (0 338 -256 ) 
4 13 15 (0 338 -256 ) (240.356995 338 -256 ) (240.356995 338 -64 ) (0 338 -64 ) 
4 14 15 (241 338 -64 ) (241 338 -256 ) (241 183 -256 ) (241 183 -64 ) 
4 15 43 (241 0 -64 ) (0 0 -64 ) (0 0 -256 ) (241 0 -256 ) 
4 15 27 (0 0 -256 ) (0 0 -64 ) (0 338 -64 ) (0 338 -256 ) 
4 16 29 (-1024 1024 -256 ) (-1024 1024 960 ) (-1024 1664 960 ) (-1024 1664 -256 ) 
4 16 20 (0 1024 -256 ) (0 1024 -64 ) (-620 1024 -64 ) (-620 1024 -256 ) 
4 16 21 (-620 1024 -64 ) (-1024 1024 -64 ) (-1024 1024 -256 ) (-620 1024 -256 ) 
4 16 18 (0 1024 -64 ) (0 1024 0 ) (-620 1024 0 ) (-620 1024 -64 ) 
4 16 19 (-620 1024 0 ) (-1024 1024 0 ) (-1024 1024 -64 ) (-620 1024 -64 ) 
4 16 17 (0 1024 0 ) (0 1024 960 ) (-1024 1024 960 ) (-1024 1024 0 ) 
4 17 58 (0 0 0 ) (0 0 960 ) (-1024 0 960 ) (-1024 0 0 ) 
4 17 33 (-1024 0 0 ) (-1024 0 960 ) (-1024 1024 960 ) (-1024 1024 0 ) 
4 17 18 (0 1024 0 ) (0 795 0 ) (-620 795 0 ) (-620 1024 0 ) 
4 17 19 (-620 0 0 ) (-1024 0 0 ) (-1024 1024 0 ) (-620 1024 0 ) 
4 18 20 (-620 795 -64 ) (-620 1024 -64 ) (0 1024 -64 ) (0 795 -64 ) 
4 18 19 (-620 1024 -64 ) (-620 795 -64 ) (-620 795 0 ) (-620 1024 0 ) 
4 19 59 (-620 0 0 ) (-1024 0 0 ) (-1024 0 -64 ) (-620 0 -64 ) 
4 19 33 (-1024 0 -64 ) (-1024 0 0 ) (-1024 1024 0 ) (-1024 1024 -64 ) 
4 19 28 (-620 0 -64 ) (-1024 0 -64 ) (-1024 538.864014 -64 ) (-620 538.864014 -64 ) 
4 19 26 (-1024 538.864014 -64 ) (-1024 570.864014 -64 ) (-620 570.864014 -64 ) (-620 538.864014 -64 ) 
4 19 23 (-1024 570.864014 -64 ) (-1024 762.864014 -64 ) (-620 762.864014 -64 ) (-620 570.864014 -64 ) 
4 19 21 (-1024 762.864014 -64 ) (-1024 1024 -64 ) (-620 1024 -64 ) (-620 762.864014 -64 ) 
4 20 21 (-620 1024 -256 ) (-620 794.864014 -256 ) (-620 794.864014 -64 ) (-620 1024 -64 ) 
4 21 33 (-1024 762.864014 -64 ) (-1024 1024 -64 ) (-1024 1024 -256 ) (-1024 762.864014 -256 ) 
4 21 23 (-1024 762.864014 -256 ) (-620 762.864014 -256 ) (-620 762.864014 -64 ) (-1024 762.864014 -64 ) 
4 22 24 (-22 570.864014 -256 ) (0 570.864014 -256 ) (0 570.864014 -64 ) (-22 570.864014 -64 ) 
4 22 25 (-492 570.864014 -256 ) (-364 570.864014 -256 ) (-364 570.864014 -64 ) (-492 570.864014 -64 ) 
4 23 33 (-1024 570.864014 -64 ) (-1024 762.864014 -64 ) (-1024 762.864014 -256 ) (-1024 570.864014 -256 ) 
4 23 26 (-1024 570.864014 -256 ) (-620 570.864014 -256 ) (-620 570.864014 -64 ) (-1024 570.864014 -64 ) 
4 24 27 (-22 538.864014 -256 ) (0 538.864014 -256 ) (0 538.864014 -64 ) (-22 538.864014 -64 ) 
4 25 28 (-492 538.864014 -256 ) (-364 538.864014 -256 ) (-364 538.864014 -64 ) (-492 538.864014 -64 ) 
4 26 33 (-1024 538.864014 -64 ) (-1024 570.864014 -64 ) (-1024 570.864014 -256 ) (-1024 538.864014 -256 ) 
4 26 28 (-1024 538.864014 -256 ) (-620 538.864014 -256 ) (-620 538.864014 -64 ) (-1024 538.864014 -64 ) 
4 27 60 (0 0 -256 ) (0 0 -64 ) (-22 0 -64 ) (-22 0 -256 ) 
4 28 62 (-54 0 -64 ) (-1024 0 -64 ) (-1024 0 -256 ) (-54 0 -256 ) 
4 28 33 (-1024 0 -256 ) (-1024 0 -64 ) (-1024 538.864014 -64 ) (-1024 538.864014 -256 ) 
4 29 33 (-1024 1024 -256 ) (-1024 1024 960 ) (-1400 1024 960 ) (-1400 1024 -256 ) 
4 29 31 (-1400 1664 -256 ) (-1400 1576 -256 ) (-1400 1448 -192 ) (-1400 1664 -192 ) 
4 29 30 (-1400 1024 -192 ) (-1400 1024 960 ) (-1400 1664 960 ) (-1400 1664 -192 ) 
4 30 34 (-1400 1024 960 ) (-1592 1024 960 ) (-1592 1024 -192 ) (-1400 1024 -192 ) 
4 30 31 (-1592 1448 -192 ) (-1592 1664 -192 ) (-1400 1664 -192 ) (-1400 1448 -192 ) 
4 30 32 (-1592 1024 -192 ) (-1592 1024 960 ) (-1592 1664 960 ) (-1592 1664 -192 ) 
4 31 32 (-1592 1664 -256 ) (-1592 1576 -256 ) (-1592 1448 -192 ) (-1592 1664 -192 ) 
4 32 36 (-1592 1024 960 ) (-1664 1024 960 ) (-1664 1024 -256 ) (-1592 1024 -256 ) 
4 33 68 (-1024 0 -256 ) (-1024 0 960 ) (-1400 0 960 ) (-1400 0 -256 ) 
4 33 35 (-1400 552 -256 ) (-1400 0 -256 ) (-1400 0 -192 ) (-1400 680 -192 ) 
4 33 34 (-1400 0 -192 ) (-1400 0 960 ) (-1400 1024 960 ) (-1400 1024 -192 ) 
4 34 68 (-1400 0 960 ) (-1592 0 960 ) (-1592 0 -192 ) (-1400 0 -192 ) 
4 34 35 (-1592 0 -192 ) (-1592 680 -192 ) (-1400 680 -192 ) (-1400 0 -192 ) 
4 34 36 (-1592 0 -192 ) (-1592 0 960 ) (-1592 1024 960 ) (-1592 1024 -192 ) 
4 35 68 (-1592 0 -192 ) (-1592 0 -256 ) (-1400 0 -256 ) (-1400 0 -192 ) 
4 35 36 (-1592 552 -256 ) (-1592 0 -256 ) (-1592 0 -192 ) (-1592 680 -192 ) 
4 36 68 (-1592 0 960 ) (-1664 0 960 ) (-1664 0 -256 ) (-1592 0 -256 ) 
4 37 48 (1664 -1024 -256 ) (1664 -1024 960 ) (1024 -1024 960 ) (1024 -1024 -256 ) 
4 37 46 (1024 -1024 -256 ) (1024 -1024 -64 ) (1024 -773.135986 -64 ) (1024 -773.135986 -256 ) 
4 37 40 (1024 -773.135986 -64 ) (1024 0 -64 ) (1024 0 -256 ) (1024 -773.135986 -256 ) 
4 37 39 (1024 -1024 -64 ) (1024 -1024 0 ) (1024 0 0 ) (1024 0 -64 ) 
4 37 38 (1024 -1024 0 ) (1024 -1024 960 ) (1024 0 960 ) (1024 0 0 ) 
4 38 58 (0 0 960 ) (0 0 0 ) (0 -1024 0 ) (0 -1024 960 ) 
4 38 49 (1024 -1024 0 ) (1024 -1024 960 ) (0 -1024 960 ) (0 -1024 0 ) 
4 38 39 (1024 -1024 0 ) (881 -1024 0 ) (881 0 0 ) (1024 0 0 ) 
4 39 50 (1024 -1024 -64 ) (1024 -1024 0 ) (881 -1024 0 ) (881 -1024 -64 ) 
4 39 46 (1024 -773.135986 -64 ) (1024 -1024 -64 ) (881 -1024 -64 ) (881 -773.135986 -64 ) 
4 39 40 (881 0 -64 ) (1024 0 -64 ) (1024 -773.135986 -64 ) (881 -773.135986 -64 ) 
4 40 46 (880.357056 -773.135986 -256 ) (1024 -773.135986 -256 ) (1024 -773.135986 -64 ) (880.357056 -773.135986 -64 ) 
4 41 44 (305 -574 -256 ) (305 -773.135986 -256 ) (305 -773.135986 -64 ) (305 -574 -64 ) 
4 41 42 (305 -419 -256 ) (305 -574 -256 ) (305 -574 -64 ) (305 -419 -64 ) 
4 42 44 (304.356995 -574 -256 ) (305 -574 -256 ) (305 -574 -64 ) (304.356995 -574 -64 ) 
4 42 43 (241 -419 -256 ) (241 -574 -256 ) (241 -574 -64 ) (241 -419 -64 ) 
4 43 60 (0 0 -64 ) (0 0 -256 ) (0 -574 -256 ) (0 -574 -64 ) 
4 43 45 (0 -574 -256 ) (240.356995 -574 -256 ) (240.356995 -574 -64 ) (0 -574 -64 ) 
4 45 60 (0 -574 -256 ) (0 -773.135986 -256 ) (0 -773.135986 -64 ) (0 -574 -64 ) 
4 45 47 (0 -773.135986 -256 ) (180 -773.135986 -256 ) (180 -773.135986 -64 ) (0 -773.135986 -64 ) 
4 46 52 (1024 -1024 -256 ) (1024 -1024 -64 ) (880.357056 -1024 -64 ) (880.357056 -1024 -256 ) 
4 47 63 (0 -805.135986 -256 ) (0 -837.135986 -256 ) (0 -837.135986 -64 ) (0 -805.135986 -64 ) 
4 47 65 (0 -837.135986 -256 ) (0 -997.135986 -256 ) (0 -997.135986 -64 ) (0 -837.135986 -64 ) 
4 47 60 (0 -773.135986 -256 ) (0 -805.135986 -256 ) (0 -805.135986 -64 ) (0 -773.135986 -64 ) 
4 48 57 (1024 -1472 -256 ) (1024 -1664 -256 ) (1024 -1664 0 ) (1024 -1472 0 ) 
4 48 53 (1024 -1029.140015 -256 ) (1024 -1472 -256 ) (1024 -1472 0 ) (1024 -1029.140015 0 ) 
4 48 52 (1024 -1024 -64 ) (1024 -1024 -256 ) (1024 -1029.140015 -256 ) (1024 -1029.140015 -64 ) 
4 48 50 (1024 -1024 0 ) (1024 -1024 -64 ) (1024 -1029.140015 -64 ) (1024 -1029.140015 0 ) 
4 48 49 (1024 -1024 960 ) (1024 -1024 0 ) (1024 -1664 0 ) (1024 -1664 960 ) 
4 49 69 (0 -1024 960 ) (0 -1024 0 ) (0 -1664 0 ) (0 -1664 960 ) 
4 49 57 (0 -1664 0 ) (0 -1472 0 ) (1024 -1472 0 ) (1024 -1664 0 ) 
4 49 55 (768 -1344 0 ) (768 -1472 0 ) (640 -1472 0 ) (640 -1344 0 ) 
4 49 54 (640 -1029.140015 0 ) (768 -1029.140015 0 ) (768 -1344 0 ) (640 -1344 0 ) 
4 49 53 (768 -1029.140015 0 ) (1024 -1029.140015 0 ) (1024 -1472 0 ) (768 -1472 0 ) 
4 49 56 (0 -1472 0 ) (0 -1029.140015 0 ) (640 -1029.140015 0 ) (640 -1472 0 ) 
4 49 50 (881 -1024 0 ) (1024 -1024 0 ) (1024 -1029.140015 0 ) (881 -1029.140015 0 ) 
4 50 53 (1024 -1029.140015 -64 ) (1024 -1029.140015 0 ) (881 -1029.140015 0 ) (881 -1029.140015 -64 ) 
4 50 52 (1024 -1029.140015 -64 ) (881 -1029.140015 -64 ) (881 -1024 -64 ) (1024 -1024 -64 ) 
4 51 54 (768 -1029.140015 0 ) (640 -1029.140015 0 ) (640 -1029.140015 -64 ) (768 -1029.140015 -64 ) 
4 51 53 (881 -1029.140015 0 ) (768 -1029.140015 0 ) (768 -1029.140015 -64 ) (881 -1029.140015 -64 ) 
4 51 56 (640 -1029.140015 0 ) (0 -1029.140015 0 ) (0 -1029.140015 -64 ) (640 -1029.140015 -64 ) 
4 52 53 (880.357056 -1029.140015 -256 ) (1024 -1029.140015 -256 ) (1024 -1029.140015 -64 ) (880.357056 -1029.140015 -64 ) 
4 53 57 (768 -1472 -256 ) (1024 -1472 -256 ) (1024 -1472 0 ) (768 -1472 0 ) 
4 53 55 (768 -1472 -248 ) (768 -1472 0 ) (768 -1344 0 ) (768 -1344 -248 ) 
4 53 54 (768 -1029.140015 0 ) (768 -1029.140015 -256 ) (768 -1344 -256 ) (768 -1344 0 ) 
4 54 55 (640 -1344 0 ) (640 -1344 -248 ) (768 -1344 -248 ) (768 -1344 0 ) 
4 54 56 (640 -1029.140015 0 ) (640 -1029.140015 -256 ) (640 -1344 -256 ) (640 -1344 0 ) 
4 55 57 (768 -1472 -248 ) (768 -1472 0 ) (640 -1472 0 ) (640 -1472 -248 ) 
4 55 56 (640 -1472 -248 ) (640 -1472 0 ) (640 -1344 0 ) (640 -1344 -248 ) 
4 56 73 (0 -1029.140015 -64 ) (0 -1029.140015 -256 ) (0 -1472 -256 ) (0 -1472 -64 ) 
4 56 71 (0 -1472 0 ) (0 -1029.140015 0 ) (0 -1029.140015 -64 ) (0 -1472 -64 ) 
4 56 57 (0 -1472 -256 ) (640 -1472 -256 ) (640 -1472 0 ) (0 -1472 0 ) 
4 57 73 (0 -1472 -64 ) (0 -1472 -256 ) (0 -1664 -256 ) (0 -1664 -64 ) 
4 57 71 (0 -1664 0 ) (0 -1472 0 ) (0 -1472 -64 ) (0 -1664 -64 ) 
4 58 69 (0 -1024 0 ) (0 -1024 960 ) (-1024 -1024 960 ) (-1024 -1024 0 ) 
4 58 68 (-1024 0 960 ) (-1024 0 0 ) (-1024 -1024 0 ) (-1024 -1024 960 ) 
4 58 59 (-1024 -1024 0 ) (-1024 0 0 ) (-620 0 0 ) (-620 -1024 0 ) 
4 59 70 (-620 -1024 0 ) (-1024 -1024 0 ) (-1024 -1024 -64 ) (-620 -1024 -64 ) 
4 59 68 (-1024 0 0 ) (-1024 0 -64 ) (-1024 -1024 -64 ) (-1024 -1024 0 ) 
4 59 67 (-620 -1024 -64 ) (-1024 -1024 -64 ) (-1024 -997.135986 -64 ) (-620 -997.135986 -64 ) 
4 59 66 (-1024 -997.135986 -64 ) (-1024 -805.135986 -64 ) (-620 -805.135986 -64 ) (-620 -997.135986 -64 ) 
4 59 62 (-1024 -805.135986 -64 ) (-1024 0 -64 ) (-620 0 -64 ) (-620 -805.135986 -64 ) 
4 60 63 (-22 -805.135986 -256 ) (0 -805.135986 -256 ) (0 -805.135986 -64 ) (-22 -805.135986 -64 ) 
4 60 61 (-22 -37 -256 ) (-22 -229 -256 ) (-22 -229 -64 ) (-22 -37 -64 ) 
4 61 62 (-54 -37 -256 ) (-54 -229 -256 ) (-54 -229 -64 ) (-54 -37 -64 ) 
4 62 68 (-1024 0 -64 ) (-1024 0 -256 ) (-1024 -805.135986 -256 ) (-1024 -805.135986 -64 ) 
4 62 66 (-1024 -805.135986 -256 ) (-620 -805.135986 -256 ) (-620 -805.135986 -64 ) (-1024 -805.135986 -64 ) 
4 62 64 (-492 -805.135986 -256 ) (-364 -805.135986 -256 ) (-364 -805.135986 -64 ) (-492 -805.135986 -64 ) 
4 63 65 (-22 -837.135986 -256 ) (0 -837.135986 -256 ) (0 -837.135986 -64 ) (-22 -837.135986 -64 ) 
4 64 65 (-492 -837.135986 -256 ) (-364 -837.135986 -256 ) (-364 -837.135986 -64 ) (-492 -837.135986 -64 ) 
4 66 68 (-1024 -805.135986 -256 ) (-1024 -997.135986 -256 ) (-1024 -997.135986 -64 ) (-1024 -805.135986 -64 ) 
4 66 67 (-1024 -997.135986 -256 ) (-620 -997.135986 -256 ) (-620 -997.135986 -64 ) (-1024 -997.135986 -64 ) 
4 67 72 (-620 -1024 -64 ) (-1024 -1024 -64 ) (-1024 -1024 -256 ) (-620 -1024 -256 ) 
4 67 68 (-1024 -997.135986 -256 ) (-1024 -1024 -256 ) (-1024 -1024 -64 ) (-1024 -997.135986 -64 ) 
4 68 74 (-1024 -1024 -256 ) (-1024 -1024 960 ) (-1664 -1024 960 ) (-1664 -1024 -256 ) 
4 69 74 (-1024 -1024 960 ) (-1024 -1024 0 ) (-1024 -1664 0 ) (-1024 -1664 960 ) 
4 69 71 (-1024 -1664 0 ) (-1024 -1029 0 ) (0 -1029 0 ) (0 -1664 0 ) 
4 69 70 (-1024 -1029 0 ) (-1024 -1024 0 ) (-620 -1024 0 ) (-620 -1029 0 ) 
4 70 74 (-1024 -1024 0 ) (-1024 -1024 -64 ) (-1024 -1029 -64 ) (-1024 -1029 0 ) 
4 70 72 (-1024 -1029 -64 ) (-1024 -1024 -64 ) (-620 -1024 -64 ) (-620 -1029 -64 ) 
4 70 71 (-1024 -1029 -64 ) (-620 -1029 -64 ) (-620 -1029 0 ) (-1024 -1029 0 ) 
4 71 74 (-1024 -1029 -64 ) (-1024 -1664 -64 ) (-1024 -1664 0 ) (-1024 -1029 0 ) 
4 71 73 (-1024 -1664 -64 ) (-1024 -1029 -64 ) (0 -1029 -64 ) (0 -1664 -64 ) 
4 72 74 (-1024 -1024 -64 ) (-1024 -1024 -256 ) (-1024 -1029.140015 -256 ) (-1024 -1029.140015 -64 ) 
4 72 73 (-1024 -1029.140015 -256 ) (-620 -1029.140015 -256 ) (-620 -1029.140015 -64 ) (-1024 -1029.140015 -64 ) 
4 73 74 (-1024 -1029.140015 -256 ) (-1024 -1664 -256 ) (-1024 -1664 -64 ) (-1024 -1029.140015 -64 ) 
