PRT1
212
537
4 0 3 (3072 3072 64 ) (3072 3072 1728 ) (3072 4032 1728 ) (3072 4032 64 ) 
4 0 1 (3072 3072 1728 ) (3072 3072 64 ) (4032 3072 64 ) (4032 3072 1728 ) 
4 1 6 (3072 2048 64 ) (3072 2048 1728 ) (3072 3072 1728 ) (3072 3072 64 ) 
4 1 2 (3072 2048 1728 ) (3072 2048 64 ) (4032 2048 64 ) (4032 2048 1728 ) 
4 2 15 (3072 1024 256 ) (3072 1024 64 ) (4032 1024 64 ) (4032 1024 256 ) 
4 2 12 (4032 1024 1728 ) (3072 1024 1728 ) (3072 1024 256 ) (4032 1024 256 ) 
4 2 7 (3072 1024 64 ) (3072 1024 1728 ) (3072 2048 1728 ) (3072 2048 64 ) 
4 3 6 (3072 3072 64 ) (3072 3072 1728 ) (2048 3072 1728 ) (2048 3072 64 ) 
4 3 4 (2048 4032 64 ) (2048 3072 64 ) (2048 3072 1728 ) (2048 4032 1728 ) 
4 4 8 (2048 3072 64 ) (2048 3072 1728 ) (1024 3072 1728 ) (1024 3072 64 ) 
4 4 5 (1024 3072 64 ) (1024 3072 1728 ) (1024 4032 1728 ) (1024 4032 64 ) 
4 5 98 (0 3072 64 ) (0 3072 1728 ) (0 4032 1728 ) (0 4032 64 ) 
4 5 9 (0 3072 1728 ) (0 3072 64 ) (1024 3072 64 ) (1024 3072 1728 ) 
4 6 8 (2048 3072 1728 ) (2048 3072 64 ) (2048 2048 64 ) (2048 2048 1728 ) 
4 6 7 (3072 2048 64 ) (3072 2048 1728 ) (2048 2048 1728 ) (2048 2048 64 ) 
4 7 34 (2848 1024 256 ) (2304 1024 256 ) (2304 1024 64 ) (2848 1024 64 ) 
4 7 33 (3072 1024 64 ) (3072 1024 256 ) (2848 1024 256 ) (2848 1024 64 ) 
4 7 38 (2304 1024 256 ) (2048 1024 256 ) (2048 1024 64 ) (2304 1024 64 ) 
4 7 29 (3072 1024 256 ) (3072 1024 1728 ) (2304 1024 1728 ) (2304 1024 256 ) 
4 7 32 (2304 1024 1728 ) (2048 1024 1728 ) (2048 1024 256 ) (2304 1024 256 ) 
4 7 10 (2048 1024 64 ) (2048 1024 1728 ) (2048 2048 1728 ) (2048 2048 64 ) 
4 8 10 (2048 2048 64 ) (2048 2048 1728 ) (1024 2048 1728 ) (1024 2048 64 ) 
4 8 9 (1024 3072 1728 ) (1024 3072 64 ) (1024 2048 64 ) (1024 2048 1728 ) 
4 9 111 (0 2048 64 ) (0 2048 1728 ) (0 3072 1728 ) (0 3072 64 ) 
4 9 11 (0 2048 1728 ) (0 2048 64 ) (1024 2048 64 ) (1024 2048 1728 ) 
4 10 47 (2048 1024 64 ) (2048 1024 72 ) (1024 1024 72 ) (1024 1024 64 ) 
4 10 46 (2048 1024 72 ) (2048 1024 1728 ) (1024 1024 1728 ) (1024 1024 72 ) 
4 10 11 (1024 2048 1728 ) (1024 2048 64 ) (1024 1024 64 ) (1024 1024 1728 ) 
4 11 112 (0 1024 64 ) (0 1024 1728 ) (0 2048 1728 ) (0 2048 64 ) 
4 11 51 (384 1024 72 ) (256 1024 72 ) (256 1024 64 ) (384 1024 64 ) 
4 11 50 (1024 1024 64 ) (1024 1024 72 ) (384 1024 72 ) (384 1024 64 ) 
4 11 52 (256 1024 72 ) (0 1024 72 ) (0 1024 64 ) (256 1024 64 ) 
4 11 49 (1024 1024 72 ) (1024 1024 1728 ) (0 1024 1728 ) (0 1024 72 ) 
4 12 29 (3072 1017 1728 ) (3072 1024 1728 ) (3072 1024 256 ) (3072 1017 256 ) 
4 12 15 (3072 1017 256 ) (3072 1024 256 ) (4032 1024 256 ) (4032 1017 256 ) 
4 12 13 (4032 1017 1377 ) (4032 1017 1728 ) (3072 1017 1728 ) (3072 1017 1377 ) 
4 12 14 (3072 1017 256 ) (4032 1017 256 ) (4032 1017 1313 ) (3072 1017 1313 ) 
4 13 30 (3072 0 1377 ) (3072 0 1728 ) (3072 1017 1728 ) (3072 1017 1377 ) 
4 13 20 (3072 0 1728 ) (3072 0 1377 ) (4032 0 1377 ) (4032 0 1728 ) 
4 14 31 (3072 0 256 ) (3072 0 1313 ) (3072 1017 1313 ) (3072 1017 256 ) 
4 14 21 (3072 0 1313 ) (3072 0 256 ) (4032 0 256 ) (4032 0 1313 ) 
4 14 19 (3072 320 256 ) (3072 672 256 ) (3200 672 256 ) (3200 320 256 ) 
4 14 17 (3456 128 256 ) (3456 0 256 ) (3392 0 256 ) (3392 128 256 ) 
4 14 16 (3456 672 256 ) (3968 672 256 ) (3968 0 256 ) (3456 0 256 ) 
4 14 18 (3200 672 256 ) (3392 672 256 ) (3392 0 256 ) (3200 0 256 ) 
4 14 15 (3072 928 256 ) (3072 1017 256 ) (4032 1017 256 ) (4032 928 256 ) 
4 15 33 (3072 928 256 ) (3072 1024 256 ) (3072 1024 64 ) (3072 928 64 ) 
4 16 23 (3456 0 64 ) (3968 0 64 ) (3968 0 256 ) (3456 0 256 ) 
4 16 17 (3456 128 64 ) (3456 0 64 ) (3456 0 256 ) (3456 128 256 ) 
4 17 24 (3392 0 64 ) (3456 0 64 ) (3456 0 256 ) (3392 0 256 ) 
4 17 18 (3392 128 64 ) (3392 0 64 ) (3392 0 256 ) (3392 128 256 ) 
4 18 25 (3200 0 64 ) (3392 0 64 ) (3392 0 256 ) (3200 0 256 ) 
4 18 19 (3200 672 256 ) (3200 672 64 ) (3200 320 64 ) (3200 320 256 ) 
4 19 39 (3072 320 256 ) (3072 672 256 ) (3072 672 64 ) (3072 320 64 ) 
4 20 55 (3072 -807 1728 ) (3072 0 1728 ) (3072 0 1377 ) (3072 -807 1377 ) 
4 20 22 (4032 -807 1377 ) (4032 -807 1728 ) (3072 -807 1728 ) (3072 -807 1377 ) 
4 21 56 (3072 0 1313 ) (3072 0 256 ) (3072 -807 256 ) (3072 -807 1313 ) 
4 21 26 (3200 -640 256 ) (3072 -640 256 ) (3072 -320 256 ) (3200 -320 256 ) 
4 21 24 (3392 -128 256 ) (3392 0 256 ) (3456 0 256 ) (3456 -128 256 ) 
4 21 23 (3968 -640 256 ) (3456 -640 256 ) (3456 0 256 ) (3968 0 256 ) 
4 21 25 (3392 -640 256 ) (3200 -640 256 ) (3200 0 256 ) (3392 0 256 ) 
4 21 22 (3072 -807 256 ) (4032 -807 256 ) (4032 -807 1313 ) (3072 -807 1313 ) 
4 22 57 (3072 -1024 256 ) (3072 -1024 1728 ) (3072 -807 1728 ) (3072 -807 256 ) 
4 22 28 (3072 -1024 1728 ) (3072 -1024 256 ) (4032 -1024 256 ) (4032 -1024 1728 ) 
4 22 27 (4032 -896 256 ) (4032 -1024 256 ) (3072 -1024 256 ) (3072 -896 256 ) 
4 23 24 (3456 0 64 ) (3456 -128 64 ) (3456 -128 256 ) (3456 0 256 ) 
4 24 25 (3392 0 64 ) (3392 -128 64 ) (3392 -128 256 ) (3392 0 256 ) 
4 25 26 (3200 -320 64 ) (3200 -640 64 ) (3200 -640 256 ) (3200 -320 256 ) 
4 26 63 (3072 -640 256 ) (3072 -320 256 ) (3072 -320 64 ) (3072 -640 64 ) 
4 27 66 (3072 -1024 64 ) (3072 -1024 256 ) (3072 -896 256 ) (3072 -896 64 ) 
4 27 28 (3072 -1024 256 ) (3072 -1024 64 ) (4032 -1024 64 ) (4032 -1024 256 ) 
4 28 88 (4032 -2048 1728 ) (3072 -2048 1728 ) (3072 -2048 64 ) (4032 -2048 64 ) 
4 28 73 (3072 -2048 64 ) (3072 -2048 1728 ) (3072 -1024 1728 ) (3072 -1024 64 ) 
4 29 34 (2304 1024 256 ) (2848 1024 256 ) (2848 1017 256 ) (2304 1017 256 ) 
4 29 33 (2848 1024 256 ) (3072 1024 256 ) (3072 1017 256 ) (2848 1017 256 ) 
4 29 30 (2304 1017 1728 ) (2304 1017 1377 ) (3072 1017 1377 ) (3072 1017 1728 ) 
4 29 31 (2304 1017 1313 ) (2304 1017 256 ) (3072 1017 256 ) (3072 1017 1313 ) 
4 29 32 (2304 1024 256 ) (2304 1017 256 ) (2304 1017 1728 ) (2304 1024 1728 ) 
4 30 55 (3072 0 1377 ) (3072 0 1728 ) (2304 0 1728 ) (2304 0 1377 ) 
4 30 32 (2304 0 1377 ) (2304 0 1728 ) (2304 1017 1728 ) (2304 1017 1377 ) 
4 31 56 (3072 0 256 ) (3072 0 1313 ) (2304 0 1313 ) (2304 0 256 ) 
4 31 43 (2656 0 256 ) (2304 0 256 ) (2304 320 256 ) (2656 320 256 ) 
4 31 42 (2656 128 256 ) (2656 320 256 ) (2688 320 256 ) (2688 128 256 ) 
4 31 41 (2944 0 256 ) (2688 0 256 ) (2688 320 256 ) (2944 320 256 ) 
4 31 39 (3072 672 256 ) (3072 320 256 ) (2688 320 256 ) (2688 672 256 ) 
4 31 40 (2656 320 256 ) (2304 320 256 ) (2304 672 256 ) (2656 672 256 ) 
4 31 37 (2560 672 256 ) (2432 672 256 ) (2432 704 256 ) (2560 704 256 ) 
4 31 36 (2848 672 256 ) (2688 672 256 ) (2688 704 256 ) (2848 704 256 ) 
4 31 35 (2848 704 256 ) (2336 704 256 ) (2336 896 256 ) (2848 896 256 ) 
4 31 34 (2304 928 256 ) (2304 1017 256 ) (2848 1017 256 ) (2848 928 256 ) 
4 31 33 (3072 1017 256 ) (3072 928 256 ) (2848 928 256 ) (2848 1017 256 ) 
4 31 32 (2304 1017 256 ) (2304 0 256 ) (2304 0 1313 ) (2304 1017 1313 ) 
4 32 58 (2304 0 1728 ) (2048 0 1728 ) (2048 0 256 ) (2304 0 256 ) 
4 32 46 (2048 0 256 ) (2048 0 1728 ) (2048 1024 1728 ) (2048 1024 256 ) 
4 32 45 (2048 0 256 ) (2048 192 256 ) (2174 192 256 ) (2174 0 256 ) 
4 32 44 (2048 192 256 ) (2048 320 256 ) (2174 320 256 ) (2174 192 256 ) 
4 32 43 (2174 320 256 ) (2304 320 256 ) (2304 0 256 ) (2174 0 256 ) 
4 32 40 (2048 320 256 ) (2048 672 256 ) (2304 672 256 ) (2304 320 256 ) 
4 32 38 (2048 672 256 ) (2048 1024 256 ) (2304 1024 256 ) (2304 672 256 ) 
4 33 34 (2848 1024 64 ) (2848 928 64 ) (2848 928 256 ) (2848 1024 256 ) 
4 34 38 (2304 1024 64 ) (2304 928 64 ) (2304 928 256 ) (2304 1024 256 ) 
4 35 37 (2432 704 64 ) (2560 704 64 ) (2560 704 256 ) (2432 704 256 ) 
4 35 36 (2688 704 64 ) (2848 704 64 ) (2848 704 256 ) (2688 704 256 ) 
4 36 39 (2688 672 64 ) (2848 672 64 ) (2848 672 256 ) (2688 672 256 ) 
4 37 40 (2432 672 64 ) (2560 672 64 ) (2560 672 256 ) (2432 672 256 ) 
4 38 47 (2048 1024 72 ) (2048 1024 64 ) (2048 672 64 ) (2048 672 72 ) 
4 38 46 (2048 672 256 ) (2048 1024 256 ) (2048 1024 72 ) (2048 672 72 ) 
4 38 40 (2048 672 64 ) (2304 672 64 ) (2304 672 256 ) (2048 672 256 ) 
4 39 41 (2688 320 64 ) (2944 320 64 ) (2944 320 256 ) (2688 320 256 ) 
4 40 47 (2048 672 72 ) (2048 672 64 ) (2048 320 64 ) (2048 320 72 ) 
4 40 46 (2048 320 256 ) (2048 672 256 ) (2048 672 72 ) (2048 320 72 ) 
4 40 44 (2048 320 64 ) (2174 320 64 ) (2174 320 256 ) (2048 320 256 ) 
4 40 43 (2174 320 64 ) (2656 320 64 ) (2656 320 256 ) (2174 320 256 ) 
4 41 59 (2944 0 256 ) (2688 0 256 ) (2688 0 64 ) (2944 0 64 ) 
4 41 42 (2688 320 256 ) (2688 320 64 ) (2688 128 64 ) (2688 128 256 ) 
4 42 43 (2656 320 256 ) (2656 320 64 ) (2656 128 64 ) (2656 128 256 ) 
4 43 61 (2656 0 256 ) (2174 0 256 ) (2174 0 64 ) (2656 0 64 ) 
4 43 45 (2174 0 72 ) (2174 0 256 ) (2174 192 256 ) (2174 192 72 ) 
4 43 44 (2174 320 256 ) (2174 320 64 ) (2174 192 64 ) (2174 192 256 ) 
4 44 47 (2048 320 72 ) (2048 320 64 ) (2048 192 64 ) (2048 192 72 ) 
4 44 46 (2048 192 256 ) (2048 320 256 ) (2048 320 72 ) (2048 192 72 ) 
4 44 45 (2174 192 72 ) (2174 192 256 ) (2048 192 256 ) (2048 192 72 ) 
4 45 62 (2174 0 256 ) (2048 0 256 ) (2048 0 72 ) (2174 0 72 ) 
4 45 46 (2048 0 72 ) (2048 0 256 ) (2048 192 256 ) (2048 192 72 ) 
4 46 74 (2048 0 72 ) (2048 0 1728 ) (1024 0 1728 ) (1024 0 72 ) 
4 46 49 (1024 1024 1728 ) (1024 1024 72 ) (1024 0 72 ) (1024 0 1728 ) 
4 46 48 (1024 0 72 ) (1024 192 72 ) (1406 192 72 ) (1406 0 72 ) 
4 46 47 (1024 192 72 ) (1024 1024 72 ) (2048 1024 72 ) (2048 192 72 ) 
4 47 50 (1024 1024 72 ) (1024 1024 64 ) (1024 192 64 ) (1024 192 72 ) 
4 47 48 (1024 192 64 ) (1406 192 64 ) (1406 192 72 ) (1024 192 72 ) 
4 48 77 (1406 0 72 ) (1024 0 72 ) (1024 0 64 ) (1406 0 64 ) 
4 48 53 (1024 160 64 ) (1024 0 64 ) (1024 0 72 ) (1024 160 72 ) 
4 48 50 (1024 192 64 ) (1024 160 64 ) (1024 160 72 ) (1024 192 72 ) 
4 49 175 (0 0 72 ) (0 0 1728 ) (0 1024 1728 ) (0 1024 72 ) 
4 49 79 (0 0 1728 ) (0 0 72 ) (1024 0 72 ) (1024 0 1728 ) 
4 49 54 (256.010010 0 72 ) (0 0 72 ) (0 160 72 ) (256.010010 160 72 ) 
4 49 53 (1024 0 72 ) (896 0 72 ) (896 160 72 ) (1024 160 72 ) 
4 49 51 (256 1024 72 ) (384 1024 72 ) (384 544 72 ) (256 544 72 ) 
4 49 50 (384 1024 72 ) (1024 1024 72 ) (1024 160 72 ) (384 160 72 ) 
4 49 52 (0 160 72 ) (0 1024 72 ) (256 1024 72 ) (256 160 72 ) 
4 50 53 (896 160 64 ) (1024 160 64 ) (1024 160 72 ) (896 160 72 ) 
4 50 51 (384 1024 64 ) (384 544 64 ) (384 544 72 ) (384 1024 72 ) 
4 51 52 (256 1024 64 ) (256 544 64 ) (256 544 72 ) (256 1024 72 ) 
4 52 175 (0 160 72 ) (0 1024 72 ) (0 1024 64 ) (0 160 64 ) 
4 52 54 (0 160 64 ) (256 160 64 ) (256 160 72 ) (0 160 72 ) 
4 53 80 (896 0 64 ) (1024 0 64 ) (1024 0 72 ) (896 0 72 ) 
4 54 175 (0 0 64 ) (0 0 72 ) (0 160 72 ) (0 160 64 ) 
4 54 83 (0 0 72 ) (0 0 64 ) (256.010010 0 64 ) (256.010010 0 72 ) 
4 55 58 (2304 -807 1377 ) (2304 -807 1728 ) (2304 0 1728 ) (2304 0 1377 ) 
4 55 57 (2304 -807 1728 ) (2304 -807 1377 ) (3072 -807 1377 ) (3072 -807 1728 ) 
4 56 67 (2688 -672 256 ) (2848 -672 256 ) (2848 -704 256 ) (2688 -704 256 ) 
4 56 68 (2432 -672 256 ) (2560 -672 256 ) (2560 -704 256 ) (2432 -704 256 ) 
4 56 69 (2848 -704 256 ) (2848 -807 256 ) (2336 -807 256 ) (2336 -704 256 ) 
4 56 65 (2304 -672 256 ) (2304 -320 256 ) (2656 -320 256 ) (2656 -672 256 ) 
4 56 63 (2848 -320 256 ) (3072 -320 256 ) (3072 -640 256 ) (2848 -640 256 ) 
4 56 64 (2688 -320 256 ) (2848 -320 256 ) (2848 -672 256 ) (2688 -672 256 ) 
4 56 61 (2304 -320 256 ) (2304 0 256 ) (2656 0 256 ) (2656 -320 256 ) 
4 56 60 (2688 -128 256 ) (2688 -320 256 ) (2656 -320 256 ) (2656 -128 256 ) 
4 56 59 (2688 0 256 ) (2944 0 256 ) (2944 -320 256 ) (2688 -320 256 ) 
4 56 57 (2304 -807 1313 ) (2304 -807 256 ) (3072 -807 256 ) (3072 -807 1313 ) 
4 56 58 (2304 0 256 ) (2304 -807 256 ) (2304 -807 1313 ) (2304 0 1313 ) 
4 57 73 (3072 -1024 256 ) (3072 -1024 1728 ) (2304 -1024 1728 ) (2304 -1024 256 ) 
4 57 71 (2848 -1024 256 ) (2304 -1024 256 ) (2304 -896 256 ) (2848 -896 256 ) 
4 57 69 (2336 -807 256 ) (2848 -807 256 ) (2848 -864 256 ) (2336 -864 256 ) 
4 57 66 (3072 -1024 256 ) (2848 -1024 256 ) (2848 -896 256 ) (3072 -896 256 ) 
4 57 58 (2304 -807 256 ) (2304 -1024 256 ) (2304 -1024 1728 ) (2304 -807 1728 ) 
4 58 74 (2048 0 1728 ) (2048 0 256 ) (2048 -1024 256 ) (2048 -1024 1728 ) 
4 58 73 (2304 -1024 1728 ) (2048 -1024 1728 ) (2048 -1024 256 ) (2304 -1024 256 ) 
4 58 72 (2304 -1024 256 ) (2048 -1024 256 ) (2048 -864 256 ) (2304 -864 256 ) 
4 58 70 (2048 -864 256 ) (2048 -672 256 ) (2304 -672 256 ) (2304 -864 256 ) 
4 58 65 (2048 -672 256 ) (2048 -320 256 ) (2304 -320 256 ) (2304 -672 256 ) 
4 58 62 (2048 -320 256 ) (2048 0 256 ) (2174 0 256 ) (2174 -320 256 ) 
4 58 61 (2174 0 256 ) (2304 0 256 ) (2304 -320 256 ) (2174 -320 256 ) 
4 59 63 (2848 -320 64 ) (2944 -320 64 ) (2944 -320 256 ) (2848 -320 256 ) 
4 59 64 (2688 -320 64 ) (2848 -320 64 ) (2848 -320 256 ) (2688 -320 256 ) 
4 59 60 (2688 -128 64 ) (2688 -320 64 ) (2688 -320 256 ) (2688 -128 256 ) 
4 60 61 (2656 -128 64 ) (2656 -320 64 ) (2656 -320 256 ) (2656 -128 256 ) 
4 61 65 (2174 -320 64 ) (2656 -320 64 ) (2656 -320 256 ) (2174 -320 256 ) 
4 61 62 (2174 -320 72 ) (2174 -320 256 ) (2174 0 256 ) (2174 0 72 ) 
4 62 74 (2048 0 256 ) (2048 0 72 ) (2048 -320 72 ) (2048 -320 256 ) 
4 62 65 (2174 -320 72 ) (2174 -320 256 ) (2048 -320 256 ) (2048 -320 72 ) 
4 63 64 (2848 -320 256 ) (2848 -320 64 ) (2848 -640 64 ) (2848 -640 256 ) 
4 64 67 (2688 -672 64 ) (2848 -672 64 ) (2848 -672 256 ) (2688 -672 256 ) 
4 65 75 (2048 -320 64 ) (2048 -672 64 ) (2048 -672 72 ) (2048 -320 72 ) 
4 65 74 (2048 -672 72 ) (2048 -672 256 ) (2048 -320 256 ) (2048 -320 72 ) 
4 65 70 (2048 -672 64 ) (2304 -672 64 ) (2304 -672 256 ) (2048 -672 256 ) 
4 65 68 (2432 -672 64 ) (2560 -672 64 ) (2560 -672 256 ) (2432 -672 256 ) 
4 66 73 (3072 -1024 64 ) (3072 -1024 256 ) (2848 -1024 256 ) (2848 -1024 64 ) 
4 66 71 (2848 -896 64 ) (2848 -1024 64 ) (2848 -1024 256 ) (2848 -896 256 ) 
4 67 69 (2688 -704 64 ) (2848 -704 64 ) (2848 -704 256 ) (2688 -704 256 ) 
4 68 69 (2432 -704 64 ) (2560 -704 64 ) (2560 -704 256 ) (2432 -704 256 ) 
4 70 75 (2048 -672 64 ) (2048 -864 64 ) (2048 -864 72 ) (2048 -672 72 ) 
4 70 74 (2048 -864 72 ) (2048 -864 256 ) (2048 -672 256 ) (2048 -672 72 ) 
4 70 72 (2048 -864 64 ) (2304 -864 64 ) (2304 -864 256 ) (2048 -864 256 ) 
4 71 73 (2848 -1024 256 ) (2304 -1024 256 ) (2304 -1024 64 ) (2848 -1024 64 ) 
4 71 72 (2304 -896 64 ) (2304 -1024 64 ) (2304 -1024 256 ) (2304 -896 256 ) 
4 72 75 (2048 -864 64 ) (2048 -1024 64 ) (2048 -1024 72 ) (2048 -864 72 ) 
4 72 74 (2048 -1024 72 ) (2048 -1024 256 ) (2048 -864 256 ) (2048 -864 72 ) 
4 72 73 (2304 -1024 256 ) (2048 -1024 256 ) (2048 -1024 64 ) (2304 -1024 64 ) 
4 73 90 (3072 -2048 64 ) (3072 -2048 1728 ) (2048 -2048 1728 ) (2048 -2048 64 ) 
4 73 85 (2048 -2048 64 ) (2048 -2048 1728 ) (2048 -1024 1728 ) (2048 -1024 64 ) 
4 74 85 (2048 -1024 72 ) (2048 -1024 1728 ) (1024 -1024 1728 ) (1024 -1024 72 ) 
4 74 79 (1024 0 1728 ) (1024 0 72 ) (1024 -1024 72 ) (1024 -1024 1728 ) 
4 74 77 (1024 -448 72 ) (1024 0 72 ) (1406 0 72 ) (1406 -448 72 ) 
4 74 78 (1024 -1024 72 ) (1024 -896 72 ) (1406 -896 72 ) (1406 -1024 72 ) 
4 74 76 (1790 -896 72 ) (1790 -1024 72 ) (1406 -1024 72 ) (1406 -896 72 ) 
4 74 75 (2048 -320 72 ) (2048 -1024 72 ) (1790 -1024 72 ) (1790 -320 72 ) 
4 75 85 (2048 -1024 64 ) (2048 -1024 72 ) (1790 -1024 72 ) (1790 -1024 64 ) 
4 75 76 (1790 -896 64 ) (1790 -1024 64 ) (1790 -1024 72 ) (1790 -896 72 ) 
4 76 85 (1790 -1024 72 ) (1406 -1024 72 ) (1406 -1024 64 ) (1790 -1024 64 ) 
4 76 78 (1406 -896 64 ) (1406 -1024 64 ) (1406 -1024 72 ) (1406 -896 72 ) 
4 77 80 (1024 0 72 ) (1024 0 64 ) (1024 -448 64 ) (1024 -448 72 ) 
4 78 85 (1406 -1024 72 ) (1024 -1024 72 ) (1024 -1024 64 ) (1406 -1024 64 ) 
4 78 84 (1024 -896 64 ) (1024 -1024 64 ) (1024 -1024 72 ) (1024 -896 72 ) 
4 79 180 (0 -751.890015 128 ) (0 -559.890015 128 ) (0 -559.890015 72 ) (0 -751.890015 72 ) 
4 79 179 (0 -559.890015 128 ) (0 0 128 ) (0 0 72 ) (0 -559.890015 72 ) 
4 79 182 (0 -1024 72 ) (0 -1024 128 ) (0 -751.890015 128 ) (0 -751.890015 72 ) 
4 79 178 (0 -1024 128 ) (0 -1024 1728 ) (0 0 1728 ) (0 0 128 ) 
4 79 86 (0 -1024 1728 ) (0 -1024 72 ) (1024 -1024 72 ) (1024 -1024 1728 ) 
4 79 84 (1024 -1024 72 ) (320 -1024 72 ) (320 -896 72 ) (1024 -896 72 ) 
4 79 82 (704 -96 72 ) (704 -448 72 ) (256.010010 -448 72 ) (256.010010 -96 72 ) 
4 79 83 (0 -448 72 ) (0 0 72 ) (256.010010 0 72 ) (256.010010 -448 72 ) 
4 79 81 (896 -32 72 ) (896 -448 72 ) (704 -448 72 ) (704 -32 72 ) 
4 79 80 (896 0 72 ) (1024 0 72 ) (1024 -448 72 ) (896 -448 72 ) 
4 80 81 (896 -32 64 ) (896 -448 64 ) (896 -448 72 ) (896 -32 72 ) 
4 81 82 (704 -96 64 ) (704 -448 64 ) (704 -448 72 ) (704 -96 72 ) 
4 82 83 (256.010010 -96 64 ) (256.010010 -448 64 ) (256.010010 -448 72 ) (256.010010 -96 72 ) 
4 83 179 (0 -448 72 ) (0 0 72 ) (0 0 64 ) (0 -448 64 ) 
4 84 87 (320 -1024 64 ) (1024 -1024 64 ) (1024 -1024 72 ) (320 -1024 72 ) 
4 85 91 (2048 -2048 64 ) (2048 -2048 1728 ) (1024 -2048 1728 ) (1024 -2048 64 ) 
4 85 87 (1024 -1024 72 ) (1024 -1024 64 ) (1024 -2048 64 ) (1024 -2048 72 ) 
4 85 86 (1024 -1024 1728 ) (1024 -1024 72 ) (1024 -2048 72 ) (1024 -2048 1728 ) 
4 86 183 (0 -2048 72 ) (0 -2048 1728 ) (0 -1024 1728 ) (0 -1024 72 ) 
4 86 92 (0 -2048 1728 ) (0 -2048 72 ) (1024 -2048 72 ) (1024 -2048 1728 ) 
4 86 87 (1024 -2048 72 ) (320 -2048 72 ) (320 -1024 72 ) (1024 -1024 72 ) 
4 87 93 (320 -2048 64 ) (1024 -2048 64 ) (1024 -2048 72 ) (320 -2048 72 ) 
4 88 90 (3072 -2048 1728 ) (3072 -2048 64 ) (3072 -3072 64 ) (3072 -3072 1728 ) 
4 88 89 (4032 -3072 1728 ) (3072 -3072 1728 ) (3072 -3072 64 ) (4032 -3072 64 ) 
4 89 95 (3072 -4032 1728 ) (3072 -3072 1728 ) (3072 -3072 64 ) (3072 -4032 64 ) 
4 90 95 (3072 -3072 64 ) (3072 -3072 1728 ) (2048 -3072 1728 ) (2048 -3072 64 ) 
4 90 91 (2048 -2048 1728 ) (2048 -2048 64 ) (2048 -3072 64 ) (2048 -3072 1728 ) 
4 91 96 (2048 -3072 64 ) (2048 -3072 1728 ) (1024 -3072 1728 ) (1024 -3072 64 ) 
4 91 93 (1024 -3072 64 ) (1024 -3072 72 ) (1024 -2048 72 ) (1024 -2048 64 ) 
4 91 92 (1024 -3072 72 ) (1024 -3072 1728 ) (1024 -2048 1728 ) (1024 -2048 72 ) 
4 92 199 (0 -3072 72 ) (0 -3072 1728 ) (0 -2048 1728 ) (0 -2048 72 ) 
4 92 97 (0 -3072 1728 ) (0 -3072 72 ) (1024 -3072 72 ) (1024 -3072 1728 ) 
4 92 94 (320 -3072 72 ) (0 -3072 72 ) (0 -2240 72 ) (320 -2240 72 ) 
4 92 93 (1024 -3072 72 ) (320 -3072 72 ) (320 -2048 72 ) (1024 -2048 72 ) 
4 93 97 (320 -3072 64 ) (1024 -3072 64 ) (1024 -3072 72 ) (320 -3072 72 ) 
4 93 94 (320 -2240 64 ) (320 -3072 64 ) (320 -3072 72 ) (320 -2240 72 ) 
4 94 200 (0 -3072 64 ) (0 -3072 72 ) (0 -2240 72 ) (0 -2240 64 ) 
4 94 97 (0 -3072 72 ) (0 -3072 64 ) (320 -3072 64 ) (320 -3072 72 ) 
4 95 96 (2048 -3072 1728 ) (2048 -3072 64 ) (2048 -4032 64 ) (2048 -4032 1728 ) 
4 96 97 (1024 -3072 1728 ) (1024 -3072 64 ) (1024 -4032 64 ) (1024 -4032 1728 ) 
4 97 205 (0 -4032 1728 ) (0 -3072 1728 ) (0 -3072 64 ) (0 -4032 64 ) 
4 98 111 (0 3072 64 ) (0 3072 1728 ) (-1024 3072 1728 ) (-1024 3072 64 ) 
4 98 104 (-1024 3576.949951 64 ) (-1024 3072 64 ) (-1024 3072 256 ) (-1024 3576.949951 256 ) 
4 98 103 (-1024 4032 64 ) (-1024 3576.949951 64 ) (-1024 3576.949951 256 ) (-1024 4032 256 ) 
4 98 99 (-1024 3072 256 ) (-1024 3072 1728 ) (-1024 4032 1728 ) (-1024 4032 256 ) 
4 99 113 (-1024 3072 256 ) (-1024 3072 1728 ) (-1532.300171 3072 1728 ) (-1532.300171 3072 256 ) 
4 99 104 (-1024 3576.949951 256 ) (-1024 3072 256 ) (-1532.300171 3072 256 ) (-1532.300171 3576.949951 256 ) 
4 99 103 (-1532.300171 4032 256 ) (-1024 4032 256 ) (-1024 3576.949951 256 ) (-1532.300171 3576.949951 256 ) 
4 99 101 (-1532.300171 3072 1547 ) (-1532.300171 3072 1728 ) (-1532.300171 3587 1728 ) (-1532.300171 3587 1547 ) 
4 99 102 (-1532.300171 3587 256 ) (-1532.300171 3072 256 ) (-1532.300171 3072 1483 ) (-1532.300171 3587 1483 ) 
4 99 100 (-1532.300171 4032 1728 ) (-1532.300171 4032 256 ) (-1532.300171 3587 256 ) (-1532.300171 3587 1728 ) 
4 100 108 (-2048 3587 1728 ) (-2048 4032 1728 ) (-2048 4032 256 ) (-2048 3587 256 ) 
4 100 103 (-2048 3587 256 ) (-2048 4032 256 ) (-1532.300171 4032 256 ) (-1532.300171 3587 256 ) 
4 100 101 (-1532.300171 3587 1547 ) (-1532.300171 3587 1728 ) (-2048 3587 1728 ) (-2048 3587 1547 ) 
4 100 102 (-2048 3587 256 ) (-1532.300171 3587 256 ) (-1532.300171 3587 1483 ) (-2048 3587 1483 ) 
4 101 114 (-1532.300171 3072 1728 ) (-2048 3072 1728 ) (-2048 3072 1547 ) (-1532.300171 3072 1547 ) 
4 101 109 (-2048 3072 1547 ) (-2048 3072 1728 ) (-2048 3587 1728 ) (-2048 3587 1547 ) 
4 102 115 (-2048 3072 1483 ) (-2048 3072 256 ) (-1532.300171 3072 256 ) (-1532.300171 3072 1483 ) 
4 102 110 (-2048 3072 256 ) (-2048 3072 1483 ) (-2048 3587 1483 ) (-2048 3587 256 ) 
4 102 106 (-1756.430054 3448.949951 256 ) (-1756.430054 3320.949951 256 ) (-1788.430054 3320.949951 256 ) (-1788.430054 3448.949951 256 ) 
4 102 107 (-2048 3072 256 ) (-2048 3576.949951 256 ) (-1788.430054 3576.949951 256 ) (-1788.430054 3072 256 ) 
4 102 105 (-1564.430054 3544.949951 256 ) (-1564.430054 3072 256 ) (-1756.430054 3072 256 ) (-1756.430054 3544.949951 256 ) 
4 102 103 (-2048 3576.949951 256 ) (-2048 3587 256 ) (-1532.300171 3587 256 ) (-1532.300171 3576.949951 256 ) 
4 103 110 (-2048 3576.949951 256 ) (-2048 3587 256 ) (-2048 3587 64 ) (-2048 3576.949951 64 ) 
4 103 108 (-2048 3587 256 ) (-2048 4032 256 ) (-2048 4032 64 ) (-2048 3587 64 ) 
4 103 107 (-2048 3576.949951 64 ) (-1788.430054 3576.949951 64 ) (-1788.430054 3576.949951 256 ) (-2048 3576.949951 256 ) 
4 103 104 (-1532.430054 3576.949951 64 ) (-1024 3576.949951 64 ) (-1024 3576.949951 256 ) (-1532.430054 3576.949951 256 ) 
4 104 117 (-1024 3072 64 ) (-1024 3072 256 ) (-1532.430054 3072 256 ) (-1532.430054 3072 64 ) 
4 105 118 (-1564.430054 3072 256 ) (-1756.430054 3072 256 ) (-1756.430054 3072 64 ) (-1564.430054 3072 64 ) 
4 105 106 (-1756.430054 3448.949951 64 ) (-1756.430054 3320.949951 64 ) (-1756.430054 3320.949951 256 ) (-1756.430054 3448.949951 256 ) 
4 106 107 (-1788.430054 3448.949951 64 ) (-1788.430054 3320.949951 64 ) (-1788.430054 3320.949951 256 ) (-1788.430054 3448.949951 256 ) 
4 107 122 (-1788.430054 3072 256 ) (-2048 3072 256 ) (-2048 3072 64 ) (-1788.430054 3072 64 ) 
4 107 110 (-2048 3072 64 ) (-2048 3072 256 ) (-2048 3576.949951 256 ) (-2048 3576.949951 64 ) 
4 108 149 (-3072 4032 256 ) (-3072 4032 64 ) (-3072 3587 64 ) (-3072 3587 256 ) 
4 108 145 (-3072 3587 1728 ) (-3072 4032 1728 ) (-3072 4032 256 ) (-3072 3587 256 ) 
4 108 109 (-2048 3587 1547 ) (-2048 3587 1728 ) (-3072 3587 1728 ) (-3072 3587 1547 ) 
4 108 110 (-3072 3587 64 ) (-2048 3587 64 ) (-2048 3587 1483 ) (-3072 3587 1483 ) 
4 109 146 (-3072 3072 1547 ) (-3072 3072 1728 ) (-3072 3587 1728 ) (-3072 3587 1547 ) 
4 109 127 (-3072 3072 1728 ) (-3072 3072 1547 ) (-2048 3072 1547 ) (-2048 3072 1728 ) 
4 110 150 (-3072 3072 64 ) (-3072 3072 256 ) (-3072 3576.949951 256 ) (-3072 3576.949951 64 ) 
4 110 149 (-3072 3576.949951 256 ) (-3072 3587 256 ) (-3072 3587 64 ) (-3072 3576.949951 64 ) 
4 110 147 (-3072 3072 256 ) (-3072 3072 1483 ) (-3072 3587 1483 ) (-3072 3587 256 ) 
4 110 130 (-3072 3072 256 ) (-3072 3072 64 ) (-2048 3072 64 ) (-2048 3072 256 ) 
4 110 128 (-3072 3072 1483 ) (-3072 3072 256 ) (-2048 3072 256 ) (-2048 3072 1483 ) 
4 111 120 (-1024 2776.949951 64 ) (-1024 2048 64 ) (-1024 2048 256 ) (-1024 2776.949951 256 ) 
4 111 117 (-1024 3072 256 ) (-1024 3072 64 ) (-1024 2776.949951 64 ) (-1024 2776.949951 256 ) 
4 111 113 (-1024 3072 1728 ) (-1024 3072 256 ) (-1024 2048 256 ) (-1024 2048 1728 ) 
4 111 112 (0 2048 64 ) (0 2048 1728 ) (-1024 2048 1728 ) (-1024 2048 64 ) 
4 112 175 (0 1024 64 ) (0 1024 1728 ) (-1024 1024 1728 ) (-1024 1024 64 ) 
4 112 141 (-1024 1024 64 ) (-1024 1024 1728 ) (-1024 2048 1728 ) (-1024 2048 64 ) 
4 113 141 (-1024 2048 256 ) (-1024 2048 1728 ) (-1532.300171 2048 1728 ) (-1532.300171 2048 256 ) 
4 113 120 (-1024 2776.949951 256 ) (-1024 2048 256 ) (-1532.300171 2048 256 ) (-1532.300171 2776.949951 256 ) 
4 113 117 (-1532.300171 3072 256 ) (-1024 3072 256 ) (-1024 2776.949951 256 ) (-1532.300171 2776.949951 256 ) 
4 113 114 (-1532.300171 2086 1547 ) (-1532.300171 2086 1728 ) (-1532.300171 3072 1728 ) (-1532.300171 3072 1547 ) 
4 113 115 (-1532.300171 3072 256 ) (-1532.300171 2086 256 ) (-1532.300171 2086 1483 ) (-1532.300171 3072 1483 ) 
4 113 116 (-1532.300171 2086 256 ) (-1532.300171 2048 256 ) (-1532.300171 2048 1728 ) (-1532.300171 2086 1728 ) 
4 114 127 (-2048 3072 1728 ) (-2048 3072 1547 ) (-2048 2086 1547 ) (-2048 2086 1728 ) 
4 114 116 (-1532.300171 2086 1547 ) (-1532.300171 2086 1728 ) (-2048 2086 1728 ) (-2048 2086 1547 ) 
4 115 128 (-2048 3072 1483 ) (-2048 3072 256 ) (-2048 2086 256 ) (-2048 2086 1483 ) 
4 115 124 (-1788.430054 2652.590332 256 ) (-1788.430054 2140.590332 256 ) (-1989.300171 2140.590332 256 ) (-1989.300171 2652.590332 256 ) 
4 115 125 (-2048 2140.590332 256 ) (-2048 2716.590332 256 ) (-1989.300171 2716.590332 256 ) (-1989.300171 2140.590332 256 ) 
4 115 122 (-2048 3010.949951 256 ) (-2048 3072 256 ) (-1788.430054 3072 256 ) (-1788.430054 3010.949951 256 ) 
4 115 123 (-2048 2716.590332 256 ) (-2048 2978.949951 256 ) (-1788.430054 2978.949951 256 ) (-1788.430054 2716.590332 256 ) 
4 115 119 (-1756.430054 2978.949951 256 ) (-1756.430054 2776.949951 256 ) (-1788.430054 2776.949951 256 ) (-1788.430054 2978.949951 256 ) 
4 115 118 (-1756.430054 3072 256 ) (-1564.430054 3072 256 ) (-1564.430054 2776.949951 256 ) (-1756.430054 2776.949951 256 ) 
4 115 116 (-2048 2086 256 ) (-1532.300171 2086 256 ) (-1532.300171 2086 1483 ) (-2048 2086 1483 ) 
4 116 141 (-1532.300171 2048 1728 ) (-2048 2048 1728 ) (-2048 2048 256 ) (-1532.300171 2048 256 ) 
4 116 129 (-2048 2086 256 ) (-2048 2048 256 ) (-2048 2048 1728 ) (-2048 2086 1728 ) 
4 116 126 (-2048 2048 256 ) (-2048 2076.590332 256 ) (-1788.430054 2076.590332 256 ) (-1788.430054 2048 256 ) 
4 116 121 (-1532.300171 2076.590332 256 ) (-1532.300171 2048 256 ) (-1788.430054 2048 256 ) (-1788.430054 2076.590332 256 ) 
4 117 120 (-1532.430054 2776.949951 64 ) (-1024 2776.949951 64 ) (-1024 2776.949951 256 ) (-1532.430054 2776.949951 256 ) 
4 118 119 (-1756.430054 2978.949951 64 ) (-1756.430054 2776.949951 64 ) (-1756.430054 2776.949951 256 ) (-1756.430054 2978.949951 256 ) 
4 119 123 (-1788.430054 2978.949951 64 ) (-1788.430054 2776.949951 64 ) (-1788.430054 2776.949951 256 ) (-1788.430054 2978.949951 256 ) 
4 120 141 (-1024 2048 64 ) (-1024 2048 256 ) (-1532.430054 2048 256 ) (-1532.430054 2048 64 ) 
4 120 121 (-1532.430054 2076.590332 64 ) (-1532.430054 2048 64 ) (-1532.430054 2048 256 ) (-1532.430054 2076.590332 256 ) 
4 121 141 (-1532.430054 2048 256 ) (-1788.430054 2048 256 ) (-1788.430054 2048 64 ) (-1532.430054 2048 64 ) 
4 121 126 (-1788.430054 2076.590332 64 ) (-1788.430054 2048 64 ) (-1788.430054 2048 256 ) (-1788.430054 2076.590332 256 ) 
4 122 130 (-2048 3072 256 ) (-2048 3072 64 ) (-2048 3010.949951 64 ) (-2048 3010.949951 256 ) 
4 123 132 (-2048 2978.949951 64 ) (-2048 2716.590332 64 ) (-2048 2716.590332 256 ) (-2048 2978.949951 256 ) 
4 123 125 (-2048 2716.590332 64 ) (-1989.300171 2716.590332 64 ) (-1989.300171 2716.590332 256 ) (-2048 2716.590332 256 ) 
4 124 125 (-1989.300171 2652.590332 64 ) (-1989.300171 2140.590332 64 ) (-1989.300171 2140.590332 256 ) (-1989.300171 2652.590332 256 ) 
4 125 137 (-2048 2651.949951 64 ) (-2048 2140.590332 64 ) (-2048 2140.590332 256 ) (-2048 2651.949951 256 ) 
4 125 132 (-2048 2716.590332 64 ) (-2048 2651.949951 64 ) (-2048 2651.949951 256 ) (-2048 2716.590332 256 ) 
4 126 141 (-1788.430054 2048 256 ) (-2048 2048 256 ) (-2048 2048 64 ) (-1788.430054 2048 64 ) 
4 126 138 (-2048 2076.590332 64 ) (-2048 2048 64 ) (-2048 2048 256 ) (-2048 2076.590332 256 ) 
4 127 155 (-3072 2086 1728 ) (-3072 3072 1728 ) (-3072 3072 1547 ) (-3072 2086 1547 ) 
4 127 129 (-2048 2086 1547 ) (-2048 2086 1728 ) (-3072 2086 1728 ) (-3072 2086 1547 ) 
4 128 156 (-3072 3072 1483 ) (-3072 3072 256 ) (-3072 2086 256 ) (-3072 2086 1483 ) 
4 128 137 (-3072 2140.590332 256 ) (-3072 2651.949951 256 ) (-2048 2651.949951 256 ) (-2048 2140.590332 256 ) 
4 128 135 (-3072 2716.590332 256 ) (-3072 2978.949951 256 ) (-2901.300293 2978.949951 256 ) (-2901.300293 2716.590332 256 ) 
4 128 136 (-3072 2651.949951 256 ) (-3072 2652.590332 256 ) (-2901.300293 2652.590332 256 ) (-2901.300293 2651.949951 256 ) 
4 128 133 (-2746.300293 2978.949951 256 ) (-2144.300293 2978.949951 256 ) (-2144.300293 2715.949951 256 ) (-2746.300293 2715.949951 256 ) 
4 128 132 (-2144.300293 2978.949951 256 ) (-2048 2978.949951 256 ) (-2048 2651.949951 256 ) (-2144.300293 2651.949951 256 ) 
4 128 134 (-2901.300293 2978.949951 256 ) (-2746.300293 2978.949951 256 ) (-2746.300293 2651.949951 256 ) (-2901.300293 2651.949951 256 ) 
4 128 131 (-2556.300293 3010.949951 256 ) (-2364.300293 3010.949951 256 ) (-2364.300293 2978.949951 256 ) (-2556.300293 2978.949951 256 ) 
4 128 130 (-3072 3010.949951 256 ) (-3072 3072 256 ) (-2048 3072 256 ) (-2048 3010.949951 256 ) 
4 128 129 (-3072 2086 256 ) (-2048 2086 256 ) (-2048 2086 1483 ) (-3072 2086 1483 ) 
4 129 157 (-3072 2048 256 ) (-3072 2048 1728 ) (-3072 2086 1728 ) (-3072 2086 256 ) 
4 129 142 (-3072 2048 1728 ) (-3072 2048 256 ) (-2048 2048 256 ) (-2048 2048 1728 ) 
4 129 140 (-3063 2048 256 ) (-3072 2048 256 ) (-3072 2070 256 ) (-3063 2070 256 ) 
4 129 139 (-3072 2070 256 ) (-3072 2076.590332 256 ) (-3063 2076.590332 256 ) (-3063 2070 256 ) 
4 129 138 (-2048 2048 256 ) (-3063 2048 256 ) (-3063 2076.590332 256 ) (-2048 2076.590332 256 ) 
4 130 159 (-3072 3010.949951 256 ) (-3072 3072 256 ) (-3072 3072 64 ) (-3072 3010.949951 64 ) 
4 130 131 (-2556.300293 3010.949951 64 ) (-2364.300293 3010.949951 64 ) (-2364.300293 3010.949951 256 ) (-2556.300293 3010.949951 256 ) 
4 131 133 (-2556.300293 2978.949951 64 ) (-2364.300293 2978.949951 64 ) (-2364.300293 2978.949951 256 ) (-2556.300293 2978.949951 256 ) 
4 132 137 (-2144.300293 2651.949951 64 ) (-2048 2651.949951 64 ) (-2048 2651.949951 256 ) (-2144.300293 2651.949951 256 ) 
4 132 133 (-2144.300293 2978.949951 256 ) (-2144.300293 2978.949951 64 ) (-2144.300293 2715.949951 64 ) (-2144.300293 2715.949951 256 ) 
4 133 134 (-2746.300293 2978.949951 256 ) (-2746.300293 2978.949951 64 ) (-2746.300293 2715.949951 64 ) (-2746.300293 2715.949951 256 ) 
4 134 137 (-2901.300293 2651.949951 64 ) (-2746.300293 2651.949951 64 ) (-2746.300293 2651.949951 256 ) (-2901.300293 2651.949951 256 ) 
4 134 135 (-2901.300293 2978.949951 256 ) (-2901.300293 2978.949951 64 ) (-2901.300293 2716.590332 64 ) (-2901.300293 2716.590332 256 ) 
4 134 136 (-2901.300293 2652.590332 64 ) (-2901.300293 2651.949951 64 ) (-2901.300293 2651.949951 256 ) (-2901.300293 2652.590332 256 ) 
4 135 164 (-3072 2716.590332 256 ) (-3072 2776.949951 256 ) (-3072 2776.949951 64 ) (-3072 2716.590332 64 ) 
4 135 160 (-3072 2776.949951 256 ) (-3072 2978.949951 256 ) (-3072 2978.949951 64 ) (-3072 2776.949951 64 ) 
4 136 165 (-3072 2651.949951 256 ) (-3072 2652.590332 256 ) (-3072 2652.590332 64 ) (-3072 2651.949951 64 ) 
4 136 137 (-3072 2651.949951 64 ) (-2901.300293 2651.949951 64 ) (-2901.300293 2651.949951 256 ) (-3072 2651.949951 256 ) 
4 137 165 (-3072 2140.590332 256 ) (-3072 2651.949951 256 ) (-3072 2651.949951 64 ) (-3072 2140.590332 64 ) 
4 138 143 (-3063 2048 64 ) (-2048 2048 64 ) (-2048 2048 73 ) (-3063 2048 73 ) 
4 138 142 (-2048 2048 73 ) (-2048 2048 256 ) (-3063 2048 256 ) (-3063 2048 73 ) 
4 138 140 (-3063 2048 73 ) (-3063 2048 256 ) (-3063 2070 256 ) (-3063 2070 73 ) 
4 138 139 (-3063 2076.590332 256 ) (-3063 2076.590332 64 ) (-3063 2070 64 ) (-3063 2070 256 ) 
4 139 167 (-3072 2070 256 ) (-3072 2076.590332 256 ) (-3072 2076.590332 64 ) (-3072 2070 64 ) 
4 139 140 (-3063 2070 73 ) (-3063 2070 256 ) (-3072 2070 256 ) (-3072 2070 73 ) 
4 140 168 (-3072 2048 73 ) (-3072 2048 256 ) (-3072 2070 256 ) (-3072 2070 73 ) 
4 140 142 (-3072 2048 256 ) (-3072 2048 73 ) (-3063 2048 73 ) (-3063 2048 256 ) 
4 141 176 (-1024 1024 64 ) (-1024 1024 1728 ) (-2048 1024 1728 ) (-2048 1024 64 ) 
4 141 143 (-2048 2048 73 ) (-2048 2048 64 ) (-2048 1024 64 ) (-2048 1024 73 ) 
4 141 142 (-2048 2048 1728 ) (-2048 2048 73 ) (-2048 1024 73 ) (-2048 1024 1728 ) 
4 142 177 (-2048 1024 73 ) (-2048 1024 1728 ) (-3072 1024 1728 ) (-3072 1024 73 ) 
4 142 170 (-3072 1024 73 ) (-3072 1024 1728 ) (-3072 2048 1728 ) (-3072 2048 73 ) 
4 142 144 (-3063 1024 73 ) (-3072 1024 73 ) (-3072 1942 73 ) (-3063 1942 73 ) 
4 142 143 (-2048 1024 73 ) (-3063 1024 73 ) (-3063 2048 73 ) (-2048 2048 73 ) 
4 143 177 (-2048 1024 64 ) (-2048 1024 73 ) (-3063 1024 73 ) (-3063 1024 64 ) 
4 143 144 (-3063 1942 64 ) (-3063 1024 64 ) (-3063 1024 73 ) (-3063 1942 73 ) 
4 144 177 (-3063 1024 73 ) (-3072 1024 73 ) (-3072 1024 64 ) (-3063 1024 64 ) 
4 144 171 (-3072 1024 64 ) (-3072 1024 73 ) (-3072 1942 73 ) (-3072 1942 64 ) 
4 145 149 (-3356.300293 4032 256 ) (-3072 4032 256 ) (-3072 3587 256 ) (-3356.300293 3587 256 ) 
4 145 146 (-3356.300293 3587 1728 ) (-3356.300293 3587 1547 ) (-3072 3587 1547 ) (-3072 3587 1728 ) 
4 145 147 (-3356.300293 3587 1483 ) (-3356.300293 3587 256 ) (-3072 3587 256 ) (-3072 3587 1483 ) 
4 145 148 (-3356.300293 4032 1728 ) (-3356.300293 4032 256 ) (-3356.300293 3587 256 ) (-3356.300293 3587 1728 ) 
4 146 155 (-3072 3072 1547 ) (-3072 3072 1728 ) (-3356.300293 3072 1728 ) (-3356.300293 3072 1547 ) 
4 146 148 (-3356.300293 3072 1547 ) (-3356.300293 3072 1728 ) (-3356.300293 3587 1728 ) (-3356.300293 3587 1547 ) 
4 147 156 (-3072 3072 256 ) (-3072 3072 1483 ) (-3356.300293 3072 1483 ) (-3356.300293 3072 256 ) 
4 147 151 (-3164.430176 3320.949951 256 ) (-3164.430176 3448.949951 256 ) (-3132.430176 3448.949951 256 ) (-3132.430176 3320.949951 256 ) 
4 147 152 (-3164.430176 3072 256 ) (-3324.430176 3072 256 ) (-3324.430176 3544.949951 256 ) (-3164.430176 3544.949951 256 ) 
4 147 150 (-3072 3576.949951 256 ) (-3072 3072 256 ) (-3132.430176 3072 256 ) (-3132.430176 3576.949951 256 ) 
4 147 149 (-3072 3587 256 ) (-3072 3576.949951 256 ) (-3356.300293 3576.949951 256 ) (-3356.300293 3587 256 ) 
4 147 148 (-3356.300293 3587 256 ) (-3356.300293 3072 256 ) (-3356.300293 3072 1483 ) (-3356.300293 3587 1483 ) 
4 148 158 (-3356.300293 3072 1728 ) (-4096 3072 1728 ) (-4096 3072 256 ) (-3356.300293 3072 256 ) 
4 148 154 (-4096 4032 256 ) (-4096 3072 256 ) (-4096 3072 1728 ) (-4096 4032 1728 ) 
4 148 153 (-4096 3072 256 ) (-4096 3576.949951 256 ) (-3356.300293 3576.949951 256 ) (-3356.300293 3072 256 ) 
4 148 149 (-4096 3576.949951 256 ) (-4096 4032 256 ) (-3356.300293 4032 256 ) (-3356.300293 3576.949951 256 ) 
4 149 154 (-4096 4032 64 ) (-4096 3576.949951 64 ) (-4096 3576.949951 256 ) (-4096 4032 256 ) 
4 149 153 (-4096 3576.949951 64 ) (-3356.440186 3576.949951 64 ) (-3356.440186 3576.949951 256 ) (-4096 3576.949951 256 ) 
4 149 150 (-3132.430176 3576.949951 64 ) (-3072 3576.949951 64 ) (-3072 3576.949951 256 ) (-3132.430176 3576.949951 256 ) 
4 150 159 (-3072 3072 64 ) (-3072 3072 256 ) (-3132.430176 3072 256 ) (-3132.430176 3072 64 ) 
4 150 151 (-3132.430176 3448.949951 64 ) (-3132.430176 3320.949951 64 ) (-3132.430176 3320.949951 256 ) (-3132.430176 3448.949951 256 ) 
4 151 152 (-3164.430176 3448.949951 64 ) (-3164.430176 3320.949951 64 ) (-3164.430176 3320.949951 256 ) (-3164.430176 3448.949951 256 ) 
4 152 162 (-3164.430176 3072 256 ) (-3324.430176 3072 256 ) (-3324.430176 3072 64 ) (-3164.430176 3072 64 ) 
4 153 163 (-3356.440186 3072 256 ) (-4096 3072 256 ) (-4096 3072 64 ) (-3356.440186 3072 64 ) 
4 153 154 (-4096 3576.949951 64 ) (-4096 3072 64 ) (-4096 3072 256 ) (-4096 3576.949951 256 ) 
4 154 173 (-4096 3072 64 ) (-4096 3072 1728 ) (-5056 3072 1728 ) (-5056 3072 64 ) 
4 155 158 (-3356.300293 2086 1547 ) (-3356.300293 2086 1728 ) (-3356.300293 3072 1728 ) (-3356.300293 3072 1547 ) 
4 155 157 (-3356.300293 2086 1728 ) (-3356.300293 2086 1547 ) (-3072 2086 1547 ) (-3072 2086 1728 ) 
4 156 164 (-3100.430176 2776.949951 256 ) (-3072 2776.949951 256 ) (-3072 2716.590332 256 ) (-3100.430176 2716.590332 256 ) 
4 156 165 (-3072 2652.590332 256 ) (-3072 2140.590332 256 ) (-3100.430176 2140.590332 256 ) (-3100.430176 2652.590332 256 ) 
4 156 161 (-3132.430176 2978.949951 256 ) (-3132.430176 2776.949951 256 ) (-3164.430176 2776.949951 256 ) (-3164.430176 2978.949951 256 ) 
4 156 162 (-3324.430176 3072 256 ) (-3164.430176 3072 256 ) (-3164.430176 2776.949951 256 ) (-3324.430176 2776.949951 256 ) 
4 156 159 (-3132.430176 3072 256 ) (-3072 3072 256 ) (-3072 3010.949951 256 ) (-3132.430176 3010.949951 256 ) 
4 156 160 (-3072 2978.949951 256 ) (-3072 2776.949951 256 ) (-3132.430176 2776.949951 256 ) (-3132.430176 2978.949951 256 ) 
4 156 157 (-3356.300293 2086 1483 ) (-3356.300293 2086 256 ) (-3072 2086 256 ) (-3072 2086 1483 ) 
4 156 158 (-3356.300293 3072 256 ) (-3356.300293 2086 256 ) (-3356.300293 2086 1483 ) (-3356.300293 3072 1483 ) 
4 157 170 (-3072 2048 256 ) (-3072 2048 1728 ) (-3356.300293 2048 1728 ) (-3356.300293 2048 256 ) 
4 157 168 (-3072 2048 256 ) (-3191 2048 256 ) (-3191 2070 256 ) (-3072 2070 256 ) 
4 157 167 (-3191 2070 256 ) (-3191 2076.590332 256 ) (-3072 2076.590332 256 ) (-3072 2070 256 ) 
4 157 169 (-3191 2048 256 ) (-3356.300293 2048 256 ) (-3356.300293 2076.590332 256 ) (-3191 2076.590332 256 ) 
4 157 158 (-3356.300293 2086 256 ) (-3356.300293 2048 256 ) (-3356.300293 2048 1728 ) (-3356.300293 2086 1728 ) 
4 158 173 (-4096 3072 1728 ) (-4096 3072 256 ) (-4096 2048 256 ) (-4096 2048 1728 ) 
4 158 170 (-3356.300293 2048 1728 ) (-4096 2048 1728 ) (-4096 2048 256 ) (-3356.300293 2048 256 ) 
4 158 169 (-3356.300293 2048 256 ) (-4096 2048 256 ) (-4096 2076.590332 256 ) (-3356.300293 2076.590332 256 ) 
4 158 166 (-4096 2076.590332 256 ) (-4096 2776.949951 256 ) (-3356.300293 2776.949951 256 ) (-3356.300293 2076.590332 256 ) 
4 158 163 (-4096 2776.949951 256 ) (-4096 3072 256 ) (-3356.300293 3072 256 ) (-3356.300293 2776.949951 256 ) 
4 160 164 (-3100.430176 2776.949951 64 ) (-3072 2776.949951 64 ) (-3072 2776.949951 256 ) (-3100.430176 2776.949951 256 ) 
4 160 161 (-3132.430176 2978.949951 64 ) (-3132.430176 2776.949951 64 ) (-3132.430176 2776.949951 256 ) (-3132.430176 2978.949951 256 ) 
4 161 162 (-3164.430176 2978.949951 64 ) (-3164.430176 2776.949951 64 ) (-3164.430176 2776.949951 256 ) (-3164.430176 2978.949951 256 ) 
4 163 173 (-4096 3072 256 ) (-4096 3072 64 ) (-4096 2776.949951 64 ) (-4096 2776.949951 256 ) 
4 163 166 (-4096 2776.949951 64 ) (-3356.440186 2776.949951 64 ) (-3356.440186 2776.949951 256 ) (-4096 2776.949951 256 ) 
4 166 173 (-4096 2776.949951 64 ) (-4096 2076.590332 64 ) (-4096 2076.590332 256 ) (-4096 2776.949951 256 ) 
4 166 169 (-4096 2076.590332 64 ) (-3356.440186 2076.590332 64 ) (-3356.440186 2076.590332 256 ) (-4096 2076.590332 256 ) 
4 167 168 (-3191 2070 256 ) (-3191 2070 73 ) (-3072 2070 73 ) (-3072 2070 256 ) 
4 167 169 (-3191 2076.590332 256 ) (-3191 2076.590332 64 ) (-3191 2070 64 ) (-3191 2070 256 ) 
4 168 170 (-3072 2048 73 ) (-3072 2048 256 ) (-3191 2048 256 ) (-3191 2048 73 ) 
4 168 169 (-3191 2048 73 ) (-3191 2048 256 ) (-3191 2070 256 ) (-3191 2070 73 ) 
4 169 173 (-4096 2076.590332 64 ) (-4096 2048 64 ) (-4096 2048 256 ) (-4096 2076.590332 256 ) 
4 169 172 (-4096 2048 73 ) (-4096 2048 64 ) (-3191 2048 64 ) (-3191 2048 73 ) 
4 169 170 (-3191 2048 256 ) (-4096 2048 256 ) (-4096 2048 73 ) (-3191 2048 73 ) 
4 170 193 (-3072 1024 73 ) (-3072 1024 1728 ) (-4096 1024 1728 ) (-4096 1024 73 ) 
4 170 174 (-4096 1024 73 ) (-4096 1024 1728 ) (-4096 2048 1728 ) (-4096 2048 73 ) 
4 170 171 (-3072 1024 73 ) (-3191 1024 73 ) (-3191 1942 73 ) (-3072 1942 73 ) 
4 170 172 (-3191 1024 73 ) (-4096 1024 73 ) (-4096 2048 73 ) (-3191 2048 73 ) 
4 171 193 (-3072 1024 64 ) (-3072 1024 73 ) (-3191 1024 73 ) (-3191 1024 64 ) 
4 171 172 (-3191 1942 64 ) (-3191 1024 64 ) (-3191 1024 73 ) (-3191 1942 73 ) 
4 172 193 (-3191 1024 73 ) (-4096 1024 73 ) (-4096 1024 64 ) (-3191 1024 64 ) 
4 172 174 (-4096 1024 64 ) (-4096 1024 73 ) (-4096 2048 73 ) (-4096 2048 64 ) 
4 173 174 (-4096 2048 64 ) (-4096 2048 1728 ) (-5056 2048 1728 ) (-5056 2048 64 ) 
4 174 194 (-4096 1024 64 ) (-4096 1024 1728 ) (-5056 1024 1728 ) (-5056 1024 64 ) 
4 175 179 (0 0 64 ) (0 0 128 ) (-1024 0 128 ) (-1024 0 64 ) 
4 175 178 (0 0 128 ) (0 0 1728 ) (-1024 0 1728 ) (-1024 0 128 ) 
4 175 176 (-1024 0 64 ) (-1024 0 1728 ) (-1024 1024 1728 ) (-1024 1024 64 ) 
4 176 185 (-1024 0 64 ) (-1024 0 1728 ) (-2048 0 1728 ) (-2048 0 64 ) 
4 176 177 (-2048 1024 1728 ) (-2048 1024 64 ) (-2048 0 64 ) (-2048 0 1728 ) 
4 177 193 (-3072 0 64 ) (-3072 0 1728 ) (-3072 1024 1728 ) (-3072 1024 64 ) 
4 177 188 (-2048 0 64 ) (-2048 0 1728 ) (-3072 0 1728 ) (-3072 0 64 ) 
4 178 186 (-1024 -559.890015 128 ) (-1024 -751.890015 128 ) (-1024 -751.890015 1728 ) (-1024 -559.890015 1728 ) 
4 178 185 (-1024 0 1728 ) (-1024 0 128 ) (-1024 -559.890015 128 ) (-1024 -559.890015 1728 ) 
4 178 187 (-1024 -751.890015 128 ) (-1024 -1024 128 ) (-1024 -1024 1728 ) (-1024 -751.890015 1728 ) 
4 178 183 (0 -1024 128 ) (0 -1024 1728 ) (-1024 -1024 1728 ) (-1024 -1024 128 ) 
4 178 181 (-1024 -751.890015 128 ) (-1024 -559.890015 128 ) (-912 -559.890015 128 ) (-912 -751.890015 128 ) 
4 178 180 (-144.003967 -559.890015 128 ) (0 -559.890015 128 ) (0 -751.890015 128 ) (-144.003998 -751.890015 128 ) 
4 178 179 (-1024 -559.890015 128 ) (-1024 0 128 ) (0 0 128 ) (0 -559.890015 128 ) 
4 178 182 (0 -1024 128 ) (-1024 -1024 128 ) (-1024 -751.890015 128 ) (0 -751.890015 128 ) 
4 179 185 (-1024 0 128 ) (-1024 0 64 ) (-1024 -559.890015 64 ) (-1024 -559.890015 128 ) 
3 179 181 (-912 -559.890015 128 ) (-1024 -559.890015 128 ) (-1024 -559.890015 72 ) 
4 179 180 (-16.005920 -559.890015 64 ) (0 -559.890015 64 ) (0 -559.890015 128 ) (-144.003998 -559.890015 128 ) 
4 180 182 (-16.005920 -751.890015 64 ) (0 -751.890015 64 ) (0 -751.890015 128 ) (-144.003998 -751.890015 128 ) 
4 181 186 (-1024 -751.890015 72 ) (-1024 -751.890015 128 ) (-1024 -559.890015 128 ) (-1024 -559.890015 72 ) 
3 181 182 (-912 -751.890015 128 ) (-1024 -751.890015 128 ) (-1024 -751.890015 72 ) 
4 182 187 (-1024 -751.890015 64 ) (-1024 -1024 64 ) (-1024 -1024 128 ) (-1024 -751.890015 128 ) 
4 182 184 (0 -1024 64 ) (0 -1024 72 ) (-1024 -1024 72 ) (-1024 -1024 64 ) 
4 182 183 (0 -1024 72 ) (0 -1024 128 ) (-1024 -1024 128 ) (-1024 -1024 72 ) 
4 183 199 (0 -2048 72 ) (0 -2048 1728 ) (-1024 -2048 1728 ) (-1024 -2048 72 ) 
4 183 189 (-1024 -2048 72 ) (-1024 -2048 1728 ) (-1024 -1024 1728 ) (-1024 -1024 72 ) 
4 183 184 (-1024 -1792 72 ) (-1024 -1024 72 ) (0 -1024 72 ) (0 -1792 72 ) 
4 184 190 (-1024 -1792 72 ) (-1024 -1024 72 ) (-1024 -1024 64 ) (-1024 -1792 64 ) 
4 185 188 (-2048 0 1728 ) (-2048 0 64 ) (-2048 -559.890015 64 ) (-2048 -559.890015 1728 ) 
5 185 186 (-2048 -559.890015 64 ) (-1040 -559.890015 64 ) (-1024 -559.890015 72 ) (-1024 -559.890015 1728 ) (-2048 -559.890015 1728 ) 
4 186 188 (-2048 -559.890015 64 ) (-2048 -751.890015 64 ) (-2048 -751.890015 1728 ) (-2048 -559.890015 1728 ) 
5 186 187 (-2048 -751.890015 64 ) (-1040 -751.890015 64 ) (-1024 -751.890015 72 ) (-1024 -751.890015 1728 ) (-2048 -751.890015 1728 ) 
4 187 190 (-1024 -1024 64 ) (-1024 -1024 72 ) (-1728 -1024 72 ) (-1728 -1024 64 ) 
4 187 191 (-1728 -1024 72 ) (-2048 -1024 72 ) (-2048 -1024 64 ) (-1728 -1024 64 ) 
4 187 189 (-1024 -1024 72 ) (-1024 -1024 1728 ) (-2048 -1024 1728 ) (-2048 -1024 72 ) 
4 187 188 (-2048 -751.890015 64 ) (-2048 -1024 64 ) (-2048 -1024 1728 ) (-2048 -751.890015 1728 ) 
4 188 195 (-3072 -1024 64 ) (-3072 -1024 1728 ) (-3072 0 1728 ) (-3072 0 64 ) 
4 188 192 (-2048 -1024 64 ) (-2048 -1024 1728 ) (-3072 -1024 1728 ) (-3072 -1024 64 ) 
4 189 201 (-1024 -2048 72 ) (-1024 -2048 1728 ) (-2048 -2048 1728 ) (-2048 -2048 72 ) 
4 189 192 (-2048 -1024 1728 ) (-2048 -1024 72 ) (-2048 -2048 72 ) (-2048 -2048 1728 ) 
4 189 190 (-1728 -1792 72 ) (-1728 -1024 72 ) (-1024 -1024 72 ) (-1024 -1792 72 ) 
4 189 191 (-1728 -2048 72 ) (-2048 -2048 72 ) (-2048 -1024 72 ) (-1728 -1024 72 ) 
4 190 191 (-1728 -1024 64 ) (-1728 -1792 64 ) (-1728 -1792 72 ) (-1728 -1024 72 ) 
4 191 203 (-1728 -2048 72 ) (-2048 -2048 72 ) (-2048 -2048 64 ) (-1728 -2048 64 ) 
4 191 192 (-2048 -1024 72 ) (-2048 -1024 64 ) (-2048 -2048 64 ) (-2048 -2048 72 ) 
4 192 204 (-2048 -2048 64 ) (-2048 -2048 1728 ) (-3072 -2048 1728 ) (-3072 -2048 64 ) 
4 192 196 (-3072 -2048 64 ) (-3072 -2048 1728 ) (-3072 -1024 1728 ) (-3072 -1024 64 ) 
4 193 195 (-3072 0 64 ) (-3072 0 1728 ) (-4096 0 1728 ) (-4096 0 64 ) 
4 193 194 (-4096 0 64 ) (-4096 0 1728 ) (-4096 1024 1728 ) (-4096 1024 64 ) 
4 194 197 (-4096 0 64 ) (-4096 0 1728 ) (-5056 0 1728 ) (-5056 0 64 ) 
4 195 197 (-4096 0 1728 ) (-4096 0 64 ) (-4096 -1024 64 ) (-4096 -1024 1728 ) 
4 195 196 (-3072 -1024 64 ) (-3072 -1024 1728 ) (-4096 -1024 1728 ) (-4096 -1024 64 ) 
4 196 208 (-3072 -2048 64 ) (-3072 -2048 1728 ) (-4096 -2048 1728 ) (-4096 -2048 64 ) 
4 196 198 (-4096 -2048 64 ) (-4096 -2048 1728 ) (-4096 -1024 1728 ) (-4096 -1024 64 ) 
4 197 198 (-4096 -1024 64 ) (-4096 -1024 1728 ) (-5056 -1024 1728 ) (-5056 -1024 64 ) 
4 198 209 (-4096 -2048 64 ) (-4096 -2048 1728 ) (-5056 -2048 1728 ) (-5056 -2048 64 ) 
4 199 205 (0 -3072 72 ) (0 -3072 1728 ) (-1024 -3072 1728 ) (-1024 -3072 72 ) 
4 199 201 (-1024 -2048 1728 ) (-1024 -2048 72 ) (-1024 -3072 72 ) (-1024 -3072 1728 ) 
4 199 200 (-1024 -3072 72 ) (-1024 -2240 72 ) (0 -2240 72 ) (0 -3072 72 ) 
4 200 205 (0 -3072 64 ) (0 -3072 72 ) (-1024 -3072 72 ) (-1024 -3072 64 ) 
4 200 202 (-1024 -2240 64 ) (-1024 -3072 64 ) (-1024 -3072 72 ) (-1024 -2240 72 ) 
4 201 206 (-1024 -3072 72 ) (-1024 -3072 1728 ) (-2048 -3072 1728 ) (-2048 -3072 72 ) 
4 201 204 (-2048 -3072 72 ) (-2048 -3072 1728 ) (-2048 -2048 1728 ) (-2048 -2048 72 ) 
4 201 202 (-1024 -2240 72 ) (-1024 -3072 72 ) (-1728 -3072 72 ) (-1728 -2240 72 ) 
4 201 203 (-2048 -3072 72 ) (-2048 -2048 72 ) (-1728 -2048 72 ) (-1728 -3072 72 ) 
4 202 206 (-1024 -3072 64 ) (-1024 -3072 72 ) (-1728 -3072 72 ) (-1728 -3072 64 ) 
4 202 203 (-1728 -2240 64 ) (-1728 -3072 64 ) (-1728 -3072 72 ) (-1728 -2240 72 ) 
4 203 206 (-1728 -3072 72 ) (-2048 -3072 72 ) (-2048 -3072 64 ) (-1728 -3072 64 ) 
4 203 204 (-2048 -3072 64 ) (-2048 -3072 72 ) (-2048 -2048 72 ) (-2048 -2048 64 ) 
4 204 208 (-3072 -2048 1728 ) (-3072 -2048 64 ) (-3072 -3072 64 ) (-3072 -3072 1728 ) 
4 204 207 (-2048 -3072 64 ) (-2048 -3072 1728 ) (-3072 -3072 1728 ) (-3072 -3072 64 ) 
4 205 206 (-1024 -3072 1728 ) (-1024 -3072 64 ) (-1024 -4032 64 ) (-1024 -4032 1728 ) 
4 206 207 (-2048 -3072 1728 ) (-2048 -3072 64 ) (-2048 -4032 64 ) (-2048 -4032 1728 ) 
4 207 210 (-3072 -4032 1728 ) (-3072 -3072 1728 ) (-3072 -3072 64 ) (-3072 -4032 64 ) 
4 208 210 (-3072 -3072 64 ) (-3072 -3072 1728 ) (-4096 -3072 1728 ) (-4096 -3072 64 ) 
4 208 209 (-4096 -2048 1728 ) (-4096 -2048 64 ) (-4096 -3072 64 ) (-4096 -3072 1728 ) 
4 209 211 (-4096 -3072 64 ) (-4096 -3072 1728 ) (-5056 -3072 1728 ) (-5056 -3072 64 ) 
4 210 211 (-4096 -3072 1728 ) (-4096 -3072 64 ) (-4096 -4032 64 ) (-4096 -4032 1728 ) 
