


materialPath: C:\Program Files (x86)\Steam\steamapps\common\Team Fortress 2\tf\materials
Loading C:\Users\jamal\Team-Fortress-2-Map\first_room.vmf
Patching WVT material: maps/first_room/nature/blendgroundtograss007_wvt_patch
Patching WVT material: maps/first_room/brick/blendcobbletocobblesnow001_wvt_patch
fixing up env_cubemap materials on brush sides...
0...1...2...3...4...5...6...7...8...9...100...1...2...3...4...5...6...7...8...9...10Processing areas...done (0)
Building Faces...done (0)
FixTjuncs...
PruneNodes...
WriteBSP...
done (0)
writing C:\Users\jamal\Team-Fortress-2-Map\first_room.prt...Building visibility clusters...
done (0)
*** Error: Skybox vtf files for skybox/sky_tf2_04 weren't compiled with the same size texture and/or same flags!
Can't load skybox file skybox/sky_tf2_04 to build the default cubemap!
*** Error: Skybox vtf files for skybox/sky_tf2_04 weren't compiled with the same size texture and/or same flags!
Can't load skybox file skybox/sky_tf2_04 to build the default cubemap!
Finding displacement neighbors...
Finding lightmap sample positions...
Displacement Alpha : 0...1...2...3...4...5...6...7...8...9...10
Building Physics collision data...
done (0) (3088 bytes)
Placing detail props : 0...1...2...3...4...5...6...7...8...9...10
Compacting texture/material tables...
Reduced 24 texinfos to 10
Reduced 6 texdatas to 4 (212 bytes to 150)
Writing C:\Users\jamal\Team-Fortress-2-Map\first_room.bsp
MSG_FILEWRITE - Filesystem was asked to write to 'C:\Users\jamal\Team-Fortress-2-Map\first_room.bsp', but we don't own that location. Allowing.
Wrote ZIP buffer, estimated size 1215, actual size 1001
0 seconds elapsed



20 threads
reading c:\users\jamal\team-fortress-2-map\first_room.bsp
reading c:\users\jamal\team-fortress-2-map\first_room.prt
  18 portalclusters
  35 numportals
0...1...2...3...4...5...6...7...8...9...100...1...2...3...4...5...6...7...8...9...10Optimized: 0 visible clusters (0.00%)
Total clusters visible: 316
Average clusters visible: 17
Building PAS...
Average clusters audible: 18
visdatasize:256  compressed from 288
writing c:\users\jamal\team-fortress-2-map\first_room.bsp
MSG_FILEWRITE - Filesystem was asked to write to 'c:\users\jamal\team-fortress-2-map\first_room.bsp', but we don't own that location. Allowing.
0 seconds elapsed



[Reading texlights from 'lights.rad']
[56 texlights parsed from 'lights.rad']

Loading c:\users\jamal\team-fortress-2-map\first_room.bsp
38 faces
27488 square feet [3958272.00 square inches]
0 Displacements
0 Square Feet [0.00 Square Inches]
38 patches before subdivision
3642 patches after subdivision
0 direct lights
0...1...2...3...4...5...6...7...8...9...100...1...2...3...4...5...6...7...8...9...10transfers 376934, max 252
transfer lists:   2.9 megs
0...1...2...3...4...5...6...7...8...9...10	Bounce #1 added RGB(0, 0, 0)
Build Patch/Sample Hash Table(s).....Done<0.0004 sec>
0...1...2...3...4...5...6...7...8...9...10FinalLightFace Done
0 of 0 (0% of) surface lights went in leaf ambient cubes.
0...1...2...3...4...5...6...7...8...9...10Writing leaf ambient...done
Ready to Finish

Object names       Objects/Maxobjs  Memory / Maxmem  Fullness 
------------       ---------------  ---------------  -------- 
models                   1/1024           48/49152    ( 0.1%) 
brushes                  8/8192           96/98304    ( 0.1%) 
brushsides              48/65536         384/524288   ( 0.1%) 
planes                  60/65536        1200/1310720  ( 0.1%) 
vertexes                63/65536         756/786432   ( 0.1%) 
nodes                   45/65536        1440/2097152  ( 0.1%) 
texinfos                10/12288         720/884736   ( 0.1%) 
texdata                  4/2048          128/65536    ( 0.2%) 
dispinfos                0/0               0/0        ( 0.0%) 
disp_verts               0/0               0/0        ( 0.0%) 
disp_tris                0/0               0/0        ( 0.0%) 
disp_lmsamples           0/0               0/0        ( 0.0%) 
faces                   38/65536        2128/3670016  ( 0.1%) 
hdr faces                0/65536           0/3670016  ( 0.0%) 
origfaces               17/65536         952/3670016  ( 0.0%) 
leaves                  47/65536        1504/2097152  ( 0.1%) 
leaffaces               64/65536         128/131072   ( 0.1%) 
leafbrushes             20/65536          40/131072   ( 0.0%) 
areas                    2/256            16/2048     ( 0.8%) 
surfedges              228/512000        912/2048000  ( 0.0%) 
edges                  129/256000        516/1024000  ( 0.1%) 
LDR worldlights          0/8192            0/720896   ( 0.0%) 
HDR worldlights          0/8192            0/720896   ( 0.0%) 
leafwaterdata            0/32768           0/393216   ( 0.0%) 
waterstrips              0/32768           0/327680   ( 0.0%) 
waterverts               0/65536           0/786432   ( 0.0%) 
waterindices             0/65536           0/131072   ( 0.0%) 
cubemapsamples           0/1024            0/16384    ( 0.0%) 
overlays                 0/512             0/180224   ( 0.0%) 
LDR lightdata         [variable]      105492/0        ( 0.0%) 
HDR lightdata         [variable]           0/0        ( 0.0%) 
visdata               [variable]         256/16777216 ( 0.0%) 
entdata               [variable]         336/393216   ( 0.1%) 
LDR ambient table       47/65536         188/262144   ( 0.1%) 
HDR ambient table       47/65536         188/262144   ( 0.1%) 
LDR leaf ambient        18/65536         504/1835008  ( 0.0%) 
HDR leaf ambient        47/65536        1316/1835008  ( 0.1%) 
occluders                0/0               0/0        ( 0.0%) 
occluder polygons        0/0               0/0        ( 0.0%) 
occluder vert ind        0/0               0/0        ( 0.0%) 
detail props          [variable]           1/12       ( 8.3%) 
static props          [variable]           1/12       ( 8.3%) 
pakfile               [variable]        1001/0        ( 0.0%) 
physics               [variable]        3088/4194304  ( 0.1%) 
physics terrain       [variable]           2/1048576  ( 0.0%) 

Level flags = 0

Total triangle count: 84
Writing c:\users\jamal\team-fortress-2-map\first_room.bsp
0 seconds elapsed



materialPath: C:\Program Files (x86)\Steam\steamapps\common\Team Fortress 2\tf\materials
Loading C:\Users\jamal\Team-Fortress-2-Map\first_room.vmf
Patching WVT material: maps/first_room/nature/blendgroundtograss007_wvt_patch
Patching WVT material: maps/first_room/brick/blendcobbletocobblesnow001_wvt_patch
fixing up env_cubemap materials on brush sides...
0...1...2...3...4...5...6...7...8...9...100...1...2...3...4...5...6...7...8...9...10Processing areas...done (0)
Building Faces...done (0)
FixTjuncs...
PruneNodes...
WriteBSP...
done (0)
writing C:\Users\jamal\Team-Fortress-2-Map\first_room.prt...Building visibility clusters...
done (0)
*** Error: Skybox vtf files for skybox/sky_tf2_04 weren't compiled with the same size texture and/or same flags!
Can't load skybox file skybox/sky_tf2_04 to build the default cubemap!
*** Error: Skybox vtf files for skybox/sky_tf2_04 weren't compiled with the same size texture and/or same flags!
Can't load skybox file skybox/sky_tf2_04 to build the default cubemap!
Finding displacement neighbors...
Finding lightmap sample positions...
Displacement Alpha : 0...1...2...3...4...5...6...7...8...9...10
Building Physics collision data...
done (0) (3088 bytes)
Placing detail props : 0...1...2...3...4...5...6...7...8...9...10
Compacting texture/material tables...
Reduced 24 texinfos to 10
Reduced 6 texdatas to 4 (212 bytes to 150)
Writing C:\Users\jamal\Team-Fortress-2-Map\first_room.bsp
MSG_FILEWRITE - Filesystem was asked to write to 'C:\Users\jamal\Team-Fortress-2-Map\first_room.bsp', but we don't own that location. Allowing.
Wrote ZIP buffer, estimated size 1215, actual size 1001
0 seconds elapsed



20 threads
reading c:\users\jamal\team-fortress-2-map\first_room.bsp
reading c:\users\jamal\team-fortress-2-map\first_room.prt
  18 portalclusters
  35 numportals
0...1...2...3...4...5...6...7...8...9...100...1...2...3...4...5...6...7...8...9...10Optimized: 0 visible clusters (0.00%)
Total clusters visible: 316
Average clusters visible: 17
Building PAS...
Average clusters audible: 18
visdatasize:256  compressed from 288
writing c:\users\jamal\team-fortress-2-map\first_room.bsp
MSG_FILEWRITE - Filesystem was asked to write to 'c:\users\jamal\team-fortress-2-map\first_room.bsp', but we don't own that location. Allowing.
0 seconds elapsed



[Reading texlights from 'lights.rad']
[56 texlights parsed from 'lights.rad']

Loading c:\users\jamal\team-fortress-2-map\first_room.bsp
38 faces
27488 square feet [3958272.00 square inches]
0 Displacements
0 Square Feet [0.00 Square Inches]
38 patches before subdivision
3642 patches after subdivision
0 direct lights
0...1...2...3...4...5...6...7...8...9...100...1...2...3...4...5...6...7...8...9...10transfers 376934, max 252
transfer lists:   2.9 megs
0...1...2...3...4...5...6...7...8...9...10	Bounce #1 added RGB(0, 0, 0)
Build Patch/Sample Hash Table(s).....Done<0.0007 sec>
0...1...2...3...4...5...6...7...8...9...10FinalLightFace Done
0 of 0 (0% of) surface lights went in leaf ambient cubes.
0...1...2...3...4...5...6...7...8...9...10Writing leaf ambient...done
Ready to Finish

Object names       Objects/Maxobjs  Memory / Maxmem  Fullness 
------------       ---------------  ---------------  -------- 
models                   1/1024           48/49152    ( 0.1%) 
brushes                  8/8192           96/98304    ( 0.1%) 
brushsides              48/65536         384/524288   ( 0.1%) 
planes                  60/65536        1200/1310720  ( 0.1%) 
vertexes                63/65536         756/786432   ( 0.1%) 
nodes                   45/65536        1440/2097152  ( 0.1%) 
texinfos                10/12288         720/884736   ( 0.1%) 
texdata                  4/2048          128/65536    ( 0.2%) 
dispinfos                0/0               0/0        ( 0.0%) 
disp_verts               0/0               0/0        ( 0.0%) 
disp_tris                0/0               0/0        ( 0.0%) 
disp_lmsamples           0/0               0/0        ( 0.0%) 
faces                   38/65536        2128/3670016  ( 0.1%) 
hdr faces                0/65536           0/3670016  ( 0.0%) 
origfaces               17/65536         952/3670016  ( 0.0%) 
leaves                  47/65536        1504/2097152  ( 0.1%) 
leaffaces               64/65536         128/131072   ( 0.1%) 
leafbrushes             20/65536          40/131072   ( 0.0%) 
areas                    2/256            16/2048     ( 0.8%) 
surfedges              228/512000        912/2048000  ( 0.0%) 
edges                  129/256000        516/1024000  ( 0.1%) 
LDR worldlights          0/8192            0/720896   ( 0.0%) 
HDR worldlights          0/8192            0/720896   ( 0.0%) 
leafwaterdata            0/32768           0/393216   ( 0.0%) 
waterstrips              0/32768           0/327680   ( 0.0%) 
waterverts               0/65536           0/786432   ( 0.0%) 
waterindices             0/65536           0/131072   ( 0.0%) 
cubemapsamples           0/1024            0/16384    ( 0.0%) 
overlays                 0/512             0/180224   ( 0.0%) 
LDR lightdata         [variable]      105492/0        ( 0.0%) 
HDR lightdata         [variable]           0/0        ( 0.0%) 
visdata               [variable]         256/16777216 ( 0.0%) 
entdata               [variable]         336/393216   ( 0.1%) 
LDR ambient table       47/65536         188/262144   ( 0.1%) 
HDR ambient table       47/65536         188/262144   ( 0.1%) 
LDR leaf ambient        18/65536         504/1835008  ( 0.0%) 
HDR leaf ambient        47/65536        1316/1835008  ( 0.1%) 
occluders                0/0               0/0        ( 0.0%) 
occluder polygons        0/0               0/0        ( 0.0%) 
occluder vert ind        0/0               0/0        ( 0.0%) 
detail props          [variable]           1/12       ( 8.3%) 
static props          [variable]           1/12       ( 8.3%) 
pakfile               [variable]        1001/0        ( 0.0%) 
physics               [variable]        3088/4194304  ( 0.1%) 
physics terrain       [variable]           2/1048576  ( 0.0%) 

Level flags = 0

Total triangle count: 84
Writing c:\users\jamal\team-fortress-2-map\first_room.bsp
0 seconds elapsed



materialPath: C:\Program Files (x86)\Steam\steamapps\common\Team Fortress 2\tf\materials
Loading C:\Users\jamal\Team-Fortress-2-Map\first_room.vmf
Patching WVT material: maps/first_room/nature/blendgroundtograss007_wvt_patch
Patching WVT material: maps/first_room/brick/blendcobbletocobblesnow001_wvt_patch
fixing up env_cubemap materials on brush sides...
0...1...2...3...4...5...6...7...8...9...100...1...2...3...4...5...6...7...8...9...10Processing areas...done (0)
Building Faces...done (0)
FixTjuncs...
PruneNodes...
WriteBSP...
done (0)
writing C:\Users\jamal\Team-Fortress-2-Map\first_room.prt...Building visibility clusters...
done (0)
*** Error: Skybox vtf files for skybox/sky_tf2_04 weren't compiled with the same size texture and/or same flags!
Can't load skybox file skybox/sky_tf2_04 to build the default cubemap!
*** Error: Skybox vtf files for skybox/sky_tf2_04 weren't compiled with the same size texture and/or same flags!
Can't load skybox file skybox/sky_tf2_04 to build the default cubemap!
Finding displacement neighbors...
Finding lightmap sample positions...
Displacement Alpha : 0...1...2...3...4...5...6...7...8...9...10
Building Physics collision data...
done (0) (3088 bytes)
Placing detail props : 0...1...2...3...4...5...6...7...8...9...10
Compacting texture/material tables...
Reduced 24 texinfos to 10
Reduced 6 texdatas to 4 (212 bytes to 150)
Writing C:\Users\jamal\Team-Fortress-2-Map\first_room.bsp
MSG_FILEWRITE - Filesystem was asked to write to 'C:\Users\jamal\Team-Fortress-2-Map\first_room.bsp', but we don't own that location. Allowing.
Wrote ZIP buffer, estimated size 1215, actual size 1001
0 seconds elapsed



20 threads
reading c:\users\jamal\team-fortress-2-map\first_room.bsp
reading c:\users\jamal\team-fortress-2-map\first_room.prt
  18 portalclusters
  35 numportals
0...1...2...3...4...5...6...7...8...9...100...1...2...3...4...5...6...7...8...9...10Optimized: 0 visible clusters (0.00%)
Total clusters visible: 316
Average clusters visible: 17
Building PAS...
Average clusters audible: 18
visdatasize:256  compressed from 288
writing c:\users\jamal\team-fortress-2-map\first_room.bsp
MSG_FILEWRITE - Filesystem was asked to write to 'c:\users\jamal\team-fortress-2-map\first_room.bsp', but we don't own that location. Allowing.
0 seconds elapsed



[Reading texlights from 'lights.rad']
[56 texlights parsed from 'lights.rad']

Loading c:\users\jamal\team-fortress-2-map\first_room.bsp
38 faces
27488 square feet [3958272.00 square inches]
0 Displacements
0 Square Feet [0.00 Square Inches]
38 patches before subdivision
3642 patches after subdivision
0 direct lights
0...1...2...3...4...5...6...7...8...9...100...1...2...3...4...5...6...7...8...9...10transfers 376934, max 252
transfer lists:   2.9 megs
0...1...2...3...4...5...6...7...8...9...10	Bounce #1 added RGB(0, 0, 0)
Build Patch/Sample Hash Table(s).....Done<0.0005 sec>
0...1...2...3...4...5...6...7...8...9...10FinalLightFace Done
0 of 0 (0% of) surface lights went in leaf ambient cubes.
0...1...2...3...4...5...6...7...8...9...10Writing leaf ambient...done
Ready to Finish

Object names       Objects/Maxobjs  Memory / Maxmem  Fullness 
------------       ---------------  ---------------  -------- 
models                   1/1024           48/49152    ( 0.1%) 
brushes                  8/8192           96/98304    ( 0.1%) 
brushsides              48/65536         384/524288   ( 0.1%) 
planes                  60/65536        1200/1310720  ( 0.1%) 
vertexes                63/65536         756/786432   ( 0.1%) 
nodes                   45/65536        1440/2097152  ( 0.1%) 
texinfos                10/12288         720/884736   ( 0.1%) 
texdata                  4/2048          128/65536    ( 0.2%) 
dispinfos                0/0               0/0        ( 0.0%) 
disp_verts               0/0               0/0        ( 0.0%) 
disp_tris                0/0               0/0        ( 0.0%) 
disp_lmsamples           0/0               0/0        ( 0.0%) 
faces                   38/65536        2128/3670016  ( 0.1%) 
hdr faces                0/65536           0/3670016  ( 0.0%) 
origfaces               17/65536         952/3670016  ( 0.0%) 
leaves                  47/65536        1504/2097152  ( 0.1%) 
leaffaces               64/65536         128/131072   ( 0.1%) 
leafbrushes             20/65536          40/131072   ( 0.0%) 
areas                    2/256            16/2048     ( 0.8%) 
surfedges              228/512000        912/2048000  ( 0.0%) 
edges                  129/256000        516/1024000  ( 0.1%) 
LDR worldlights          0/8192            0/720896   ( 0.0%) 
HDR worldlights          0/8192            0/720896   ( 0.0%) 
leafwaterdata            0/32768           0/393216   ( 0.0%) 
waterstrips              0/32768           0/327680   ( 0.0%) 
waterverts               0/65536           0/786432   ( 0.0%) 
waterindices             0/65536           0/131072   ( 0.0%) 
cubemapsamples           0/1024            0/16384    ( 0.0%) 
overlays                 0/512             0/180224   ( 0.0%) 
LDR lightdata         [variable]      105492/0        ( 0.0%) 
HDR lightdata         [variable]           0/0        ( 0.0%) 
visdata               [variable]         256/16777216 ( 0.0%) 
entdata               [variable]         336/393216   ( 0.1%) 
LDR ambient table       47/65536         188/262144   ( 0.1%) 
HDR ambient table       47/65536         188/262144   ( 0.1%) 
LDR leaf ambient        18/65536         504/1835008  ( 0.0%) 
HDR leaf ambient        47/65536        1316/1835008  ( 0.1%) 
occluders                0/0               0/0        ( 0.0%) 
occluder polygons        0/0               0/0        ( 0.0%) 
occluder vert ind        0/0               0/0        ( 0.0%) 
detail props          [variable]           1/12       ( 8.3%) 
static props          [variable]           1/12       ( 8.3%) 
pakfile               [variable]        1001/0        ( 0.0%) 
physics               [variable]        3088/4194304  ( 0.1%) 
physics terrain       [variable]           2/1048576  ( 0.0%) 

Level flags = 0

Total triangle count: 84
Writing c:\users\jamal\team-fortress-2-map\first_room.bsp
0 seconds elapsed



materialPath: C:\Program Files (x86)\Steam\steamapps\common\Team Fortress 2\tf\materials
Loading C:\Users\jamal\Team-Fortress-2-Map\first_room.vmf
Patching WVT material: maps/first_room/nature/blendgroundtograss007_wvt_patch
Patching WVT material: maps/first_room/brick/blendcobbletocobblesnow001_wvt_patch
fixing up env_cubemap materials on brush sides...
0...1...2...3...4...5...6...7...8...9...100...1...2...3...4...5...6...7...8...9...10Processing areas...done (0)
Building Faces...done (0)
FixTjuncs...
PruneNodes...
WriteBSP...
done (0)
writing C:\Users\jamal\Team-Fortress-2-Map\first_room.prt...Building visibility clusters...
done (0)
*** Error: Skybox vtf files for skybox/sky_tf2_04 weren't compiled with the same size texture and/or same flags!
Can't load skybox file skybox/sky_tf2_04 to build the default cubemap!
*** Error: Skybox vtf files for skybox/sky_tf2_04 weren't compiled with the same size texture and/or same flags!
Can't load skybox file skybox/sky_tf2_04 to build the default cubemap!
Finding displacement neighbors...
Finding lightmap sample positions...
Displacement Alpha : 0...1...2...3...4...5...6...7...8...9...10
Building Physics collision data...
done (0) (3088 bytes)
Placing detail props : 0...1...2...3...4...5...6...7...8...9...10
Compacting texture/material tables...
Reduced 24 texinfos to 10
Reduced 6 texdatas to 4 (212 bytes to 150)
Writing C:\Users\jamal\Team-Fortress-2-Map\first_room.bsp
MSG_FILEWRITE - Filesystem was asked to write to 'C:\Users\jamal\Team-Fortress-2-Map\first_room.bsp', but we don't own that location. Allowing.
Wrote ZIP buffer, estimated size 1215, actual size 1001
0 seconds elapsed



20 threads
reading c:\users\jamal\team-fortress-2-map\first_room.bsp
reading c:\users\jamal\team-fortress-2-map\first_room.prt
  18 portalclusters
  35 numportals
0...1...2...3...4...5...6...7...8...9...100...1...2...3...4...5...6...7...8...9...10Optimized: 0 visible clusters (0.00%)
Total clusters visible: 316
Average clusters visible: 17
Building PAS...
Average clusters audible: 18
visdatasize:256  compressed from 288
writing c:\users\jamal\team-fortress-2-map\first_room.bsp
MSG_FILEWRITE - Filesystem was asked to write to 'c:\users\jamal\team-fortress-2-map\first_room.bsp', but we don't own that location. Allowing.
0 seconds elapsed



[Reading texlights from 'lights.rad']
[56 texlights parsed from 'lights.rad']

Loading c:\users\jamal\team-fortress-2-map\first_room.bsp
38 faces
27488 square feet [3958272.00 square inches]
0 Displacements
0 Square Feet [0.00 Square Inches]
38 patches before subdivision
3642 patches after subdivision
0 direct lights
0...1...2...3...4...5...6...7...8...9...100...1...2...3...4...5...6...7...8...9...10transfers 376934, max 252
transfer lists:   2.9 megs
0...1...2...3...4...5...6...7...8...9...10	Bounce #1 added RGB(0, 0, 0)
Build Patch/Sample Hash Table(s).....Done<0.0004 sec>
0...1...2...3...4...5...6...7...8...9...10FinalLightFace Done
0 of 0 (0% of) surface lights went in leaf ambient cubes.
0...1...2...3...4...5...6...7...8...9...10Writing leaf ambient...done
Ready to Finish

Object names       Objects/Maxobjs  Memory / Maxmem  Fullness 
------------       ---------------  ---------------  -------- 
models                   1/1024           48/49152    ( 0.1%) 
brushes                  8/8192           96/98304    ( 0.1%) 
brushsides              48/65536         384/524288   ( 0.1%) 
planes                  60/65536        1200/1310720  ( 0.1%) 
vertexes                63/65536         756/786432   ( 0.1%) 
nodes                   45/65536        1440/2097152  ( 0.1%) 
texinfos                10/12288         720/884736   ( 0.1%) 
texdata                  4/2048          128/65536    ( 0.2%) 
dispinfos                0/0               0/0        ( 0.0%) 
disp_verts               0/0               0/0        ( 0.0%) 
disp_tris                0/0               0/0        ( 0.0%) 
disp_lmsamples           0/0               0/0        ( 0.0%) 
faces                   38/65536        2128/3670016  ( 0.1%) 
hdr faces                0/65536           0/3670016  ( 0.0%) 
origfaces               17/65536         952/3670016  ( 0.0%) 
leaves                  47/65536        1504/2097152  ( 0.1%) 
leaffaces               64/65536         128/131072   ( 0.1%) 
leafbrushes             20/65536          40/131072   ( 0.0%) 
areas                    2/256            16/2048     ( 0.8%) 
surfedges              228/512000        912/2048000  ( 0.0%) 
edges                  129/256000        516/1024000  ( 0.1%) 
LDR worldlights          0/8192            0/720896   ( 0.0%) 
HDR worldlights          0/8192            0/720896   ( 0.0%) 
leafwaterdata            0/32768           0/393216   ( 0.0%) 
waterstrips              0/32768           0/327680   ( 0.0%) 
waterverts               0/65536           0/786432   ( 0.0%) 
waterindices             0/65536           0/131072   ( 0.0%) 
cubemapsamples           0/1024            0/16384    ( 0.0%) 
overlays                 0/512             0/180224   ( 0.0%) 
LDR lightdata         [variable]      105492/0        ( 0.0%) 
HDR lightdata         [variable]           0/0        ( 0.0%) 
visdata               [variable]         256/16777216 ( 0.0%) 
entdata               [variable]         336/393216   ( 0.1%) 
LDR ambient table       47/65536         188/262144   ( 0.1%) 
HDR ambient table       47/65536         188/262144   ( 0.1%) 
LDR leaf ambient        18/65536         504/1835008  ( 0.0%) 
HDR leaf ambient        47/65536        1316/1835008  ( 0.1%) 
occluders                0/0               0/0        ( 0.0%) 
occluder polygons        0/0               0/0        ( 0.0%) 
occluder vert ind        0/0               0/0        ( 0.0%) 
detail props          [variable]           1/12       ( 8.3%) 
static props          [variable]           1/12       ( 8.3%) 
pakfile               [variable]        1001/0        ( 0.0%) 
physics               [variable]        3088/4194304  ( 0.1%) 
physics terrain       [variable]           2/1048576  ( 0.0%) 

Level flags = 0

Total triangle count: 84
Writing c:\users\jamal\team-fortress-2-map\first_room.bsp
0 seconds elapsed
