PRT1
18
35
4 0 9 (448 0 576 ) (344 0 576 ) (344 0 64 ) (448 0 64 ) 
4 0 2 (344 0 424 ) (344 0 576 ) (344 60 576 ) (344 60 424 ) 
4 0 3 (344 60 64 ) (344 0 64 ) (344 0 72 ) (344 60 72 ) 
4 0 1 (344 448 576 ) (344 448 64 ) (344 60 64 ) (344 60 576 ) 
4 1 2 (156 60 576 ) (156 60 424 ) (344 60 424 ) (344 60 576 ) 
4 1 3 (156 60 72 ) (156 60 64 ) (344 60 64 ) (344 60 72 ) 
4 1 4 (156 448 576 ) (156 448 64 ) (156 60 64 ) (156 60 576 ) 
4 2 10 (344 0 576 ) (156 0 576 ) (156 0 424 ) (344 0 424 ) 
4 2 4 (156 0 424 ) (156 0 576 ) (156 60 576 ) (156 60 424 ) 
4 3 11 (156 0 72 ) (156 0 64 ) (344 0 64 ) (344 0 72 ) 
4 3 4 (156 60 64 ) (156 0 64 ) (156 0 72 ) (156 60 72 ) 
4 4 13 (156 0 576 ) (0 0 576 ) (0 0 64 ) (156 0 64 ) 
4 4 5 (0 0 64 ) (0 0 576 ) (0 448 576 ) (0 448 64 ) 
4 5 14 (0 0 64 ) (0 0 576 ) (-62 0 576 ) (-62 0 64 ) 
4 5 7 (-62 0 248 ) (-62 0 576 ) (-62 88 576 ) (-62 88 248 ) 
4 5 6 (-62 448 576 ) (-62 448 64 ) (-62 88 64 ) (-62 88 576 ) 
4 6 8 (-294 448 576 ) (-294 448 64 ) (-294 88 64 ) (-294 88 576 ) 
4 6 7 (-294 88 576 ) (-294 88 248 ) (-62 88 248 ) (-62 88 576 ) 
4 7 15 (-62 0 576 ) (-294 0 576 ) (-294 0 248 ) (-62 0 248 ) 
4 7 8 (-294 0 248 ) (-294 0 576 ) (-294 88 576 ) (-294 88 248 ) 
4 8 17 (-294 0 576 ) (-448 0 576 ) (-448 0 64 ) (-294 0 64 ) 
4 9 10 (344 -140 424 ) (344 -140 576 ) (344 0 576 ) (344 0 424 ) 
4 9 11 (344 0 64 ) (344 -140 64 ) (344 -140 72 ) (344 0 72 ) 
4 9 12 (344 -140 64 ) (344 -448 64 ) (344 -448 576 ) (344 -140 576 ) 
4 10 13 (156 -140 424 ) (156 -140 576 ) (156 0 576 ) (156 0 424 ) 
4 10 12 (156 -140 576 ) (156 -140 424 ) (344 -140 424 ) (344 -140 576 ) 
4 11 12 (156 -140 72 ) (156 -140 64 ) (344 -140 64 ) (344 -140 72 ) 
4 11 13 (156 0 64 ) (156 -140 64 ) (156 -140 72 ) (156 0 72 ) 
4 12 13 (156 -140 64 ) (156 -448 64 ) (156 -448 576 ) (156 -140 576 ) 
4 13 14 (0 0 576 ) (0 0 64 ) (0 -448 64 ) (0 -448 576 ) 
4 14 15 (-62 -140 248 ) (-62 -140 576 ) (-62 0 576 ) (-62 0 248 ) 
4 14 16 (-62 -140 64 ) (-62 -448 64 ) (-62 -448 576 ) (-62 -140 576 ) 
4 15 17 (-294 -140 248 ) (-294 -140 576 ) (-294 0 576 ) (-294 0 248 ) 
4 15 16 (-294 -140 576 ) (-294 -140 248 ) (-62 -140 248 ) (-62 -140 576 ) 
4 16 17 (-294 -140 64 ) (-294 -448 64 ) (-294 -448 576 ) (-294 -140 576 ) 
