PRT1
129
346
4 0 2 (4096 1024 64 ) (4096 1024 832 ) (4096 1472 832 ) (4096 1472 64 ) 
4 0 1 (4096 1024 832 ) (4096 1024 64 ) (4544 1024 64 ) (4544 1024 832 ) 
4 1 7 (4288 0 832 ) (4224 0 832 ) (4224 0 64 ) (4288 0 64 ) 
4 1 6 (4544 0 832 ) (4288 0 832 ) (4288 0 64 ) (4544 0 64 ) 
4 1 10 (4224 0 832 ) (4096 0 832 ) (4096 0 64 ) (4224 0 64 ) 
4 1 4 (4096 0 64 ) (4096 0 832 ) (4096 1024 832 ) (4096 1024 64 ) 
4 2 4 (4096 1024 64 ) (4096 1024 832 ) (3072 1024 832 ) (3072 1024 64 ) 
4 2 3 (3072 1472 64 ) (3072 1024 64 ) (3072 1024 832 ) (3072 1472 832 ) 
4 3 86 (2048 1024 64 ) (2048 1024 832 ) (2048 1472 832 ) (2048 1472 64 ) 
4 3 5 (2048 1024 832 ) (2048 1024 64 ) (3072 1024 64 ) (3072 1024 832 ) 
4 4 28 (3776 0 832 ) (3712 0 832 ) (3712 0 64 ) (3776 0 64 ) 
4 4 27 (4096 0 64 ) (4096 0 832 ) (3776 0 832 ) (3776 0 64 ) 
4 4 31 (3712 0 832 ) (3072 0 832 ) (3072 0 64 ) (3712 0 64 ) 
4 4 5 (3072 1024 832 ) (3072 1024 64 ) (3072 0 64 ) (3072 0 832 ) 
4 5 88 (2048 0 64 ) (2048 0 832 ) (2048 1024 832 ) (2048 1024 64 ) 
4 5 39 (2048 0 448 ) (2048 0 64 ) (2208 0 64 ) (2208 0 448 ) 
4 5 38 (2208 0 832 ) (2048 0 832 ) (2048 0 448 ) (2208 0 448 ) 
4 5 36 (2208 0 320 ) (2208 0 64 ) (2368 0 64 ) (2368 0 320 ) 
4 5 35 (2368 0 832 ) (2208 0 832 ) (2208 0 320 ) (2368 0 320 ) 
4 5 33 (2688 0 832 ) (2368 0 832 ) (2368 0 64 ) (2688 0 64 ) 
4 5 32 (3072 0 64 ) (3072 0 832 ) (2688 0 832 ) (2688 0 64 ) 
4 6 19 (4288 -1024 305 ) (4288 -1024 64 ) (4416 -1024 64 ) (4416 -1024 305 ) 
4 6 18 (4416 -1024 64 ) (4544 -1024 64 ) (4544 -1024 305 ) (4416 -1024 305 ) 
4 6 11 (4544 -1024 832 ) (4288 -1024 832 ) (4288 -1024 305 ) (4544 -1024 305 ) 
4 6 9 (4288 -576 64 ) (4288 -1024 64 ) (4288 -1024 320 ) (4288 -576 320 ) 
4 6 8 (4288 -1024 320 ) (4288 -1024 832 ) (4288 -576 832 ) (4288 -576 320 ) 
4 6 7 (4288 0 64 ) (4288 -576 64 ) (4288 -576 832 ) (4288 0 832 ) 
4 7 9 (4224 -576 320 ) (4224 -576 64 ) (4288 -576 64 ) (4288 -576 320 ) 
4 7 8 (4224 -576 832 ) (4224 -576 320 ) (4288 -576 320 ) (4288 -576 832 ) 
4 7 10 (4224 0 64 ) (4224 -576 64 ) (4224 -576 832 ) (4224 0 832 ) 
4 8 12 (4288 -1024 832 ) (4224 -1024 832 ) (4224 -1024 320 ) (4288 -1024 320 ) 
4 8 10 (4224 -1024 320 ) (4224 -1024 832 ) (4224 -576 832 ) (4224 -576 320 ) 
4 8 9 (4224 -1024 320 ) (4224 -576 320 ) (4288 -576 320 ) (4288 -1024 320 ) 
4 9 20 (4224 -1024 305 ) (4224 -1024 64 ) (4288 -1024 64 ) (4288 -1024 305 ) 
4 9 13 (4224 -1024 320 ) (4224 -1024 305 ) (4288 -1024 305 ) (4288 -1024 320 ) 
4 9 10 (4224 -576 64 ) (4224 -1024 64 ) (4224 -1024 320 ) (4224 -576 320 ) 
4 10 27 (4096 -1024 64 ) (4096 -1024 832 ) (4096 0 832 ) (4096 0 64 ) 
4 10 21 (4096 -1024 305 ) (4096 -1024 64 ) (4224 -1024 64 ) (4224 -1024 305 ) 
4 10 14 (4224 -1024 832 ) (4096 -1024 832 ) (4096 -1024 305 ) (4224 -1024 305 ) 
4 11 19 (4288 -1024 305 ) (4416 -1024 305 ) (4416 -1088 305 ) (4288 -1088 305 ) 
4 11 18 (4416 -1024 305 ) (4544 -1024 305 ) (4544 -1088 305 ) (4416 -1088 305 ) 
4 11 16 (4416 -1088 384 ) (4416 -1088 832 ) (4288 -1088 832 ) (4288 -1088 384 ) 
4 11 15 (4416 -1088 305 ) (4544 -1088 305 ) (4544 -1088 832 ) (4416 -1088 832 ) 
4 11 13 (4288 -1024 305 ) (4288 -1088 305 ) (4288 -1088 320 ) (4288 -1024 320 ) 
4 11 12 (4288 -1088 320 ) (4288 -1088 832 ) (4288 -1024 832 ) (4288 -1024 320 ) 
4 12 16 (4288 -1088 384 ) (4288 -1088 832 ) (4224 -1088 832 ) (4224 -1088 384 ) 
4 12 14 (4224 -1088 320 ) (4224 -1088 832 ) (4224 -1024 832 ) (4224 -1024 320 ) 
4 12 13 (4224 -1088 320 ) (4224 -1024 320 ) (4288 -1024 320 ) (4288 -1088 320 ) 
4 13 20 (4224 -1024 305 ) (4288 -1024 305 ) (4288 -1088 305 ) (4224 -1088 305 ) 
4 13 14 (4224 -1024 305 ) (4224 -1088 305 ) (4224 -1088 320 ) (4224 -1024 320 ) 
4 14 40 (4096 -1088 832 ) (4096 -1024 832 ) (4096 -1024 305 ) (4096 -1088 305 ) 
4 14 21 (4096 -1088 305 ) (4096 -1024 305 ) (4224 -1024 305 ) (4224 -1088 305 ) 
4 14 16 (4224 -1088 384 ) (4224 -1088 832 ) (4096 -1088 832 ) (4096 -1088 384 ) 
4 15 83 (4544 -2048 832 ) (4416 -2048 832 ) (4416 -2048 305 ) (4544 -2048 305 ) 
4 15 18 (4416 -1088 305 ) (4544 -1088 305 ) (4544 -2048 305 ) (4416 -2048 305 ) 
4 15 16 (4416 -1088 832 ) (4416 -1088 384 ) (4416 -1728 384 ) (4416 -1728 832 ) 
4 15 17 (4416 -1728 305 ) (4416 -2048 305 ) (4416 -2048 832 ) (4416 -1728 832 ) 
4 16 44 (4096 -1728 832 ) (4096 -1088 832 ) (4096 -1088 384 ) (4096 -1728 384 ) 
4 16 17 (4416 -1728 384 ) (4416 -1728 832 ) (4096 -1728 832 ) (4096 -1728 384 ) 
4 17 83 (4416 -2048 832 ) (4096 -2048 832 ) (4096 -2048 305 ) (4416 -2048 305 ) 
4 17 45 (4096 -2048 305 ) (4096 -2048 832 ) (4096 -1728 832 ) (4096 -1728 305 ) 
4 17 26 (4096 -2048 305 ) (4096 -1728 305 ) (4416 -1728 305 ) (4416 -2048 305 ) 
4 18 83 (4544 -2048 305 ) (4416 -2048 305 ) (4416 -2048 64 ) (4544 -2048 64 ) 
4 18 26 (4416 -1728 64 ) (4416 -2048 64 ) (4416 -2048 305 ) (4416 -1728 305 ) 
4 18 25 (4416 -1664 64 ) (4416 -1728 64 ) (4416 -1728 305 ) (4416 -1664 305 ) 
4 18 23 (4416 -1152 64 ) (4416 -1664 64 ) (4416 -1664 305 ) (4416 -1152 305 ) 
4 18 19 (4416 -1024 64 ) (4416 -1088 64 ) (4416 -1088 305 ) (4416 -1024 305 ) 
4 18 22 (4416 -1088 64 ) (4416 -1152 64 ) (4416 -1152 305 ) (4416 -1088 305 ) 
4 19 22 (4288 -1088 64 ) (4416 -1088 64 ) (4416 -1088 305 ) (4288 -1088 305 ) 
4 19 20 (4288 -1024 64 ) (4288 -1088 64 ) (4288 -1088 305 ) (4288 -1024 305 ) 
4 20 21 (4224 -1024 64 ) (4224 -1088 64 ) (4224 -1088 305 ) (4224 -1024 305 ) 
4 20 22 (4224 -1088 64 ) (4288 -1088 64 ) (4288 -1088 305 ) (4224 -1088 305 ) 
4 21 47 (4096 -1088 305 ) (4096 -1024 305 ) (4096 -1024 64 ) (4096 -1088 64 ) 
4 21 22 (4096 -1088 64 ) (4224 -1088 64 ) (4224 -1088 305 ) (4096 -1088 305 ) 
4 22 50 (4096 -1152 305 ) (4096 -1088 305 ) (4096 -1088 64 ) (4096 -1152 64 ) 
4 22 24 (4096 -1152 64 ) (4352 -1152 64 ) (4352 -1152 305 ) (4096 -1152 305 ) 
4 22 23 (4352 -1152 64 ) (4416 -1152 64 ) (4416 -1152 305 ) (4352 -1152 305 ) 
4 23 25 (4352 -1664 64 ) (4416 -1664 64 ) (4416 -1664 305 ) (4352 -1664 305 ) 
4 23 24 (4352 -1152 305 ) (4352 -1152 64 ) (4352 -1664 64 ) (4352 -1664 305 ) 
4 24 51 (4096 -1664 305 ) (4096 -1152 305 ) (4096 -1152 64 ) (4096 -1664 64 ) 
4 24 25 (4096 -1664 64 ) (4352 -1664 64 ) (4352 -1664 305 ) (4096 -1664 305 ) 
4 25 53 (4096 -1728 305 ) (4096 -1664 305 ) (4096 -1664 64 ) (4096 -1728 64 ) 
4 25 26 (4096 -1728 64 ) (4416 -1728 64 ) (4416 -1728 305 ) (4096 -1728 305 ) 
4 26 83 (4416 -2048 305 ) (4096 -2048 305 ) (4096 -2048 64 ) (4416 -2048 64 ) 
4 26 54 (4096 -2048 64 ) (4096 -2048 305 ) (4096 -1728 305 ) (4096 -1728 64 ) 
4 27 47 (4096 -1024 64 ) (4096 -1024 305 ) (3776 -1024 305 ) (3776 -1024 64 ) 
4 27 40 (4096 -1024 305 ) (4096 -1024 832 ) (3776 -1024 832 ) (3776 -1024 305 ) 
4 27 30 (3776 -576 64 ) (3776 -1024 64 ) (3776 -1024 320 ) (3776 -576 320 ) 
4 27 29 (3776 -1024 320 ) (3776 -1024 832 ) (3776 -576 832 ) (3776 -576 320 ) 
4 27 28 (3776 0 64 ) (3776 -576 64 ) (3776 -576 832 ) (3776 0 832 ) 
4 28 30 (3712 -576 320 ) (3712 -576 64 ) (3776 -576 64 ) (3776 -576 320 ) 
4 28 29 (3712 -576 832 ) (3712 -576 320 ) (3776 -576 320 ) (3776 -576 832 ) 
4 28 31 (3712 0 64 ) (3712 -576 64 ) (3712 -576 832 ) (3712 0 832 ) 
4 29 41 (3776 -1024 832 ) (3712 -1024 832 ) (3712 -1024 320 ) (3776 -1024 320 ) 
4 29 31 (3712 -1024 320 ) (3712 -1024 832 ) (3712 -576 832 ) (3712 -576 320 ) 
4 29 30 (3712 -1024 320 ) (3712 -576 320 ) (3776 -576 320 ) (3776 -1024 320 ) 
4 30 48 (3712 -1024 305 ) (3712 -1024 64 ) (3776 -1024 64 ) (3776 -1024 305 ) 
4 30 42 (3712 -1024 320 ) (3712 -1024 305 ) (3776 -1024 305 ) (3776 -1024 320 ) 
4 30 31 (3712 -576 64 ) (3712 -1024 64 ) (3712 -1024 320 ) (3712 -576 320 ) 
4 31 49 (3584 -1024 64 ) (3712 -1024 64 ) (3712 -1024 305 ) (3584 -1024 305 ) 
4 31 55 (3072 -1024 305 ) (3072 -1024 64 ) (3584 -1024 64 ) (3584 -1024 305 ) 
4 31 43 (3712 -1024 832 ) (3072 -1024 832 ) (3072 -1024 305 ) (3712 -1024 305 ) 
4 31 32 (3072 -1024 64 ) (3072 -1024 832 ) (3072 0 832 ) (3072 0 64 ) 
4 32 73 (2688 -1024 64 ) (3072 -1024 64 ) (3072 -1024 320 ) (2688 -1024 320 ) 
4 32 63 (3072 -1024 320 ) (3072 -1024 448 ) (2688 -1024 448 ) (2688 -1024 320 ) 
4 32 61 (3072 -1024 448 ) (3072 -1024 512 ) (2688 -1024 512 ) (2688 -1024 448 ) 
4 32 57 (3072 -1024 512 ) (3072 -1024 576 ) (2688 -1024 576 ) (2688 -1024 512 ) 
4 32 56 (3072 -1024 576 ) (3072 -1024 832 ) (2688 -1024 832 ) (2688 -1024 576 ) 
4 32 34 (2688 -1024 448 ) (2688 -1024 832 ) (2688 -960 832 ) (2688 -960 448 ) 
4 32 33 (2688 0 64 ) (2688 -960 64 ) (2688 -960 832 ) (2688 0 832 ) 
4 33 36 (2368 0 320 ) (2368 0 64 ) (2368 -960 64 ) (2368 -960 320 ) 
4 33 35 (2368 0 832 ) (2368 0 320 ) (2368 -960 320 ) (2368 -960 832 ) 
4 33 34 (2688 -960 448 ) (2688 -960 832 ) (2368 -960 832 ) (2368 -960 448 ) 
4 34 62 (2688 -1024 448 ) (2688 -1024 512 ) (2368 -1024 512 ) (2368 -1024 448 ) 
4 34 58 (2688 -1024 512 ) (2688 -1024 576 ) (2368 -1024 576 ) (2368 -1024 512 ) 
4 34 56 (2688 -1024 576 ) (2688 -1024 832 ) (2368 -1024 832 ) (2368 -1024 576 ) 
4 34 35 (2368 -1024 448 ) (2368 -1024 832 ) (2368 -960 832 ) (2368 -960 448 ) 
4 35 70 (2304 -1024 448 ) (2208 -1024 448 ) (2208 -1024 320 ) (2304 -1024 320 ) 
4 35 69 (2368 -1024 320 ) (2368 -1024 448 ) (2304 -1024 448 ) (2304 -1024 320 ) 
4 35 62 (2368 -1024 448 ) (2368 -1024 512 ) (2208 -1024 512 ) (2208 -1024 448 ) 
4 35 58 (2368 -1024 512 ) (2368 -1024 576 ) (2208 -1024 576 ) (2208 -1024 512 ) 
4 35 56 (2368 -1024 576 ) (2368 -1024 832 ) (2208 -1024 832 ) (2208 -1024 576 ) 
4 35 39 (2208 -960 448 ) (2208 0 448 ) (2208 0 320 ) (2208 -960 320 ) 
4 35 38 (2208 -1024 448 ) (2208 -1024 832 ) (2208 0 832 ) (2208 0 448 ) 
4 35 36 (2208 -960 320 ) (2208 0 320 ) (2368 0 320 ) (2368 -960 320 ) 
4 36 39 (2208 0 64 ) (2208 -960 64 ) (2208 -960 320 ) (2208 0 320 ) 
4 37 79 (2368 -1024 72 ) (2368 -1024 256 ) (2208 -1024 256 ) (2208 -1024 72 ) 
4 38 94 (2048 -1024 448 ) (2048 -1024 832 ) (2048 0 832 ) (2048 0 448 ) 
4 38 62 (2048 -1024 512 ) (2048 -1024 448 ) (2208 -1024 448 ) (2208 -1024 512 ) 
4 38 58 (2048 -1024 576 ) (2048 -1024 512 ) (2208 -1024 512 ) (2208 -1024 576 ) 
4 38 56 (2048 -1024 832 ) (2048 -1024 576 ) (2208 -1024 576 ) (2208 -1024 832 ) 
4 38 39 (2048 0 448 ) (2208 0 448 ) (2208 -960 448 ) (2048 -960 448 ) 
4 39 95 (2048 -960 448 ) (2048 0 448 ) (2048 0 64 ) (2048 -960 64 ) 
4 40 47 (3776 -1024 305 ) (4096 -1024 305 ) (4096 -1088 305 ) (3776 -1088 305 ) 
4 40 44 (4096 -1088 384 ) (4096 -1088 832 ) (3776 -1088 832 ) (3776 -1088 384 ) 
4 40 42 (3776 -1024 305 ) (3776 -1088 305 ) (3776 -1088 320 ) (3776 -1024 320 ) 
4 40 41 (3776 -1088 320 ) (3776 -1088 832 ) (3776 -1024 832 ) (3776 -1024 320 ) 
4 41 44 (3776 -1088 384 ) (3776 -1088 832 ) (3712 -1088 832 ) (3712 -1088 384 ) 
4 41 43 (3712 -1088 320 ) (3712 -1088 832 ) (3712 -1024 832 ) (3712 -1024 320 ) 
4 41 42 (3712 -1088 320 ) (3712 -1024 320 ) (3776 -1024 320 ) (3776 -1088 320 ) 
4 42 48 (3712 -1024 305 ) (3776 -1024 305 ) (3776 -1088 305 ) (3712 -1088 305 ) 
4 42 43 (3712 -1024 305 ) (3712 -1088 305 ) (3712 -1088 320 ) (3712 -1024 320 ) 
4 43 73 (3072 -1024 320 ) (3072 -1024 305 ) (3072 -1088 305 ) (3072 -1088 320 ) 
4 43 63 (3072 -1024 448 ) (3072 -1024 320 ) (3072 -1088 320 ) (3072 -1088 448 ) 
4 43 61 (3072 -1024 512 ) (3072 -1024 448 ) (3072 -1088 448 ) (3072 -1088 512 ) 
4 43 57 (3072 -1024 576 ) (3072 -1024 512 ) (3072 -1088 512 ) (3072 -1088 576 ) 
4 43 56 (3072 -1024 832 ) (3072 -1024 576 ) (3072 -1088 576 ) (3072 -1088 832 ) 
4 43 49 (3584 -1024 305 ) (3712 -1024 305 ) (3712 -1088 305 ) (3584 -1088 305 ) 
4 43 55 (3072 -1088 305 ) (3072 -1024 305 ) (3584 -1024 305 ) (3584 -1088 305 ) 
4 43 44 (3712 -1088 384 ) (3712 -1088 832 ) (3584 -1088 832 ) (3584 -1088 384 ) 
4 43 46 (3072 -1088 305 ) (3584 -1088 305 ) (3584 -1088 832 ) (3072 -1088 832 ) 
4 44 45 (3584 -1728 832 ) (3584 -1728 384 ) (4096 -1728 384 ) (4096 -1728 832 ) 
4 44 46 (3584 -1728 832 ) (3584 -1088 832 ) (3584 -1088 384 ) (3584 -1728 384 ) 
4 45 84 (4096 -2048 305 ) (4096 -2048 832 ) (3584 -2048 832 ) (3584 -2048 305 ) 
4 45 54 (4096 -2048 305 ) (3584 -2048 305 ) (3584 -1728 305 ) (4096 -1728 305 ) 
4 45 46 (3584 -2048 832 ) (3584 -1728 832 ) (3584 -1728 305 ) (3584 -2048 305 ) 
4 46 84 (3584 -2048 832 ) (3072 -2048 832 ) (3072 -2048 305 ) (3584 -2048 305 ) 
4 46 81 (3072 -1792 305 ) (3072 -2048 305 ) (3072 -2048 448 ) (3072 -1792 448 ) 
4 46 80 (3072 -2048 448 ) (3072 -2048 832 ) (3072 -1792 832 ) (3072 -1792 448 ) 
4 46 73 (3072 -1088 305 ) (3072 -1792 305 ) (3072 -1792 320 ) (3072 -1088 320 ) 
4 46 63 (3072 -1792 320 ) (3072 -1792 448 ) (3072 -1088 448 ) (3072 -1088 320 ) 
4 46 61 (3072 -1792 448 ) (3072 -1792 512 ) (3072 -1088 512 ) (3072 -1088 448 ) 
4 46 59 (3072 -1792 512 ) (3072 -1792 576 ) (3072 -1376 576 ) (3072 -1376 512 ) 
4 46 57 (3072 -1376 576 ) (3072 -1088 576 ) (3072 -1088 512 ) (3072 -1376 512 ) 
4 46 56 (3072 -1792 576 ) (3072 -1792 832 ) (3072 -1088 832 ) (3072 -1088 576 ) 
4 46 55 (3584 -2048 305 ) (3072 -2048 305 ) (3072 -1088 305 ) (3584 -1088 305 ) 
4 47 50 (3776 -1088 64 ) (4096 -1088 64 ) (4096 -1088 305 ) (3776 -1088 305 ) 
4 47 48 (3776 -1024 64 ) (3776 -1088 64 ) (3776 -1088 305 ) (3776 -1024 305 ) 
4 48 49 (3712 -1024 64 ) (3712 -1088 64 ) (3712 -1088 305 ) (3712 -1024 305 ) 
4 48 50 (3712 -1088 64 ) (3776 -1088 64 ) (3776 -1088 305 ) (3712 -1088 305 ) 
4 49 50 (3584 -1088 305 ) (3584 -1088 64 ) (3712 -1088 64 ) (3712 -1088 305 ) 
4 49 55 (3584 -1024 64 ) (3584 -1088 64 ) (3584 -1088 305 ) (3584 -1024 305 ) 
4 50 52 (3584 -1152 305 ) (3584 -1152 64 ) (3648 -1152 64 ) (3648 -1152 305 ) 
4 50 51 (3648 -1152 64 ) (4096 -1152 64 ) (4096 -1152 305 ) (3648 -1152 305 ) 
4 50 55 (3584 -1088 64 ) (3584 -1152 64 ) (3584 -1152 305 ) (3584 -1088 305 ) 
4 51 53 (3648 -1664 64 ) (4096 -1664 64 ) (4096 -1664 305 ) (3648 -1664 305 ) 
4 51 52 (3648 -1152 305 ) (3648 -1152 64 ) (3648 -1664 64 ) (3648 -1664 305 ) 
4 52 53 (3584 -1664 305 ) (3584 -1664 64 ) (3648 -1664 64 ) (3648 -1664 305 ) 
4 52 55 (3584 -1152 64 ) (3584 -1664 64 ) (3584 -1664 305 ) (3584 -1152 305 ) 
4 53 55 (3584 -1664 64 ) (3584 -1728 64 ) (3584 -1728 305 ) (3584 -1664 305 ) 
4 53 54 (3584 -1728 305 ) (3584 -1728 64 ) (4096 -1728 64 ) (4096 -1728 305 ) 
4 54 84 (4096 -2048 64 ) (4096 -2048 305 ) (3584 -2048 305 ) (3584 -2048 64 ) 
4 54 55 (3584 -1728 64 ) (3584 -2048 64 ) (3584 -2048 305 ) (3584 -1728 305 ) 
4 55 84 (3584 -2048 305 ) (3072 -2048 305 ) (3072 -2048 64 ) (3584 -2048 64 ) 
4 55 81 (3072 -1792 64 ) (3072 -2048 64 ) (3072 -2048 305 ) (3072 -1792 305 ) 
4 55 73 (3072 -1024 305 ) (3072 -1024 64 ) (3072 -1792 64 ) (3072 -1792 305 ) 
4 56 105 (2048 -1376 832 ) (2048 -1344 832 ) (2048 -1344 576 ) (2048 -1376 576 ) 
4 56 104 (2048 -1344 832 ) (2048 -1024 832 ) (2048 -1024 576 ) (2048 -1344 576 ) 
4 56 106 (2048 -1792 576 ) (2048 -1792 832 ) (2048 -1376 832 ) (2048 -1376 576 ) 
4 56 80 (2048 -1792 832 ) (2048 -1792 576 ) (3072 -1792 576 ) (3072 -1792 832 ) 
4 56 59 (3072 -1792 576 ) (2688 -1792 576 ) (2688 -1376 576 ) (3072 -1376 576 ) 
4 56 60 (2656 -1792 576 ) (2048 -1792 576 ) (2048 -1376 576 ) (2656 -1376 576 ) 
4 56 58 (2048 -1344 576 ) (2048 -1024 576 ) (2688 -1024 576 ) (2688 -1344 576 ) 
4 56 57 (2688 -1024 576 ) (3072 -1024 576 ) (3072 -1376 576 ) (2688 -1376 576 ) 
4 57 61 (2688 -1024 512 ) (3072 -1024 512 ) (3072 -1376 512 ) (2688 -1376 512 ) 
4 57 59 (2688 -1376 512 ) (3072 -1376 512 ) (3072 -1376 576 ) (2688 -1376 576 ) 
4 57 58 (2688 -1024 512 ) (2688 -1344 512 ) (2688 -1344 576 ) (2688 -1024 576 ) 
4 58 104 (2048 -1344 576 ) (2048 -1024 576 ) (2048 -1024 512 ) (2048 -1344 512 ) 
4 58 62 (2048 -1344 512 ) (2048 -1024 512 ) (2688 -1024 512 ) (2688 -1344 512 ) 
4 59 80 (2688 -1792 512 ) (3072 -1792 512 ) (3072 -1792 576 ) (2688 -1792 576 ) 
4 59 61 (3072 -1792 512 ) (2688 -1792 512 ) (2688 -1376 512 ) (3072 -1376 512 ) 
4 60 106 (2048 -1792 512 ) (2048 -1792 576 ) (2048 -1376 576 ) (2048 -1376 512 ) 
4 60 80 (2048 -1792 576 ) (2048 -1792 512 ) (2656 -1792 512 ) (2656 -1792 576 ) 
4 61 80 (2688 -1792 448 ) (3072 -1792 448 ) (3072 -1792 512 ) (2688 -1792 512 ) 
4 61 63 (3072 -1792 448 ) (2688 -1792 448 ) (2688 -1024 448 ) (3072 -1024 448 ) 
4 61 62 (2688 -1024 448 ) (2688 -1344 448 ) (2688 -1344 512 ) (2688 -1024 512 ) 
4 62 108 (2048 -1344 512 ) (2048 -1024 512 ) (2048 -1024 448 ) (2048 -1344 448 ) 
4 62 70 (2208 -1024 448 ) (2304 -1024 448 ) (2304 -1344 448 ) (2208 -1344 448 ) 
4 62 69 (2304 -1024 448 ) (2464 -1024 448 ) (2464 -1344 448 ) (2304 -1344 448 ) 
4 62 72 (2048 -1344 448 ) (2048 -1024 448 ) (2208 -1024 448 ) (2208 -1344 448 ) 
4 62 66 (2496 -1168 448 ) (2496 -1344 448 ) (2464 -1344 448 ) (2464 -1168 448 ) 
4 62 65 (2464 -1024 448 ) (2496 -1024 448 ) (2496 -1168 448 ) (2464 -1168 448 ) 
4 62 64 (2496 -1024 448 ) (2624 -1024 448 ) (2624 -1344 448 ) (2496 -1344 448 ) 
4 63 81 (2688 -1792 320 ) (3072 -1792 320 ) (3072 -1792 448 ) (2688 -1792 448 ) 
4 63 73 (3072 -1792 320 ) (2688 -1792 320 ) (2688 -1024 320 ) (3072 -1024 320 ) 
4 64 77 (2624 -1169.630005 320 ) (2624 -1536 320 ) (2496 -1536 320 ) (2496 -1169.630127 320 ) 
4 64 75 (2624 -1168 320 ) (2624 -1169.630005 320 ) (2496 -1169.630127 320 ) (2496 -1168 320 ) 
4 64 67 (2624 -1536 384 ) (2624 -1536 448 ) (2496 -1536 448 ) (2496 -1536 384 ) 
4 64 66 (2496 -1536 384 ) (2496 -1536 448 ) (2496 -1168 448 ) (2496 -1168 384 ) 
4 64 65 (2496 -1024 320 ) (2496 -1168 320 ) (2496 -1168 448 ) (2496 -1024 448 ) 
4 65 69 (2464 -1024 320 ) (2464 -1168 320 ) (2464 -1168 448 ) (2464 -1024 448 ) 
4 65 66 (2464 -1168 448 ) (2464 -1168 384 ) (2496 -1168 384 ) (2496 -1168 448 ) 
4 66 69 (2464 -1536 384 ) (2464 -1536 448 ) (2464 -1168 448 ) (2464 -1168 384 ) 
4 66 67 (2464 -1536 448 ) (2464 -1536 384 ) (2496 -1536 384 ) (2496 -1536 448 ) 
4 67 69 (2464 -1568 384 ) (2464 -1568 448 ) (2464 -1536 448 ) (2464 -1536 384 ) 
4 67 68 (2464 -1568 448 ) (2464 -1568 384 ) (2624 -1568 384 ) (2624 -1568 448 ) 
4 68 69 (2464 -1568 320 ) (2464 -1792 320 ) (2464 -1792 448 ) (2464 -1568 448 ) 
4 69 70 (2304 -1024 320 ) (2304 -1344 320 ) (2304 -1344 448 ) (2304 -1024 448 ) 
4 69 71 (2304 -1440 320 ) (2304 -1792 320 ) (2304 -1792 448 ) (2304 -1440 448 ) 
4 70 72 (2208 -1024 320 ) (2208 -1344 320 ) (2208 -1344 448 ) (2208 -1024 448 ) 
4 71 72 (2208 -1440 320 ) (2208 -1792 320 ) (2208 -1792 448 ) (2208 -1440 448 ) 
4 72 111 (2048 -1792 320 ) (2048 -1792 448 ) (2048 -1024 448 ) (2048 -1024 320 ) 
4 73 81 (3072 -1792 64 ) (3072 -1792 320 ) (2688 -1792 320 ) (2688 -1792 64 ) 
4 74 79 (2496 -1168 72 ) (2496 -1168 256 ) (2496 -1024 256 ) (2496 -1024 72 ) 
4 74 76 (2496 -1168 256 ) (2496 -1168 72 ) (2624 -1168 72 ) (2624 -1168 256 ) 
4 76 79 (2496 -1424.038574 72 ) (2496 -1182.969482 256 ) (2496 -1168 256 ) (2496 -1168 72 ) 
4 77 79 (2496 -1536 72 ) (2496 -1536 256 ) (2496 -1253.480225 256 ) (2496 -1494.549316 72 ) 
4 77 78 (2496 -1536 256 ) (2496 -1536 72 ) (2624 -1536 72 ) (2624 -1536 256 ) 
4 78 79 (2496 -1792 72 ) (2496 -1792 256 ) (2496 -1536 256 ) (2496 -1536 72 ) 
4 79 112 (2048 -1792 72 ) (2048 -1792 256 ) (2048 -1024 256 ) (2048 -1024 72 ) 
4 80 109 (2048 -2048 448 ) (2048 -2048 512 ) (2048 -1792 512 ) (2048 -1792 448 ) 
4 80 106 (2048 -2048 512 ) (2048 -2048 832 ) (2048 -1792 832 ) (2048 -1792 512 ) 
4 80 85 (2048 -2048 832 ) (2048 -2048 448 ) (3072 -2048 448 ) (3072 -2048 832 ) 
4 80 82 (2688 -1856 448 ) (2688 -2048 448 ) (2048 -2048 448 ) (2048 -1856 448 ) 
4 80 81 (2688 -1792 448 ) (3072 -1792 448 ) (3072 -2048 448 ) (2688 -2048 448 ) 
4 81 85 (2688 -2048 64 ) (3072 -2048 64 ) (3072 -2048 448 ) (2688 -2048 448 ) 
4 81 82 (2688 -1856 64 ) (2688 -2048 64 ) (2688 -2048 448 ) (2688 -1856 448 ) 
4 82 115 (2048 -2048 64 ) (2048 -2048 448 ) (2048 -1856 448 ) (2048 -1856 64 ) 
4 82 85 (2048 -2048 448 ) (2048 -2048 64 ) (2688 -2048 64 ) (2688 -2048 448 ) 
4 83 84 (4096 -2048 832 ) (4096 -2048 64 ) (4096 -2432 64 ) (4096 -2432 832 ) 
4 84 85 (3072 -2048 832 ) (3072 -2048 64 ) (3072 -2432 64 ) (3072 -2432 832 ) 
4 85 118 (2048 -2432 832 ) (2048 -2048 832 ) (2048 -2048 64 ) (2048 -2432 64 ) 
4 86 88 (2048 1024 64 ) (2048 1024 832 ) (1024 1024 832 ) (1024 1024 64 ) 
4 86 87 (1024 1472 64 ) (1024 1024 64 ) (1024 1024 832 ) (1024 1472 832 ) 
4 87 90 (0 1024 64 ) (0 1024 832 ) (0 1472 832 ) (0 1472 64 ) 
4 87 89 (0 1024 832 ) (0 1024 64 ) (1024 1024 64 ) (1024 1024 832 ) 
4 88 100 (1792 0 832 ) (1664 0 832 ) (1664 0 64 ) (1792 0 64 ) 
4 88 102 (1664 0 832 ) (1024 0 832 ) (1024 0 64 ) (1664 0 64 ) 
4 88 96 (1952 0 832 ) (1792 0 832 ) (1792 0 64 ) (1952 0 64 ) 
4 88 95 (2048 0 64 ) (2048 0 448 ) (1952 0 448 ) (1952 0 64 ) 
4 88 94 (2048 0 448 ) (2048 0 832 ) (1952 0 832 ) (1952 0 448 ) 
4 88 89 (1024 1024 832 ) (1024 1024 64 ) (1024 0 64 ) (1024 0 832 ) 
4 89 103 (1024 0 64 ) (1024 0 832 ) (0 0 832 ) (0 0 64 ) 
4 89 91 (0 0 64 ) (0 0 832 ) (0 1024 832 ) (0 1024 64 ) 
4 90 92 (-1024 1024 64 ) (-1024 1024 832 ) (-1024 1472 832 ) (-1024 1472 64 ) 
4 90 91 (0 1024 64 ) (0 1024 832 ) (-1024 1024 832 ) (-1024 1024 64 ) 
4 91 120 (0 0 64 ) (0 0 832 ) (-1024 0 832 ) (-1024 0 64 ) 
4 91 93 (-1024 0 64 ) (-1024 0 832 ) (-1024 1024 832 ) (-1024 1024 64 ) 
4 92 93 (-1024 1024 64 ) (-1024 1024 832 ) (-1984 1024 832 ) (-1984 1024 64 ) 
4 93 123 (-1152 0 832 ) (-1984 0 832 ) (-1984 0 64 ) (-1152 0 64 ) 
4 93 122 (-1024 0 64 ) (-1024 0 832 ) (-1152 0 832 ) (-1152 0 64 ) 
4 94 108 (2048 -1024 448 ) (2048 -1024 512 ) (1952 -1024 512 ) (1952 -1024 448 ) 
4 94 104 (2048 -1024 512 ) (2048 -1024 832 ) (1952 -1024 832 ) (1952 -1024 512 ) 
4 94 98 (1952 -1024 448 ) (1952 -1024 832 ) (1952 -992 832 ) (1952 -992 448 ) 
4 94 97 (1952 -992 832 ) (1952 -960 832 ) (1952 -960 448 ) (1952 -992 448 ) 
4 94 96 (1952 -960 832 ) (1952 0 832 ) (1952 0 448 ) (1952 -960 448 ) 
4 94 95 (1952 -960 448 ) (1952 0 448 ) (2048 0 448 ) (2048 -960 448 ) 
4 95 96 (1952 0 64 ) (1952 -960 64 ) (1952 -960 448 ) (1952 0 448 ) 
4 96 100 (1792 0 832 ) (1792 0 64 ) (1792 -960 64 ) (1792 -960 832 ) 
4 96 97 (1952 -960 352 ) (1952 -960 832 ) (1792 -960 832 ) (1792 -960 352 ) 
4 97 101 (1792 -992 448 ) (1792 -992 832 ) (1792 -960 832 ) (1792 -960 448 ) 
4 97 98 (1792 -992 832 ) (1792 -992 352 ) (1952 -992 352 ) (1952 -992 832 ) 
4 98 111 (1792 -1024 448 ) (1792 -1024 320 ) (1952 -1024 320 ) (1952 -1024 448 ) 
4 98 108 (1792 -1024 512 ) (1792 -1024 448 ) (1952 -1024 448 ) (1952 -1024 512 ) 
4 98 104 (1792 -1024 832 ) (1792 -1024 512 ) (1952 -1024 512 ) (1952 -1024 832 ) 
4 98 101 (1792 -1024 448 ) (1792 -1024 832 ) (1792 -992 832 ) (1792 -992 448 ) 
4 99 112 (1792 -1024 256 ) (1792 -1024 72 ) (1952 -1024 72 ) (1952 -1024 256 ) 
4 100 101 (1664 -960 832 ) (1664 -960 448 ) (1792 -960 448 ) (1792 -960 832 ) 
4 100 102 (1664 0 64 ) (1664 -960 64 ) (1664 -960 832 ) (1664 0 832 ) 
4 101 108 (1792 -1024 448 ) (1792 -1024 512 ) (1728 -1024 512 ) (1728 -1024 448 ) 
4 101 110 (1728 -1024 512 ) (1664 -1024 512 ) (1664 -1024 448 ) (1728 -1024 448 ) 
4 101 104 (1792 -1024 512 ) (1792 -1024 832 ) (1728 -1024 832 ) (1728 -1024 512 ) 
4 101 107 (1728 -1024 832 ) (1664 -1024 832 ) (1664 -1024 512 ) (1728 -1024 512 ) 
4 101 102 (1664 -1024 448 ) (1664 -1024 832 ) (1664 -960 832 ) (1664 -960 448 ) 
4 102 114 (1024 -1024 448 ) (1024 -1024 64 ) (1664 -1024 64 ) (1664 -1024 448 ) 
4 102 110 (1024 -1024 512 ) (1024 -1024 448 ) (1664 -1024 448 ) (1664 -1024 512 ) 
4 102 107 (1024 -1024 832 ) (1024 -1024 512 ) (1664 -1024 512 ) (1664 -1024 832 ) 
4 102 103 (1024 -1024 64 ) (1024 -1024 832 ) (1024 0 832 ) (1024 0 64 ) 
4 103 120 (0 0 832 ) (0 0 64 ) (0 -1024 64 ) (0 -1024 832 ) 
4 103 117 (0 -1024 832 ) (0 -1024 64 ) (1024 -1024 64 ) (1024 -1024 832 ) 
4 104 108 (1728 -1344 512 ) (1728 -1024 512 ) (2048 -1024 512 ) (2048 -1344 512 ) 
4 104 105 (1728 -1344 832 ) (1728 -1344 576 ) (2048 -1344 576 ) (2048 -1344 832 ) 
4 104 107 (1728 -1024 512 ) (1728 -1344 512 ) (1728 -1344 832 ) (1728 -1024 832 ) 
4 105 107 (1728 -1376 576 ) (1728 -1376 832 ) (1728 -1344 832 ) (1728 -1344 576 ) 
4 105 106 (1728 -1376 832 ) (1728 -1376 576 ) (2048 -1376 576 ) (2048 -1376 832 ) 
4 106 118 (2048 -2048 512 ) (2048 -2048 832 ) (1728 -2048 832 ) (1728 -2048 512 ) 
4 106 109 (2048 -2048 512 ) (1728 -2048 512 ) (1728 -1792 512 ) (2048 -1792 512 ) 
4 106 107 (1728 -1376 512 ) (1728 -2048 512 ) (1728 -2048 832 ) (1728 -1376 832 ) 
4 107 118 (1728 -2048 832 ) (1024 -2048 832 ) (1024 -2048 512 ) (1728 -2048 512 ) 
4 107 117 (1024 -1024 832 ) (1024 -1024 512 ) (1024 -2048 512 ) (1024 -2048 832 ) 
4 107 110 (1728 -2048 512 ) (1024 -2048 512 ) (1024 -1024 512 ) (1728 -1024 512 ) 
4 108 111 (1728 -1024 448 ) (2048 -1024 448 ) (2048 -1344 448 ) (1728 -1344 448 ) 
4 108 110 (1728 -1024 448 ) (1728 -1344 448 ) (1728 -1344 512 ) (1728 -1024 512 ) 
4 109 118 (2048 -2048 448 ) (2048 -2048 512 ) (1728 -2048 512 ) (1728 -2048 448 ) 
4 109 115 (2048 -1856 448 ) (2048 -2048 448 ) (1728 -2048 448 ) (1728 -1856 448 ) 
4 109 110 (1728 -1792 448 ) (1728 -2048 448 ) (1728 -2048 512 ) (1728 -1792 512 ) 
4 110 118 (1728 -2048 512 ) (1024 -2048 512 ) (1024 -2048 448 ) (1728 -2048 448 ) 
4 110 117 (1024 -1024 512 ) (1024 -1024 448 ) (1024 -2048 448 ) (1024 -2048 512 ) 
4 110 115 (1728 -1856 448 ) (1728 -2048 448 ) (1664 -2048 448 ) (1664 -1856 448 ) 
4 110 116 (1664 -2048 448 ) (1024 -2048 448 ) (1024 -1792 448 ) (1664 -1792 448 ) 
4 110 114 (1024 -1024 448 ) (1664 -1024 448 ) (1664 -1792 448 ) (1024 -1792 448 ) 
4 112 113 (1728 -1536 196 ) (1728 -1536 72 ) (1728 -1664 72 ) (1728 -1664 196 ) 
4 113 114 (1664 -1536 64 ) (1664 -1664 64 ) (1664 -1664 196 ) (1664 -1536 196 ) 
4 114 117 (1024 -1024 448 ) (1024 -1024 64 ) (1024 -1792 64 ) (1024 -1792 448 ) 
4 114 116 (1024 -1792 64 ) (1664 -1792 64 ) (1664 -1792 448 ) (1024 -1792 448 ) 
4 115 118 (2048 -2048 64 ) (2048 -2048 448 ) (1664 -2048 448 ) (1664 -2048 64 ) 
4 115 116 (1664 -1856 64 ) (1664 -2048 64 ) (1664 -2048 448 ) (1664 -1856 448 ) 
4 116 118 (1664 -2048 448 ) (1024 -2048 448 ) (1024 -2048 64 ) (1664 -2048 64 ) 
4 116 117 (1024 -1792 64 ) (1024 -2048 64 ) (1024 -2048 448 ) (1024 -1792 448 ) 
4 117 121 (0 -2048 64 ) (0 -2048 832 ) (0 -1024 832 ) (0 -1024 64 ) 
4 117 119 (1024 -2048 64 ) (1024 -2048 832 ) (0 -2048 832 ) (0 -2048 64 ) 
4 118 119 (1024 -2432 832 ) (1024 -2048 832 ) (1024 -2048 64 ) (1024 -2432 64 ) 
4 119 127 (0 -2432 832 ) (0 -2048 832 ) (0 -2048 64 ) (0 -2432 64 ) 
4 120 122 (-1024 0 832 ) (-1024 0 64 ) (-1024 -1024 64 ) (-1024 -1024 832 ) 
4 120 121 (0 -1024 64 ) (0 -1024 832 ) (-1024 -1024 832 ) (-1024 -1024 64 ) 
4 121 127 (0 -2048 64 ) (0 -2048 832 ) (-1024 -2048 832 ) (-1024 -2048 64 ) 
4 121 126 (-1024 -2048 64 ) (-1024 -2048 832 ) (-1024 -1024 832 ) (-1024 -1024 64 ) 
4 122 126 (-1024 -1024 64 ) (-1024 -1024 832 ) (-1152 -1024 832 ) (-1152 -1024 64 ) 
4 122 124 (-1152 -896 384 ) (-1152 -896 832 ) (-1152 -256 832 ) (-1152 -256 384 ) 
4 122 123 (-1152 0 64 ) (-1152 -256 64 ) (-1152 -256 832 ) (-1152 0 832 ) 
4 122 125 (-1152 -896 64 ) (-1152 -1024 64 ) (-1152 -1024 832 ) (-1152 -896 832 ) 
4 123 124 (-1152 -256 384 ) (-1152 -256 832 ) (-1984 -256 832 ) (-1984 -256 384 ) 
4 124 125 (-1152 -896 384 ) (-1152 -896 832 ) (-1984 -896 832 ) (-1984 -896 384 ) 
4 125 126 (-1984 -1024 832 ) (-1984 -1024 64 ) (-1152 -1024 64 ) (-1152 -1024 832 ) 
4 126 128 (-1024 -2048 64 ) (-1024 -2048 832 ) (-1984 -2048 832 ) (-1984 -2048 64 ) 
4 127 128 (-1024 -2048 832 ) (-1024 -2048 64 ) (-1024 -2432 64 ) (-1024 -2432 832 ) 
