PRT1
82
212
4 0 25 (11.966701 2048 114 ) (11.966701 2048 0 ) (384 2048 0 ) (384 2048 114 ) 
4 0 23 (384 2048 448 ) (11.966701 2048 448 ) (11.966701 2048 114 ) (384 2048 114 ) 
4 0 3 (11.966701 2048 253 ) (11.966701 2048 448 ) (11.966701 2184.600098 448 ) (11.966701 2184.600098 253 ) 
4 0 2 (11.966701 2184.600098 253 ) (11.966701 2184.600098 448 ) (11.966701 2209.600098 448 ) (11.966701 2209.600098 253 ) 
4 0 1 (11.966701 2944 448 ) (11.966701 2944 0 ) (11.966701 2209.600098 0 ) (11.966701 2209.600098 448 ) 
4 1 7 (0 2240 0 ) (0 2209.600098 0 ) (0 2209.600098 256 ) (0 2240 256 ) 
4 1 5 (0 2944 256 ) (0 2944 0 ) (0 2240 0 ) (0 2240 256 ) 
4 1 4 (0 2944 448 ) (0 2944 256 ) (0 2209.600098 256 ) (0 2209.600098 448 ) 
4 1 2 (11.966701 2209.600098 253 ) (11.966701 2209.600098 448 ) (0 2209.600098 448 ) (0 2209.600098 253 ) 
4 2 8 (0 2184.600098 253 ) (0 2184.600098 256 ) (0 2209.600098 256 ) (0 2209.600098 253 ) 
4 2 4 (0 2184.600098 256 ) (0 2184.600098 448 ) (0 2209.600098 448 ) (0 2209.600098 256 ) 
4 2 3 (0 2184.600098 448 ) (0 2184.600098 253 ) (11.966701 2184.600098 253 ) (11.966701 2184.600098 448 ) 
4 3 24 (0 2048 448 ) (0 2048 253 ) (11.966701 2048 253 ) (11.966701 2048 448 ) 
4 3 9 (0 2048 253 ) (0 2048 256 ) (0 2184.600098 256 ) (0 2184.600098 253 ) 
4 3 4 (0 2048 256 ) (0 2048 448 ) (0 2184.600098 448 ) (0 2184.600098 256 ) 
4 4 41 (-832 2048 448 ) (-896 2048 448 ) (-896 2048 256 ) (-832 2048 256 ) 
4 4 42 (-896 2048 448 ) (-1024 2048 448 ) (-1024 2048 256 ) (-896 2048 256 ) 
4 4 35 (-488.033020 2048 448 ) (-513.033081 2048 448 ) (-513.033081 2048 256 ) (-488.033020 2048 256 ) 
4 4 34 (-13.033300 2048 448 ) (-488.033020 2048 448 ) (-488.033020 2048 256 ) (-13.033300 2048 256 ) 
4 4 36 (-513.033081 2048 448 ) (-832 2048 448 ) (-832 2048 256 ) (-513.033081 2048 256 ) 
4 4 32 (0 2048 256 ) (0 2048 448 ) (-13.033300 2048 448 ) (-13.033300 2048 256 ) 
4 4 17 (-1024 2048 256 ) (-1024 2048 448 ) (-1024 2944 448 ) (-1024 2944 256 ) 
4 4 15 (-896 2048 256 ) (-1024 2048 256 ) (-1024 2240 256 ) (-896 2240 256 ) 
4 4 13 (-488.033020 2048 256 ) (-513.033081 2048 256 ) (-513.033081 2209.600098 256 ) (-488.033020 2209.600098 256 ) 
4 4 12 (-513.033081 2209.600098 256 ) (-513.033081 2240 256 ) (-488.033020 2240 256 ) (-488.033020 2209.600098 256 ) 
4 4 14 (-513.033081 2048 256 ) (-832 2048 256 ) (-832 2240 256 ) (-513.033081 2240 256 ) 
4 4 9 (0 2048 256 ) (-13.033300 2048 256 ) (-13.033300 2184.600098 256 ) (0 2184.600098 256 ) 
4 4 10 (-13.033300 2048 256 ) (-488.033020 2048 256 ) (-488.033020 2184.600098 256 ) (-13.033300 2184.600098 256 ) 
4 4 8 (-488.033020 2184.600098 256 ) (-488.033020 2209.600098 256 ) (0 2209.600098 256 ) (0 2184.600098 256 ) 
4 4 7 (-488.033020 2209.600098 256 ) (-488.033020 2240 256 ) (0 2240 256 ) (0 2209.600098 256 ) 
4 4 6 (-1024 2304 256 ) (-1024 2944 256 ) (-832 2944 256 ) (-832 2304 256 ) 
4 4 5 (-832 2944 256 ) (0 2944 256 ) (0 2240 256 ) (-832 2240 256 ) 
4 5 12 (-513.033081 2240 0 ) (-488.033020 2240 0 ) (-488.033020 2240 256 ) (-513.033081 2240 256 ) 
4 5 14 (-832 2240 0 ) (-513.033081 2240 0 ) (-513.033081 2240 256 ) (-832 2240 256 ) 
4 5 7 (-488.033020 2240 0 ) (0 2240 0 ) (0 2240 256 ) (-488.033020 2240 256 ) 
4 5 6 (-832 2944 256 ) (-832 2944 0 ) (-832 2304 0 ) (-832 2304 256 ) 
4 6 18 (-1024 2304 256 ) (-1024 2944 256 ) (-1024 2944 0 ) (-1024 2304 0 ) 
4 7 12 (-488.033020 2240 256 ) (-488.033020 2240 0 ) (-488.033020 2209.600098 0 ) (-488.033020 2209.600098 256 ) 
4 7 8 (-488.033020 2209.600098 256 ) (-488.033020 2209.600098 253 ) (0 2209.600098 253 ) (0 2209.600098 256 ) 
4 8 13 (-488.033020 2184.600098 253 ) (-488.033020 2184.600098 256 ) (-488.033020 2209.600098 256 ) (-488.033020 2209.600098 253 ) 
4 8 9 (-13.033300 2184.600098 253 ) (0 2184.600098 253 ) (0 2184.600098 256 ) (-13.033300 2184.600098 256 ) 
4 8 10 (-488.033020 2184.600098 256 ) (-488.033020 2184.600098 253 ) (-13.033300 2184.600098 253 ) (-13.033300 2184.600098 256 ) 
4 9 32 (0 2048 253 ) (0 2048 256 ) (-13.033300 2048 256 ) (-13.033300 2048 253 ) 
4 9 10 (-13.033300 2184.600098 256 ) (-13.033300 2184.600098 253 ) (-13.033300 2048 253 ) (-13.033300 2048 256 ) 
4 10 34 (-13.033300 2048 256 ) (-488.033020 2048 256 ) (-488.033020 2048 114 ) (-13.033300 2048 114 ) 
4 10 13 (-488.033020 2048 253 ) (-488.033020 2048 256 ) (-488.033020 2184.600098 256 ) (-488.033020 2184.600098 253 ) 
4 10 11 (-13.033300 2048 114 ) (-488.033020 2048 114 ) (-488.033020 2184.600098 114 ) (-13.033300 2184.600098 114 ) 
4 11 34 (-13.033300 2048 114 ) (-488.033020 2048 114 ) (-488.033020 2048 0 ) (-13.033300 2048 0 ) 
4 12 13 (-513.033081 2209.600098 256 ) (-513.033081 2209.600098 253 ) (-488.033020 2209.600098 253 ) (-488.033020 2209.600098 256 ) 
4 12 14 (-513.033081 2240 256 ) (-513.033081 2240 0 ) (-513.033081 2209.600098 0 ) (-513.033081 2209.600098 256 ) 
4 13 35 (-488.033020 2048 256 ) (-513.033081 2048 256 ) (-513.033081 2048 253 ) (-488.033020 2048 253 ) 
4 13 14 (-513.033081 2048 253 ) (-513.033081 2048 256 ) (-513.033081 2209.600098 256 ) (-513.033081 2209.600098 253 ) 
4 14 36 (-513.033081 2048 256 ) (-832 2048 256 ) (-832 2048 0 ) (-513.033081 2048 0 ) 
4 15 42 (-896 2048 256 ) (-1024 2048 256 ) (-1024 2048 128 ) (-896 2048 128 ) 
4 15 20 (-1024 2048 128 ) (-1024 2048 256 ) (-1024 2240 256 ) (-1024 2240 128 ) 
4 15 16 (-1024 2048 128 ) (-1024 2240 128 ) (-896 2240 128 ) (-896 2048 128 ) 
4 16 44 (-1024 2048 128 ) (-1024 2048 0 ) (-896 2048 0 ) (-896 2048 128 ) 
4 16 20 (-1024 2048 0 ) (-1024 2048 128 ) (-1024 2240 128 ) (-1024 2240 0 ) 
4 17 68 (-1024 2048 256 ) (-1024 2048 448 ) (-2048 2048 448 ) (-2048 2048 256 ) 
4 17 22 (-2048 2048 256 ) (-2048 2048 448 ) (-2048 2944 448 ) (-2048 2944 256 ) 
4 17 20 (-1024 2240 256 ) (-1024 2048 256 ) (-1408 2048 256 ) (-1408 2240 256 ) 
4 17 21 (-1472 2048 256 ) (-2048 2048 256 ) (-2048 2240 256 ) (-1472 2240 256 ) 
4 17 18 (-1024 2944 256 ) (-1024 2304 256 ) (-1472 2304 256 ) (-1472 2944 256 ) 
4 17 19 (-1472 2240 256 ) (-2048 2240 256 ) (-2048 2944 256 ) (-1472 2944 256 ) 
4 18 19 (-1472 2944 256 ) (-1472 2944 0 ) (-1472 2304 0 ) (-1472 2304 256 ) 
4 19 22 (-2048 2240 256 ) (-2048 2944 256 ) (-2048 2944 0 ) (-2048 2240 0 ) 
4 19 21 (-2048 2240 0 ) (-1472 2240 0 ) (-1472 2240 256 ) (-2048 2240 256 ) 
4 20 69 (-1024 2048 0 ) (-1024 2048 256 ) (-1408 2048 256 ) (-1408 2048 0 ) 
4 21 70 (-1472 2048 256 ) (-2048 2048 256 ) (-2048 2048 0 ) (-1472 2048 0 ) 
4 21 22 (-2048 2048 0 ) (-2048 2048 256 ) (-2048 2240 256 ) (-2048 2240 0 ) 
4 22 75 (-2048 2048 0 ) (-2048 2048 448 ) (-2944 2048 448 ) (-2944 2048 0 ) 
4 23 27 (384 1761.599976 114 ) (384 1761.599976 448 ) (11.966701 1761.599976 448 ) (11.966701 1761.599976 114 ) 
4 23 25 (384 1761.599976 114 ) (11.966701 1761.599976 114 ) (11.966701 2048 114 ) (384 2048 114 ) 
4 23 24 (11.966701 1761.599976 253 ) (11.966701 1761.599976 448 ) (11.966701 2048 448 ) (11.966701 2048 253 ) 
4 24 32 (0 2048 448 ) (0 2048 253 ) (0 1761.599976 253 ) (0 1761.599976 448 ) 
4 24 28 (11.966701 1761.599976 448 ) (0 1761.599976 448 ) (0 1761.599976 253 ) (11.966701 1761.599976 253 ) 
4 25 27 (11.966701 1761.599976 0 ) (384 1761.599976 0 ) (384 1761.599976 114 ) (11.966701 1761.599976 114 ) 
4 25 26 (11.966701 2022.599976 0 ) (11.966701 1922.220093 0 ) (11.966701 1922.220093 114 ) (11.966701 2022.599976 114 ) 
4 26 33 (0 2022.599976 0 ) (0 1922.220093 0 ) (0 1922.220093 114 ) (0 2022.599976 114 ) 
4 27 30 (256 1736.599976 0 ) (384 1736.599976 0 ) (384 1736.599976 8 ) (256 1736.599976 8 ) 
4 27 29 (384 1736.599976 8 ) (384 1736.599976 448 ) (11.966701 1736.599976 448 ) (11.966701 1736.599976 8 ) 
4 27 28 (11.966701 1761.599976 448 ) (11.966701 1761.599976 253 ) (11.966701 1736.599976 253 ) (11.966701 1736.599976 448 ) 
4 28 37 (0 1736.599976 253 ) (0 1736.599976 448 ) (0 1761.599976 448 ) (0 1761.599976 253 ) 
4 28 29 (11.966701 1736.599976 253 ) (11.966701 1736.599976 448 ) (0 1736.599976 448 ) (0 1736.599976 253 ) 
4 29 39 (0 1608.599976 8 ) (0 1608.599976 448 ) (0 1736.599976 448 ) (0 1736.599976 8 ) 
4 29 30 (384 1608.599976 8 ) (256 1608.599976 8 ) (256 1736.599976 8 ) (384 1736.599976 8 ) 
4 29 31 (384 1608.599976 8 ) (384 1608.599976 448 ) (0 1608.599976 448 ) (0 1608.599976 8 ) 
4 30 31 (256 1608.599976 0 ) (384 1608.599976 0 ) (384 1608.599976 8 ) (256 1608.599976 8 ) 
4 31 53 (384 1024 448 ) (0 1024 448 ) (0 1024 0 ) (384 1024 0 ) 
4 31 51 (0 1224.599976 0 ) (0 1096.599976 0 ) (0 1096.599976 8 ) (0 1224.599976 8 ) 
4 31 52 (0 1096.599976 0 ) (0 1024 0 ) (0 1024 8 ) (0 1096.599976 8 ) 
4 31 50 (0 1024 8 ) (0 1024 448 ) (0 1224.599976 448 ) (0 1224.599976 8 ) 
4 31 48 (0 1608.599976 0 ) (0 1224.599976 0 ) (0 1224.599976 8 ) (0 1608.599976 8 ) 
4 31 47 (0 1224.599976 8 ) (0 1224.599976 448 ) (0 1608.599976 448 ) (0 1608.599976 8 ) 
4 32 37 (0 1761.599976 253 ) (0 1761.599976 448 ) (-13.033300 1761.599976 448 ) (-13.033300 1761.599976 253 ) 
4 32 34 (-13.033300 2048 448 ) (-13.033300 2048 253 ) (-13.033300 1761.599976 253 ) (-13.033300 1761.599976 448 ) 
4 33 34 (-13.033300 2022.599976 0 ) (-13.033300 1922.220093 0 ) (-13.033300 1922.220093 114 ) (-13.033300 2022.599976 114 ) 
4 34 37 (-13.033300 1761.599976 253 ) (-13.033300 1761.599976 448 ) (-488.033020 1761.599976 448 ) (-488.033020 1761.599976 253 ) 
4 34 35 (-488.033020 1761.599976 253 ) (-488.033020 1761.599976 448 ) (-488.033020 2048 448 ) (-488.033020 2048 253 ) 
4 35 37 (-488.033020 1761.599976 253 ) (-488.033020 1761.599976 448 ) (-513.033081 1761.599976 448 ) (-513.033081 1761.599976 253 ) 
4 35 36 (-513.033081 1761.599976 253 ) (-513.033081 1761.599976 448 ) (-513.033081 2048 448 ) (-513.033081 2048 253 ) 
4 36 43 (-832 2048 128 ) (-832 2048 0 ) (-832 1920 0 ) (-832 1920 128 ) 
4 36 41 (-832 2048 448 ) (-832 2048 256 ) (-832 1761.599976 256 ) (-832 1761.599976 448 ) 
4 36 38 (-832 1761.599976 448 ) (-832 1761.599976 0 ) (-513.033081 1761.599976 0 ) (-513.033081 1761.599976 448 ) 
4 37 39 (0 1736.599976 253 ) (0 1736.599976 448 ) (-513.033081 1736.599976 448 ) (-513.033081 1736.599976 253 ) 
4 37 38 (-513.033081 1736.599976 253 ) (-513.033081 1736.599976 448 ) (-513.033081 1761.599976 448 ) (-513.033081 1761.599976 253 ) 
4 38 41 (-832 1736.599976 256 ) (-832 1736.599976 448 ) (-832 1761.599976 448 ) (-832 1761.599976 256 ) 
4 38 40 (-832 1736.599976 8 ) (-832 1736.599976 0 ) (-513.033081 1736.599976 0 ) (-513.033081 1736.599976 8 ) 
4 38 39 (-832 1736.599976 448 ) (-832 1736.599976 8 ) (-513.033081 1736.599976 8 ) (-513.033081 1736.599976 448 ) 
4 39 47 (0 1608.599976 8 ) (0 1608.599976 448 ) (-832 1608.599976 448 ) (-832 1608.599976 8 ) 
4 39 46 (-832 1608.599976 8 ) (-832 1608.599976 256 ) (-832 1664 256 ) (-832 1664 8 ) 
4 39 45 (-832 1608.599976 256 ) (-832 1608.599976 448 ) (-832 1728 448 ) (-832 1728 256 ) 
4 39 41 (-832 1728 448 ) (-832 1736.599976 448 ) (-832 1736.599976 256 ) (-832 1728 256 ) 
4 39 40 (-384 1608.599976 8 ) (-832 1608.599976 8 ) (-832 1736.599976 8 ) (-384 1736.599976 8 ) 
4 40 49 (-832 1608.599976 0 ) (-384 1608.599976 0 ) (-384 1608.599976 8 ) (-832 1608.599976 8 ) 
4 40 46 (-832 1664 0 ) (-832 1608.599976 0 ) (-832 1608.599976 8 ) (-832 1664 8 ) 
4 41 45 (-832 1728 256 ) (-832 1728 448 ) (-896 1728 448 ) (-896 1728 256 ) 
4 41 42 (-896 1728 256 ) (-896 1728 448 ) (-896 2048 448 ) (-896 2048 256 ) 
4 42 69 (-1024 2048 256 ) (-1024 2048 128 ) (-1024 1728 128 ) (-1024 1728 256 ) 
4 42 68 (-1024 2048 448 ) (-1024 2048 256 ) (-1024 1728 256 ) (-1024 1728 448 ) 
4 42 45 (-896 1728 448 ) (-1024 1728 448 ) (-1024 1728 256 ) (-896 1728 256 ) 
4 42 44 (-896 1728 128 ) (-1024 1728 128 ) (-1024 2048 128 ) (-896 2048 128 ) 
4 43 44 (-896 2048 0 ) (-896 1920 0 ) (-896 1920 128 ) (-896 2048 128 ) 
4 44 69 (-1024 2048 128 ) (-1024 2048 0 ) (-1024 1728 0 ) (-1024 1728 128 ) 
4 45 68 (-1024 1608.599976 256 ) (-1024 1608.599976 448 ) (-1024 1728 448 ) (-1024 1728 256 ) 
4 45 47 (-832 1608.599976 256 ) (-832 1608.599976 448 ) (-1024 1608.599976 448 ) (-1024 1608.599976 256 ) 
4 45 46 (-832 1664 256 ) (-832 1608.599976 256 ) (-1024 1608.599976 256 ) (-1024 1664 256 ) 
4 46 71 (-1024 1664 0 ) (-1024 1608.599976 0 ) (-1024 1608.599976 256 ) (-1024 1664 256 ) 
4 46 49 (-1024 1608.599976 0 ) (-832 1608.599976 0 ) (-832 1608.599976 8 ) (-1024 1608.599976 8 ) 
4 46 47 (-832 1608.599976 8 ) (-832 1608.599976 256 ) (-1024 1608.599976 256 ) (-1024 1608.599976 8 ) 
4 47 71 (-1024 1224.599976 8 ) (-1024 1224.599976 256 ) (-1024 1608.599976 256 ) (-1024 1608.599976 8 ) 
4 47 68 (-1024 1224.599976 256 ) (-1024 1224.599976 448 ) (-1024 1608.599976 448 ) (-1024 1608.599976 256 ) 
4 47 50 (-1024 1224.599976 448 ) (-1024 1224.599976 8 ) (0 1224.599976 8 ) (0 1224.599976 448 ) 
4 47 48 (0 1224.599976 8 ) (-256 1224.599976 8 ) (-256 1608.599976 8 ) (0 1608.599976 8 ) 
4 47 49 (-384 1224.599976 8 ) (-1024 1224.599976 8 ) (-1024 1608.599976 8 ) (-384 1608.599976 8 ) 
4 48 51 (-256 1224.599976 0 ) (0 1224.599976 0 ) (0 1224.599976 8 ) (-256 1224.599976 8 ) 
4 49 71 (-1024 1608.599976 0 ) (-1024 1224.599976 0 ) (-1024 1224.599976 8 ) (-1024 1608.599976 8 ) 
4 50 73 (-1024 1024 8 ) (-1024 1024 256 ) (-1024 1224.599976 256 ) (-1024 1224.599976 8 ) 
4 50 68 (-1024 1024 256 ) (-1024 1024 448 ) (-1024 1224.599976 448 ) (-1024 1224.599976 256 ) 
4 50 54 (0 1024 8 ) (0 1024 448 ) (-1024 1024 448 ) (-1024 1024 8 ) 
4 50 51 (-256 1224.599976 8 ) (0 1224.599976 8 ) (0 1096.599976 8 ) (-256 1096.599976 8 ) 
4 50 52 (0 1096.599976 8 ) (0 1024 8 ) (-1024 1024 8 ) (-1024 1096.599976 8 ) 
4 51 52 (-256 1096.599976 0 ) (0 1096.599976 0 ) (0 1096.599976 8 ) (-256 1096.599976 8 ) 
4 52 61 (-896 1024 8 ) (-1024 1024 8 ) (-1024 1024 0 ) (-896 1024 0 ) 
4 52 59 (-768 1024 8 ) (-896 1024 8 ) (-896 1024 0 ) (-768 1024 0 ) 
4 52 57 (-640 1024 8 ) (-768 1024 8 ) (-768 1024 0 ) (-640 1024 0 ) 
4 52 56 (-512 1024 8 ) (-640 1024 8 ) (-640 1024 0 ) (-512 1024 0 ) 
4 52 55 (0 1024 0 ) (0 1024 8 ) (-512 1024 8 ) (-512 1024 0 ) 
4 53 63 (384 0 448 ) (0 0 448 ) (0 0 0 ) (384 0 0 ) 
4 53 55 (0 1024 8 ) (0 1024 0 ) (0 0 0 ) (0 0 8 ) 
4 53 54 (0 1024 448 ) (0 1024 8 ) (0 0 8 ) (0 0 448 ) 
4 54 76 (-1024 0 8 ) (-1024 0 448 ) (-1024 1024 448 ) (-1024 1024 8 ) 
4 54 65 (-512 0 448 ) (-640 0 448 ) (-640 0 8 ) (-512 0 8 ) 
4 54 64 (0 0 8 ) (0 0 448 ) (-512 0 448 ) (-512 0 8 ) 
4 54 67 (-640 0 448 ) (-1024 0 448 ) (-1024 0 8 ) (-640 0 8 ) 
4 54 61 (-1024 840.597046 8 ) (-1024 1024 8 ) (-896 1024 8 ) (-896 840.597046 8 ) 
4 54 62 (-896 0 8 ) (-1024 0 8 ) (-1024 712.597046 8 ) (-896 712.597046 8 ) 
4 54 59 (-896 840.597046 8 ) (-896 1024 8 ) (-768 1024 8 ) (-768 840.597046 8 ) 
4 54 60 (-768 0 8 ) (-896 0 8 ) (-896 328.596985 8 ) (-768 328.596985 8 ) 
4 54 57 (-768 456.597015 8 ) (-768 1024 8 ) (-640 1024 8 ) (-640 456.597015 8 ) 
4 54 58 (-640 0 8 ) (-768 0 8 ) (-768 328.596985 8 ) (-640 328.596985 8 ) 
4 54 56 (-640 456.597015 8 ) (-640 1024 8 ) (-512 1024 8 ) (-512 456.597015 8 ) 
4 54 55 (0 0 8 ) (-512 0 8 ) (-512 1024 8 ) (0 1024 8 ) 
4 55 64 (0 0 0 ) (0 0 8 ) (-512 0 8 ) (-512 0 0 ) 
4 55 56 (-512 1024 0 ) (-512 456.597015 0 ) (-512 456.597015 8 ) (-512 1024 8 ) 
4 56 57 (-640 1024 0 ) (-640 456.597015 0 ) (-640 456.597015 8 ) (-640 1024 8 ) 
4 57 59 (-768 1024 0 ) (-768 840.597046 0 ) (-768 840.597046 8 ) (-768 1024 8 ) 
4 58 67 (-640 0 8 ) (-768 0 8 ) (-768 0 0 ) (-640 0 0 ) 
4 58 60 (-768 328.596985 0 ) (-768 0 0 ) (-768 0 8 ) (-768 328.596985 8 ) 
4 59 61 (-896 1024 0 ) (-896 840.597046 0 ) (-896 840.597046 8 ) (-896 1024 8 ) 
4 60 67 (-768 0 8 ) (-896 0 8 ) (-896 0 0 ) (-768 0 0 ) 
4 60 62 (-896 328.596985 0 ) (-896 0 0 ) (-896 0 8 ) (-896 328.596985 8 ) 
4 62 77 (-1024 0 0 ) (-1024 0 8 ) (-1024 712.597046 8 ) (-1024 712.597046 0 ) 
4 62 67 (-896 0 8 ) (-1024 0 8 ) (-1024 0 0 ) (-896 0 0 ) 
4 63 64 (0 0 448 ) (0 0 0 ) (0 -384 0 ) (0 -384 448 ) 
4 64 66 (-512 -183.403000 0 ) (-512 -384 0 ) (-512 -384 8 ) (-512 -183.403000 8 ) 
4 64 65 (-512 -384 8 ) (-512 -384 448 ) (-512 0 448 ) (-512 0 8 ) 
4 65 66 (-640 -384 8 ) (-640 -183.403000 8 ) (-512 -183.403000 8 ) (-512 -384 8 ) 
4 65 67 (-640 -384 8 ) (-640 -384 448 ) (-640 0 448 ) (-640 0 8 ) 
4 66 67 (-640 -183.403000 0 ) (-640 -384 0 ) (-640 -384 8 ) (-640 -183.403000 8 ) 
4 67 80 (-1024 -384 448 ) (-1024 0 448 ) (-1024 0 0 ) (-1024 -384 0 ) 
4 68 76 (-1024 1024 256 ) (-1024 1024 448 ) (-2048 1024 448 ) (-2048 1024 256 ) 
4 68 75 (-2048 2048 448 ) (-2048 2048 256 ) (-2048 1024 256 ) (-2048 1024 448 ) 
4 68 73 (-1152 1224.599976 256 ) (-1024 1224.599976 256 ) (-1024 1024 256 ) (-1152 1024 256 ) 
4 68 74 (-2048 1024 256 ) (-2048 1224.599976 256 ) (-1152 1224.599976 256 ) (-1152 1024 256 ) 
4 68 71 (-1024 1664 256 ) (-1024 1224.599976 256 ) (-1472 1224.599976 256 ) (-1472 1664 256 ) 
4 68 72 (-2048 1224.599976 256 ) (-2048 1728 256 ) (-1472 1728 256 ) (-1472 1224.599976 256 ) 
4 68 69 (-1408 2048 256 ) (-1024 2048 256 ) (-1024 1728 256 ) (-1408 1728 256 ) 
4 68 70 (-2048 1728 256 ) (-2048 2048 256 ) (-1472 2048 256 ) (-1472 1728 256 ) 
4 70 75 (-2048 2048 256 ) (-2048 2048 0 ) (-2048 1728 0 ) (-2048 1728 256 ) 
4 70 72 (-2048 1728 0 ) (-1472 1728 0 ) (-1472 1728 256 ) (-2048 1728 256 ) 
4 71 73 (-1024 1224.599976 8 ) (-1024 1224.599976 256 ) (-1152 1224.599976 256 ) (-1152 1224.599976 8 ) 
4 71 74 (-1472 1224.599976 0 ) (-1152 1224.599976 0 ) (-1152 1224.599976 256 ) (-1472 1224.599976 256 ) 
4 71 72 (-1472 1664 0 ) (-1472 1224.599976 0 ) (-1472 1224.599976 256 ) (-1472 1664 256 ) 
4 72 75 (-2048 1728 0 ) (-2048 1224.599976 0 ) (-2048 1224.599976 256 ) (-2048 1728 256 ) 
4 72 74 (-2048 1224.599976 0 ) (-1472 1224.599976 0 ) (-1472 1224.599976 256 ) (-2048 1224.599976 256 ) 
4 73 76 (-1024 1024 8 ) (-1024 1024 256 ) (-1152 1024 256 ) (-1152 1024 8 ) 
4 73 74 (-1152 1224.599976 256 ) (-1152 1224.599976 8 ) (-1152 1024 8 ) (-1152 1024 256 ) 
4 74 78 (-2048 1024 8 ) (-2048 1024 0 ) (-1152 1024 0 ) (-1152 1024 8 ) 
4 74 76 (-1152 1024 256 ) (-2048 1024 256 ) (-2048 1024 8 ) (-1152 1024 8 ) 
4 74 75 (-2048 1224.599976 0 ) (-2048 1024 0 ) (-2048 1024 256 ) (-2048 1224.599976 256 ) 
4 75 79 (-2048 1024 0 ) (-2048 1024 448 ) (-2944 1024 448 ) (-2944 1024 0 ) 
4 76 80 (-1024 0 8 ) (-1024 0 448 ) (-2048 0 448 ) (-2048 0 8 ) 
4 76 79 (-2048 1024 448 ) (-2048 1024 8 ) (-2048 0 8 ) (-2048 0 448 ) 
4 76 77 (-1024 712.597046 8 ) (-1024 0 8 ) (-1152 0 8 ) (-1152 712.597046 8 ) 
4 76 78 (-2048 0 8 ) (-2048 1024 8 ) (-1152 1024 8 ) (-1152 0 8 ) 
4 77 80 (-1024 0 0 ) (-1024 0 8 ) (-1152 0 8 ) (-1152 0 0 ) 
4 77 78 (-1152 712.597046 0 ) (-1152 0 0 ) (-1152 0 8 ) (-1152 712.597046 8 ) 
4 78 80 (-1152 0 8 ) (-2048 0 8 ) (-2048 0 0 ) (-1152 0 0 ) 
4 78 79 (-2048 1024 8 ) (-2048 1024 0 ) (-2048 0 0 ) (-2048 0 8 ) 
4 79 81 (-2048 0 0 ) (-2048 0 448 ) (-2944 0 448 ) (-2944 0 0 ) 
4 80 81 (-2048 0 448 ) (-2048 0 0 ) (-2048 -384 0 ) (-2048 -384 448 ) 
